<?xml version="1.0" encoding="UTF-8"?>
<coverage generated="1546491493570" clover="3.2.0">
  <project timestamp="1546491493570" name="All files">
    <metrics statements="589" coveredstatements="394" conditionals="294" coveredconditionals="163" methods="188" coveredmethods="126" elements="1071" coveredelements="683" complexity="0" loc="589" ncloc="589" packages="23" files="32" classes="32">
      <package name="src">
        <metrics statements="53" coveredstatements="1" conditionals="32" coveredconditionals="0" methods="15" coveredmethods="0"/>
        <file name="index.js" path="/Users/alexanderrau/Desktop/Turing/Mod4/cross-pollination/mentor_match_frontend/src/index.js">
          <metrics statements="14" coveredstatements="0" conditionals="0" coveredconditionals="0" methods="0" coveredmethods="0"/>
          <line num="1" count="0" type="stmt"/>
          <line num="2" count="0" type="stmt"/>
          <line num="3" count="0" type="stmt"/>
          <line num="4" count="0" type="stmt"/>
          <line num="5" count="0" type="stmt"/>
          <line num="6" count="0" type="stmt"/>
          <line num="7" count="0" type="stmt"/>
          <line num="8" count="0" type="stmt"/>
          <line num="9" count="0" type="stmt"/>
          <line num="10" count="0" type="stmt"/>
          <line num="11" count="0" type="stmt"/>
          <line num="13" count="0" type="stmt"/>
          <line num="15" count="0" type="stmt"/>
          <line num="23" count="0" type="stmt"/>
        </file>
        <file name="serviceWorker.js" path="/Users/alexanderrau/Desktop/Turing/Mod4/cross-pollination/mentor_match_frontend/src/serviceWorker.js">
          <metrics statements="38" coveredstatements="0" conditionals="32" coveredconditionals="0" methods="15" coveredmethods="0"/>
          <line num="13" count="0" type="stmt"/>
          <line num="24" count="0" type="cond" truecount="0" falsecount="4"/>
          <line num="26" count="0" type="stmt"/>
          <line num="27" count="0" type="cond" truecount="0" falsecount="2"/>
          <line num="31" count="0" type="stmt"/>
          <line num="34" count="0" type="stmt"/>
          <line num="35" count="0" type="stmt"/>
          <line num="37" count="0" type="cond" truecount="0" falsecount="2"/>
          <line num="39" count="0" type="stmt"/>
          <line num="43" count="0" type="stmt"/>
          <line num="44" count="0" type="stmt"/>
          <line num="51" count="0" type="stmt"/>
          <line num="58" count="0" type="stmt"/>
          <line num="61" count="0" type="stmt"/>
          <line num="62" count="0" type="stmt"/>
          <line num="63" count="0" type="cond" truecount="0" falsecount="2"/>
          <line num="64" count="0" type="stmt"/>
          <line num="66" count="0" type="stmt"/>
          <line num="67" count="0" type="cond" truecount="0" falsecount="2"/>
          <line num="68" count="0" type="cond" truecount="0" falsecount="2"/>
          <line num="72" count="0" type="stmt"/>
          <line num="78" count="0" type="cond" truecount="0" falsecount="4"/>
          <line num="79" count="0" type="stmt"/>
          <line num="85" count="0" type="stmt"/>
          <line num="88" count="0" type="cond" truecount="0" falsecount="4"/>
          <line num="89" count="0" type="stmt"/>
          <line num="97" count="0" type="stmt"/>
          <line num="103" count="0" type="stmt"/>
          <line num="106" count="0" type="stmt"/>
          <line num="107" count="0" type="cond" truecount="0" falsecount="2"/>
          <line num="112" count="0" type="stmt"/>
          <line num="113" count="0" type="stmt"/>
          <line num="114" count="0" type="stmt"/>
          <line num="119" count="0" type="stmt"/>
          <line num="123" count="0" type="stmt"/>
          <line num="130" count="0" type="cond" truecount="0" falsecount="2"/>
          <line num="131" count="0" type="stmt"/>
          <line num="132" count="0" type="stmt"/>
        </file>
        <file name="setupTests.js" path="/Users/alexanderrau/Desktop/Turing/Mod4/cross-pollination/mentor_match_frontend/src/setupTests.js">
          <metrics statements="1" coveredstatements="1" conditionals="0" coveredconditionals="0" methods="0" coveredmethods="0"/>
          <line num="4" count="21" type="stmt"/>
        </file>
      </package>
      <package name="src.actions">
        <metrics statements="10" coveredstatements="10" conditionals="0" coveredconditionals="0" methods="10" coveredmethods="8"/>
        <file name="index.js" path="/Users/alexanderrau/Desktop/Turing/Mod4/cross-pollination/mentor_match_frontend/src/actions/index.js">
          <metrics statements="2" coveredstatements="2" conditionals="0" coveredconditionals="0" methods="2" coveredmethods="2"/>
          <line num="1" count="9" type="stmt"/>
          <line num="6" count="2" type="stmt"/>
        </file>
        <file name="mentor-actions.js" path="/Users/alexanderrau/Desktop/Turing/Mod4/cross-pollination/mentor_match_frontend/src/actions/mentor-actions.js">
          <metrics statements="4" coveredstatements="4" conditionals="0" coveredconditionals="0" methods="4" coveredmethods="4"/>
          <line num="1" count="6" type="stmt"/>
          <line num="6" count="6" type="stmt"/>
          <line num="11" count="6" type="stmt"/>
          <line num="16" count="6" type="stmt"/>
        </file>
        <file name="preferences-actions.js" path="/Users/alexanderrau/Desktop/Turing/Mod4/cross-pollination/mentor_match_frontend/src/actions/preferences-actions.js">
          <metrics statements="1" coveredstatements="1" conditionals="0" coveredconditionals="0" methods="1" coveredmethods="0"/>
          <line num="1" count="7" type="stmt"/>
        </file>
        <file name="search-actions.js" path="/Users/alexanderrau/Desktop/Turing/Mod4/cross-pollination/mentor_match_frontend/src/actions/search-actions.js">
          <metrics statements="3" coveredstatements="3" conditionals="0" coveredconditionals="0" methods="3" coveredmethods="2"/>
          <line num="1" count="5" type="stmt"/>
          <line num="6" count="5" type="stmt"/>
          <line num="11" count="5" type="stmt"/>
        </file>
      </package>
      <package name="src.components.App">
        <metrics statements="6" coveredstatements="5" conditionals="0" coveredconditionals="0" methods="6" coveredmethods="5"/>
        <file name="index.js" path="/Users/alexanderrau/Desktop/Turing/Mod4/cross-pollination/mentor_match_frontend/src/components/App/index.js">
          <metrics statements="6" coveredstatements="5" conditionals="0" coveredconditionals="0" methods="6" coveredmethods="5"/>
          <line num="21" count="3" type="stmt"/>
          <line num="25" count="3" type="stmt"/>
          <line num="32" count="0" type="stmt"/>
          <line num="43" count="1" type="stmt"/>
          <line num="48" count="1" type="stmt"/>
          <line num="49" count="1" type="stmt"/>
        </file>
      </package>
      <package name="src.components.MentorContainer">
        <metrics statements="66" coveredstatements="60" conditionals="34" coveredconditionals="24" methods="20" coveredmethods="18"/>
        <file name="index.js" path="/Users/alexanderrau/Desktop/Turing/Mod4/cross-pollination/mentor_match_frontend/src/components/MentorContainer/index.js">
          <metrics statements="66" coveredstatements="60" conditionals="34" coveredconditionals="24" methods="20" coveredmethods="18"/>
          <line num="11" count="2" type="stmt"/>
          <line num="13" count="2" type="stmt"/>
          <line num="14" count="4" type="stmt"/>
          <line num="15" count="4" type="stmt"/>
          <line num="17" count="10" type="cond" truecount="2" falsecount="0"/>
          <line num="18" count="8" type="stmt"/>
          <line num="20" count="10" type="stmt"/>
          <line num="22" count="4" type="cond" truecount="2" falsecount="0"/>
          <line num="23" count="2" type="stmt"/>
          <line num="25" count="4" type="stmt"/>
          <line num="28" count="2" type="stmt"/>
          <line num="32" count="4" type="stmt"/>
          <line num="35" count="4" type="cond" truecount="2" falsecount="0"/>
          <line num="36" count="2" type="stmt"/>
          <line num="37" count="2" type="cond" truecount="1" falsecount="1"/>
          <line num="38" count="2" type="stmt"/>
          <line num="40" count="4" type="stmt"/>
          <line num="44" count="15" type="stmt"/>
          <line num="45" count="15" type="stmt"/>
          <line num="46" count="15" type="stmt"/>
          <line num="48" count="15" type="stmt"/>
          <line num="50" count="105" type="cond" truecount="2" falsecount="0"/>
          <line num="51" count="15" type="stmt"/>
          <line num="53" count="105" type="stmt"/>
          <line num="56" count="15" type="stmt"/>
          <line num="57" count="3" type="stmt"/>
          <line num="58" count="3" type="cond" truecount="1" falsecount="1"/>
          <line num="59" count="0" type="stmt"/>
          <line num="62" count="15" type="stmt"/>
          <line num="66" count="13" type="cond" truecount="2" falsecount="0"/>
          <line num="67" count="3" type="stmt"/>
          <line num="68" count="10" type="cond" truecount="2" falsecount="0"/>
          <line num="69" count="4" type="stmt"/>
          <line num="71" count="6" type="stmt"/>
          <line num="76" count="5" type="stmt"/>
          <line num="77" count="5" type="stmt"/>
          <line num="78" count="5" type="stmt"/>
          <line num="79" count="10" type="stmt"/>
          <line num="83" count="5" type="cond" truecount="1" falsecount="1"/>
          <line num="85" count="0" type="cond" truecount="0" falsecount="4"/>
          <line num="88" count="0" type="stmt"/>
          <line num="91" count="5" type="cond" truecount="1" falsecount="1"/>
          <line num="93" count="5" type="cond" truecount="2" falsecount="0"/>
          <line num="94" count="1" type="stmt"/>
          <line num="98" count="5" type="stmt"/>
          <line num="102" count="15" type="stmt"/>
          <line num="103" count="2" type="stmt"/>
          <line num="108" count="14" type="stmt"/>
          <line num="111" count="14" type="cond" truecount="1" falsecount="1"/>
          <line num="112" count="14" type="stmt"/>
          <line num="113" count="28" type="stmt"/>
          <line num="115" count="14" type="stmt"/>
          <line num="116" count="0" type="stmt"/>
          <line num="119" count="0" type="stmt"/>
          <line num="120" count="0" type="stmt"/>
          <line num="124" count="14" type="cond" truecount="2" falsecount="0"/>
          <line num="125" count="1" type="stmt"/>
          <line num="126" count="1" type="stmt"/>
          <line num="127" count="1" type="stmt"/>
          <line num="131" count="14" type="cond" truecount="2" falsecount="0"/>
          <line num="132" count="2" type="stmt"/>
          <line num="135" count="14" type="cond" truecount="1" falsecount="1"/>
          <line num="136" count="14" type="stmt"/>
          <line num="139" count="14" type="stmt"/>
          <line num="141" count="14" type="stmt"/>
          <line num="166" count="2" type="stmt"/>
        </file>
      </package>
      <package name="src.components.NewStudentForm">
        <metrics statements="28" coveredstatements="26" conditionals="16" coveredconditionals="13" methods="8" coveredmethods="8"/>
        <file name="index.js" path="/Users/alexanderrau/Desktop/Turing/Mod4/cross-pollination/mentor_match_frontend/src/components/NewStudentForm/index.js">
          <metrics statements="28" coveredstatements="26" conditionals="16" coveredconditionals="13" methods="8" coveredmethods="8"/>
          <line num="7" count="9" type="stmt"/>
          <line num="9" count="9" type="stmt"/>
          <line num="23" count="1" type="stmt"/>
          <line num="24" count="1" type="stmt"/>
          <line num="26" count="1" type="cond" truecount="1" falsecount="1"/>
          <line num="28" count="0" type="stmt"/>
          <line num="31" count="1" type="stmt"/>
          <line num="41" count="3" type="stmt"/>
          <line num="43" count="3" type="cond" truecount="6" falsecount="0"/>
          <line num="44" count="1" type="stmt"/>
          <line num="46" count="2" type="stmt"/>
          <line num="51" count="1" type="stmt"/>
          <line num="53" count="1" type="stmt"/>
          <line num="57" count="1" type="stmt"/>
          <line num="58" count="1" type="stmt"/>
          <line num="60" count="1" type="stmt"/>
          <line num="64" count="2" type="stmt"/>
          <line num="66" count="2" type="cond" truecount="2" falsecount="0"/>
          <line num="67" count="1" type="stmt"/>
          <line num="68" count="1" type="stmt"/>
          <line num="70" count="1" type="cond" truecount="1" falsecount="1"/>
          <line num="71" count="1" type="stmt"/>
          <line num="73" count="1" type="cond" truecount="1" falsecount="1"/>
          <line num="74" count="0" type="stmt"/>
          <line num="76" count="1" type="stmt"/>
          <line num="78" count="1" type="stmt"/>
          <line num="93" count="15" type="stmt"/>
          <line num="95" count="15" type="stmt"/>
        </file>
      </package>
      <package name="src.components.PathError">
        <metrics statements="2" coveredstatements="2" conditionals="0" coveredconditionals="0" methods="1" coveredmethods="1"/>
        <file name="index.js" path="/Users/alexanderrau/Desktop/Turing/Mod4/cross-pollination/mentor_match_frontend/src/components/PathError/index.js">
          <metrics statements="2" coveredstatements="2" conditionals="0" coveredconditionals="0" methods="1" coveredmethods="1"/>
          <line num="6" count="2" type="stmt"/>
          <line num="8" count="1" type="stmt"/>
        </file>
      </package>
      <package name="src.components.SuccessPage">
        <metrics statements="7" coveredstatements="1" conditionals="4" coveredconditionals="0" methods="1" coveredmethods="0"/>
        <file name="index.js" path="/Users/alexanderrau/Desktop/Turing/Mod4/cross-pollination/mentor_match_frontend/src/components/SuccessPage/index.js">
          <metrics statements="7" coveredstatements="1" conditionals="4" coveredconditionals="0" methods="1" coveredmethods="0"/>
          <line num="5" count="2" type="stmt"/>
          <line num="7" count="0" type="stmt"/>
          <line num="10" count="0" type="cond" truecount="0" falsecount="2"/>
          <line num="11" count="0" type="stmt"/>
          <line num="21" count="0" type="cond" truecount="0" falsecount="2"/>
          <line num="22" count="0" type="stmt"/>
          <line num="30" count="0" type="stmt"/>
        </file>
      </package>
      <package name="src.containers.AdminDashboard">
        <metrics statements="93" coveredstatements="68" conditionals="82" coveredconditionals="32" methods="21" coveredmethods="17"/>
        <file name="index.js" path="/Users/alexanderrau/Desktop/Turing/Mod4/cross-pollination/mentor_match_frontend/src/containers/AdminDashboard/index.js">
          <metrics statements="93" coveredstatements="68" conditionals="82" coveredconditionals="32" methods="21" coveredmethods="17"/>
          <line num="13" count="11" type="stmt"/>
          <line num="15" count="11" type="stmt"/>
          <line num="26" count="3" type="stmt"/>
          <line num="28" count="3" type="stmt"/>
          <line num="29" count="6" type="stmt"/>
          <line num="30" count="6" type="stmt"/>
          <line num="32" count="14" type="cond" truecount="2" falsecount="0"/>
          <line num="33" count="10" type="stmt"/>
          <line num="35" count="14" type="stmt"/>
          <line num="37" count="6" type="cond" truecount="2" falsecount="0"/>
          <line num="38" count="2" type="stmt"/>
          <line num="40" count="6" type="stmt"/>
          <line num="43" count="3" type="stmt"/>
          <line num="47" count="0" type="stmt"/>
          <line num="50" count="0" type="cond" truecount="0" falsecount="2"/>
          <line num="51" count="0" type="stmt"/>
          <line num="52" count="0" type="cond" truecount="0" falsecount="2"/>
          <line num="53" count="0" type="stmt"/>
          <line num="55" count="0" type="stmt"/>
          <line num="59" count="11" type="stmt"/>
          <line num="60" count="11" type="stmt"/>
          <line num="61" count="11" type="stmt"/>
          <line num="63" count="11" type="stmt"/>
          <line num="65" count="77" type="cond" truecount="2" falsecount="0"/>
          <line num="66" count="11" type="stmt"/>
          <line num="68" count="77" type="stmt"/>
          <line num="71" count="11" type="stmt"/>
          <line num="72" count="3" type="stmt"/>
          <line num="73" count="3" type="cond" truecount="1" falsecount="1"/>
          <line num="74" count="0" type="stmt"/>
          <line num="77" count="11" type="stmt"/>
          <line num="81" count="6" type="cond" truecount="1" falsecount="1"/>
          <line num="82" count="0" type="stmt"/>
          <line num="83" count="6" type="cond" truecount="1" falsecount="1"/>
          <line num="84" count="0" type="stmt"/>
          <line num="85" count="6" type="cond" truecount="1" falsecount="1"/>
          <line num="86" count="0" type="stmt"/>
          <line num="87" count="6" type="cond" truecount="2" falsecount="0"/>
          <line num="88" count="1" type="stmt"/>
          <line num="89" count="5" type="cond" truecount="2" falsecount="0"/>
          <line num="90" count="2" type="stmt"/>
          <line num="92" count="3" type="stmt"/>
          <line num="97" count="3" type="stmt"/>
          <line num="98" count="3" type="stmt"/>
          <line num="99" count="3" type="stmt"/>
          <line num="100" count="6" type="stmt"/>
          <line num="104" count="3" type="cond" truecount="2" falsecount="2"/>
          <line num="105" count="0" type="stmt"/>
          <line num="106" count="3" type="cond" truecount="1" falsecount="1"/>
          <line num="108" count="0" type="cond" truecount="0" falsecount="8"/>
          <line num="115" count="0" type="stmt"/>
          <line num="118" count="3" type="cond" truecount="1" falsecount="1"/>
          <line num="120" count="0" type="cond" truecount="0" falsecount="7"/>
          <line num="126" count="0" type="stmt"/>
          <line num="129" count="3" type="cond" truecount="1" falsecount="1"/>
          <line num="131" count="0" type="cond" truecount="0" falsecount="6"/>
          <line num="136" count="0" type="stmt"/>
          <line num="139" count="3" type="cond" truecount="1" falsecount="1"/>
          <line num="141" count="0" type="cond" truecount="0" falsecount="5"/>
          <line num="145" count="0" type="stmt"/>
          <line num="148" count="3" type="cond" truecount="1" falsecount="1"/>
          <line num="150" count="0" type="cond" truecount="0" falsecount="4"/>
          <line num="153" count="0" type="stmt"/>
          <line num="156" count="3" type="cond" truecount="1" falsecount="1"/>
          <line num="158" count="3" type="cond" truecount="1" falsecount="1"/>
          <line num="159" count="0" type="stmt"/>
          <line num="163" count="3" type="stmt"/>
          <line num="167" count="11" type="stmt"/>
          <line num="169" count="11" type="cond" truecount="1" falsecount="1"/>
          <line num="170" count="11" type="stmt"/>
          <line num="171" count="11" type="stmt"/>
          <line num="174" count="0" type="stmt"/>
          <line num="179" count="11" type="stmt"/>
          <line num="184" count="11" type="cond" truecount="2" falsecount="0"/>
          <line num="185" count="1" type="stmt"/>
          <line num="188" count="11" type="cond" truecount="2" falsecount="0"/>
          <line num="189" count="10" type="stmt"/>
          <line num="190" count="20" type="stmt"/>
          <line num="192" count="10" type="stmt"/>
          <line num="193" count="0" type="stmt"/>
          <line num="196" count="1" type="stmt"/>
          <line num="197" count="2" type="stmt"/>
          <line num="201" count="11" type="cond" truecount="2" falsecount="0"/>
          <line num="202" count="2" type="stmt"/>
          <line num="203" count="2" type="stmt"/>
          <line num="204" count="1" type="stmt"/>
          <line num="208" count="11" type="cond" truecount="1" falsecount="1"/>
          <line num="209" count="0" type="stmt"/>
          <line num="212" count="11" type="cond" truecount="1" falsecount="1"/>
          <line num="213" count="11" type="stmt"/>
          <line num="216" count="11" type="stmt"/>
          <line num="218" count="11" type="stmt"/>
          <line num="313" count="2" type="stmt"/>
        </file>
      </package>
      <package name="src.containers.AdminMentorCard">
        <metrics statements="16" coveredstatements="15" conditionals="4" coveredconditionals="2" methods="6" coveredmethods="6"/>
        <file name="index.js" path="/Users/alexanderrau/Desktop/Turing/Mod4/cross-pollination/mentor_match_frontend/src/containers/AdminMentorCard/index.js">
          <metrics statements="16" coveredstatements="15" conditionals="4" coveredconditionals="2" methods="6" coveredmethods="6"/>
          <line num="9" count="1" type="stmt"/>
          <line num="11" count="1" type="stmt"/>
          <line num="15" count="3" type="stmt"/>
          <line num="16" count="3" type="stmt"/>
          <line num="17" count="3" type="stmt"/>
          <line num="19" count="3" type="cond" truecount="1" falsecount="1"/>
          <line num="20" count="0" type="stmt"/>
          <line num="22" count="3" type="cond" truecount="1" falsecount="1"/>
          <line num="23" count="3" type="stmt"/>
          <line num="30" count="3" type="stmt"/>
          <line num="32" count="3" type="stmt"/>
          <line num="36" count="3" type="stmt"/>
          <line num="37" count="3" type="stmt"/>
          <line num="39" count="3" type="stmt"/>
          <line num="62" count="3" type="stmt"/>
          <line num="63" count="1" type="stmt"/>
        </file>
      </package>
      <package name="src.containers.AdminMentorModal">
        <metrics statements="48" coveredstatements="46" conditionals="18" coveredconditionals="13" methods="14" coveredmethods="14"/>
        <file name="index.js" path="/Users/alexanderrau/Desktop/Turing/Mod4/cross-pollination/mentor_match_frontend/src/containers/AdminMentorModal/index.js">
          <metrics statements="48" coveredstatements="46" conditionals="18" coveredconditionals="13" methods="14" coveredmethods="14"/>
          <line num="11" count="19" type="stmt"/>
          <line num="13" count="19" type="stmt"/>
          <line num="19" count="8" type="stmt"/>
          <line num="20" count="8" type="stmt"/>
          <line num="22" count="8" type="cond" truecount="2" falsecount="0"/>
          <line num="23" count="4" type="stmt"/>
          <line num="24" count="4" type="stmt"/>
          <line num="25" count="4" type="stmt"/>
          <line num="26" count="4" type="stmt"/>
          <line num="28" count="4" type="cond" truecount="2" falsecount="0"/>
          <line num="29" count="3" type="stmt"/>
          <line num="30" count="3" type="stmt"/>
          <line num="31" count="3" type="stmt"/>
          <line num="32" count="3" type="stmt"/>
          <line num="34" count="1" type="cond" truecount="1" falsecount="1"/>
          <line num="35" count="1" type="stmt"/>
          <line num="36" count="1" type="stmt"/>
          <line num="37" count="1" type="stmt"/>
          <line num="42" count="1" type="stmt"/>
          <line num="43" count="1" type="stmt"/>
          <line num="45" count="1" type="stmt"/>
          <line num="46" count="1" type="stmt"/>
          <line num="50" count="11" type="stmt"/>
          <line num="52" count="11" type="stmt"/>
          <line num="53" count="22" type="stmt"/>
          <line num="62" count="11" type="stmt"/>
          <line num="66" count="44" type="stmt"/>
          <line num="67" count="44" type="stmt"/>
          <line num="81" count="11" type="stmt"/>
          <line num="84" count="11" type="cond" truecount="1" falsecount="1"/>
          <line num="85" count="11" type="stmt"/>
          <line num="86" count="11" type="cond" truecount="1" falsecount="1"/>
          <line num="87" count="0" type="stmt"/>
          <line num="90" count="11" type="stmt"/>
          <line num="98" count="11" type="stmt"/>
          <line num="100" count="11" type="stmt"/>
          <line num="104" count="30" type="stmt"/>
          <line num="106" count="30" type="cond" truecount="4" falsecount="0"/>
          <line num="127" count="11" type="stmt"/>
          <line num="129" count="11" type="stmt"/>
          <line num="223" count="19" type="cond" truecount="2" falsecount="2"/>
          <line num="224" count="0" type="stmt"/>
          <line num="228" count="19" type="stmt"/>
          <line num="235" count="3" type="stmt"/>
          <line num="241" count="3" type="stmt"/>
          <line num="242" count="1" type="stmt"/>
          <line num="243" count="1" type="stmt"/>
          <line num="244" count="1" type="stmt"/>
        </file>
      </package>
      <package name="src.containers.AdminMentorSearch">
        <metrics statements="22" coveredstatements="6" conditionals="12" coveredconditionals="2" methods="9" coveredmethods="2"/>
        <file name="index.js" path="/Users/alexanderrau/Desktop/Turing/Mod4/cross-pollination/mentor_match_frontend/src/containers/AdminMentorSearch/index.js">
          <metrics statements="22" coveredstatements="6" conditionals="12" coveredconditionals="2" methods="9" coveredmethods="2"/>
          <line num="11" count="1" type="stmt"/>
          <line num="13" count="1" type="stmt"/>
          <line num="23" count="0" type="stmt"/>
          <line num="24" count="0" type="stmt"/>
          <line num="26" count="0" type="stmt"/>
          <line num="28" count="0" type="cond" truecount="0" falsecount="2"/>
          <line num="29" count="0" type="stmt"/>
          <line num="30" count="0" type="cond" truecount="0" falsecount="2"/>
          <line num="31" count="0" type="stmt"/>
          <line num="36" count="0" type="stmt"/>
          <line num="38" count="0" type="cond" truecount="0" falsecount="2"/>
          <line num="39" count="0" type="stmt"/>
          <line num="42" count="0" type="cond" truecount="0" falsecount="2"/>
          <line num="43" count="0" type="stmt"/>
          <line num="46" count="0" type="stmt"/>
          <line num="50" count="1" type="stmt"/>
          <line num="52" count="1" type="stmt"/>
          <line num="103" count="3" type="stmt"/>
          <line num="108" count="3" type="stmt"/>
          <line num="109" count="0" type="stmt"/>
          <line num="110" count="0" type="stmt"/>
          <line num="111" count="0" type="stmt"/>
        </file>
      </package>
      <package name="src.containers.AdminPreferences">
        <metrics statements="34" coveredstatements="5" conditionals="2" coveredconditionals="1" methods="11" coveredmethods="2"/>
        <file name="index.js" path="/Users/alexanderrau/Desktop/Turing/Mod4/cross-pollination/mentor_match_frontend/src/containers/AdminPreferences/index.js">
          <metrics statements="34" coveredstatements="5" conditionals="2" coveredconditionals="1" methods="11" coveredmethods="2"/>
          <line num="10" count="1" type="stmt"/>
          <line num="12" count="1" type="stmt"/>
          <line num="24" count="0" type="stmt"/>
          <line num="25" count="0" type="stmt"/>
          <line num="27" count="0" type="stmt"/>
          <line num="28" count="0" type="stmt"/>
          <line num="32" count="0" type="stmt"/>
          <line num="33" count="0" type="stmt"/>
          <line num="35" count="0" type="stmt"/>
          <line num="36" count="0" type="stmt"/>
          <line num="40" count="0" type="stmt"/>
          <line num="41" count="0" type="stmt"/>
          <line num="43" count="0" type="stmt"/>
          <line num="44" count="0" type="stmt"/>
          <line num="48" count="0" type="stmt"/>
          <line num="49" count="0" type="stmt"/>
          <line num="51" count="0" type="stmt"/>
          <line num="52" count="0" type="stmt"/>
          <line num="56" count="0" type="stmt"/>
          <line num="57" count="0" type="stmt"/>
          <line num="59" count="0" type="stmt"/>
          <line num="60" count="0" type="stmt"/>
          <line num="64" count="0" type="stmt"/>
          <line num="65" count="0" type="stmt"/>
          <line num="67" count="0" type="stmt"/>
          <line num="68" count="0" type="stmt"/>
          <line num="71" count="0" type="stmt"/>
          <line num="72" count="0" type="stmt"/>
          <line num="74" count="0" type="stmt"/>
          <line num="75" count="0" type="stmt"/>
          <line num="79" count="1" type="stmt"/>
          <line num="81" count="1" type="stmt"/>
          <line num="144" count="1" type="stmt"/>
          <line num="145" count="0" type="stmt"/>
        </file>
      </package>
      <package name="src.containers.AdminStudentCard">
        <metrics statements="12" coveredstatements="1" conditionals="4" coveredconditionals="0" methods="4" coveredmethods="0"/>
        <file name="index.js" path="/Users/alexanderrau/Desktop/Turing/Mod4/cross-pollination/mentor_match_frontend/src/containers/AdminStudentCard/index.js">
          <metrics statements="12" coveredstatements="1" conditionals="4" coveredconditionals="0" methods="4" coveredmethods="0"/>
          <line num="12" count="0" type="stmt"/>
          <line num="13" count="0" type="stmt"/>
          <line num="16" count="0" type="cond" truecount="0" falsecount="2"/>
          <line num="17" count="0" type="stmt"/>
          <line num="19" count="0" type="cond" truecount="0" falsecount="2"/>
          <line num="20" count="0" type="stmt"/>
          <line num="27" count="0" type="stmt"/>
          <line num="29" count="0" type="stmt"/>
          <line num="33" count="0" type="stmt"/>
          <line num="34" count="0" type="stmt"/>
          <line num="36" count="0" type="stmt"/>
          <line num="53" count="3" type="stmt"/>
        </file>
      </package>
      <package name="src.containers.EditableMentor">
        <metrics statements="36" coveredstatements="11" conditionals="10" coveredconditionals="3" methods="14" coveredmethods="4"/>
        <file name="index.js" path="/Users/alexanderrau/Desktop/Turing/Mod4/cross-pollination/mentor_match_frontend/src/containers/EditableMentor/index.js">
          <metrics statements="36" coveredstatements="11" conditionals="10" coveredconditionals="3" methods="14" coveredmethods="4"/>
          <line num="10" count="1" type="stmt"/>
          <line num="12" count="1" type="stmt"/>
          <line num="60" count="1" type="stmt"/>
          <line num="62" count="1" type="stmt"/>
          <line num="88" count="0" type="stmt"/>
          <line num="89" count="0" type="stmt"/>
          <line num="90" count="0" type="stmt"/>
          <line num="91" count="0" type="stmt"/>
          <line num="92" count="0" type="stmt"/>
          <line num="96" count="0" type="stmt"/>
          <line num="98" count="0" type="stmt"/>
          <line num="102" count="0" type="stmt"/>
          <line num="104" count="0" type="stmt"/>
          <line num="108" count="0" type="stmt"/>
          <line num="109" count="0" type="stmt"/>
          <line num="111" count="0" type="stmt"/>
          <line num="115" count="0" type="stmt"/>
          <line num="117" count="0" type="cond" truecount="0" falsecount="2"/>
          <line num="118" count="0" type="stmt"/>
          <line num="119" count="0" type="stmt"/>
          <line num="121" count="0" type="cond" truecount="0" falsecount="2"/>
          <line num="122" count="0" type="stmt"/>
          <line num="124" count="0" type="cond" truecount="0" falsecount="2"/>
          <line num="125" count="0" type="stmt"/>
          <line num="127" count="0" type="stmt"/>
          <line num="129" count="0" type="stmt"/>
          <line num="134" count="82" type="cond" truecount="1" falsecount="1"/>
          <line num="135" count="82" type="cond" truecount="2" falsecount="0"/>
          <line num="136" count="3" type="stmt"/>
          <line num="138" count="79" type="stmt"/>
          <line num="164" count="2" type="stmt"/>
          <line num="166" count="2" type="stmt"/>
          <line num="677" count="4" type="stmt"/>
          <line num="678" count="0" type="stmt"/>
          <line num="679" count="0" type="stmt"/>
          <line num="680" count="0" type="stmt"/>
        </file>
      </package>
      <package name="src.containers.Login">
        <metrics statements="7" coveredstatements="3" conditionals="0" coveredconditionals="0" methods="4" coveredmethods="2"/>
        <file name="index.js" path="/Users/alexanderrau/Desktop/Turing/Mod4/cross-pollination/mentor_match_frontend/src/containers/Login/index.js">
          <metrics statements="7" coveredstatements="3" conditionals="0" coveredconditionals="0" methods="4" coveredmethods="2"/>
          <line num="6" count="1" type="stmt"/>
          <line num="7" count="1" type="stmt"/>
          <line num="14" count="0" type="stmt"/>
          <line num="16" count="0" type="stmt"/>
          <line num="22" count="0" type="stmt"/>
          <line num="23" count="0" type="stmt"/>
          <line num="27" count="1" type="stmt"/>
        </file>
      </package>
      <package name="src.containers.MentorCard">
        <metrics statements="2" coveredstatements="2" conditionals="0" coveredconditionals="0" methods="1" coveredmethods="1"/>
        <file name="index.js" path="/Users/alexanderrau/Desktop/Turing/Mod4/cross-pollination/mentor_match_frontend/src/containers/MentorCard/index.js">
          <metrics statements="2" coveredstatements="2" conditionals="0" coveredconditionals="0" methods="1" coveredmethods="1"/>
          <line num="11" count="1" type="stmt"/>
          <line num="13" count="1" type="stmt"/>
        </file>
      </package>
      <package name="src.containers.MentorProfile">
        <metrics statements="2" coveredstatements="2" conditionals="0" coveredconditionals="0" methods="2" coveredmethods="2"/>
        <file name="index.js" path="/Users/alexanderrau/Desktop/Turing/Mod4/cross-pollination/mentor_match_frontend/src/containers/MentorProfile/index.js">
          <metrics statements="2" coveredstatements="2" conditionals="0" coveredconditionals="0" methods="2" coveredmethods="2"/>
          <line num="6" count="1" type="stmt"/>
          <line num="10" count="1" type="stmt"/>
        </file>
      </package>
      <package name="src.containers.NewMentorForm">
        <metrics statements="38" coveredstatements="38" conditionals="28" coveredconditionals="27" methods="9" coveredmethods="9"/>
        <file name="index.js" path="/Users/alexanderrau/Desktop/Turing/Mod4/cross-pollination/mentor_match_frontend/src/containers/NewMentorForm/index.js">
          <metrics statements="38" coveredstatements="38" conditionals="28" coveredconditionals="27" methods="9" coveredmethods="9"/>
          <line num="7" count="32" type="stmt"/>
          <line num="9" count="32" type="stmt"/>
          <line num="34" count="4" type="stmt"/>
          <line num="35" count="4" type="stmt"/>
          <line num="36" count="4" type="stmt"/>
          <line num="38" count="4" type="cond" truecount="2" falsecount="0"/>
          <line num="39" count="2" type="cond" truecount="2" falsecount="0"/>
          <line num="40" count="1" type="stmt"/>
          <line num="47" count="2" type="stmt"/>
          <line num="48" count="2" type="stmt"/>
          <line num="50" count="2" type="stmt"/>
          <line num="63" count="3" type="stmt"/>
          <line num="65" count="3" type="cond" truecount="10" falsecount="0"/>
          <line num="73" count="2" type="stmt"/>
          <line num="75" count="1" type="stmt"/>
          <line num="80" count="4" type="stmt"/>
          <line num="82" count="4" type="stmt"/>
          <line num="84" count="4" type="cond" truecount="2" falsecount="0"/>
          <line num="85" count="2" type="stmt"/>
          <line num="86" count="2" type="cond" truecount="2" falsecount="0"/>
          <line num="87" count="1" type="stmt"/>
          <line num="92" count="11" type="stmt"/>
          <line num="94" count="11" type="stmt"/>
          <line num="98" count="30" type="stmt"/>
          <line num="99" count="30" type="stmt"/>
          <line num="101" count="30" type="stmt"/>
          <line num="105" count="30" type="stmt"/>
          <line num="107" count="30" type="cond" truecount="2" falsecount="0"/>
          <line num="108" count="24" type="stmt"/>
          <line num="109" count="24" type="stmt"/>
          <line num="111" count="6" type="cond" truecount="1" falsecount="1"/>
          <line num="112" count="6" type="stmt"/>
          <line num="114" count="12" type="cond" truecount="2" falsecount="0"/>
          <line num="115" count="6" type="stmt"/>
          <line num="117" count="12" type="stmt"/>
          <line num="119" count="6" type="stmt"/>
          <line num="145" count="87" type="stmt"/>
          <line num="147" count="87" type="stmt"/>
        </file>
      </package>
      <package name="src.containers.Preferences">
        <metrics statements="14" coveredstatements="5" conditionals="2" coveredconditionals="1" methods="6" coveredmethods="2"/>
        <file name="index.js" path="/Users/alexanderrau/Desktop/Turing/Mod4/cross-pollination/mentor_match_frontend/src/containers/Preferences/index.js">
          <metrics statements="14" coveredstatements="5" conditionals="2" coveredconditionals="1" methods="6" coveredmethods="2"/>
          <line num="10" count="1" type="stmt"/>
          <line num="12" count="1" type="stmt"/>
          <line num="19" count="0" type="stmt"/>
          <line num="20" count="0" type="stmt"/>
          <line num="22" count="0" type="stmt"/>
          <line num="23" count="0" type="stmt"/>
          <line num="26" count="0" type="stmt"/>
          <line num="27" count="0" type="stmt"/>
          <line num="29" count="0" type="stmt"/>
          <line num="30" count="0" type="stmt"/>
          <line num="34" count="1" type="stmt"/>
          <line num="36" count="1" type="stmt"/>
          <line num="59" count="6" type="stmt"/>
          <line num="60" count="0" type="stmt"/>
        </file>
      </package>
      <package name="src.containers.Search">
        <metrics statements="20" coveredstatements="19" conditionals="14" coveredconditionals="13" methods="9" coveredmethods="8"/>
        <file name="index.js" path="/Users/alexanderrau/Desktop/Turing/Mod4/cross-pollination/mentor_match_frontend/src/containers/Search/index.js">
          <metrics statements="20" coveredstatements="19" conditionals="14" coveredconditionals="13" methods="9" coveredmethods="8"/>
          <line num="11" count="11" type="stmt"/>
          <line num="13" count="11" type="stmt"/>
          <line num="21" count="2" type="stmt"/>
          <line num="22" count="2" type="stmt"/>
          <line num="24" count="2" type="cond" truecount="2" falsecount="0"/>
          <line num="25" count="1" type="stmt"/>
          <line num="26" count="1" type="cond" truecount="1" falsecount="1"/>
          <line num="27" count="1" type="stmt"/>
          <line num="32" count="3" type="stmt"/>
          <line num="33" count="3" type="stmt"/>
          <line num="35" count="3" type="cond" truecount="2" falsecount="0"/>
          <line num="36" count="1" type="stmt"/>
          <line num="41" count="14" type="stmt"/>
          <line num="42" count="14" type="stmt"/>
          <line num="44" count="14" type="stmt"/>
          <line num="102" count="3" type="stmt"/>
          <line num="107" count="3" type="stmt"/>
          <line num="108" count="1" type="stmt"/>
          <line num="109" count="1" type="stmt"/>
          <line num="110" count="0" type="stmt"/>
        </file>
      </package>
      <package name="src.reducers">
        <metrics statements="45" coveredstatements="40" conditionals="30" coveredconditionals="30" methods="10" coveredmethods="10"/>
        <file name="index.js" path="/Users/alexanderrau/Desktop/Turing/Mod4/cross-pollination/mentor_match_frontend/src/reducers/index.js">
          <metrics statements="5" coveredstatements="0" conditionals="0" coveredconditionals="0" methods="0" coveredmethods="0"/>
          <line num="1" count="0" type="stmt"/>
          <line num="2" count="0" type="stmt"/>
          <line num="3" count="0" type="stmt"/>
          <line num="4" count="0" type="stmt"/>
          <line num="6" count="0" type="stmt"/>
        </file>
        <file name="mentors-reducers.js" path="/Users/alexanderrau/Desktop/Turing/Mod4/cross-pollination/mentor_match_frontend/src/reducers/mentors-reducers.js">
          <metrics statements="24" coveredstatements="24" conditionals="18" coveredconditionals="18" methods="6" coveredmethods="6"/>
          <line num="1" count="1" type="cond" truecount="1" falsecount="0"/>
          <line num="2" count="3" type="cond" truecount="3" falsecount="0"/>
          <line num="5" count="1" type="stmt"/>
          <line num="9" count="1" type="stmt"/>
          <line num="10" count="2" type="cond" truecount="2" falsecount="0"/>
          <line num="11" count="1" type="stmt"/>
          <line num="13" count="1" type="stmt"/>
          <line num="18" count="1" type="stmt"/>
          <line num="22" count="1" type="cond" truecount="1" falsecount="0"/>
          <line num="23" count="2" type="cond" truecount="2" falsecount="0"/>
          <line num="26" count="1" type="stmt"/>
          <line num="29" count="1" type="stmt"/>
          <line num="33" count="1" type="cond" truecount="1" falsecount="0"/>
          <line num="34" count="2" type="cond" truecount="2" falsecount="0"/>
          <line num="36" count="1" type="stmt"/>
          <line num="39" count="1" type="stmt"/>
          <line num="43" count="1" type="cond" truecount="1" falsecount="0"/>
          <line num="44" count="2" type="cond" truecount="2" falsecount="0"/>
          <line num="47" count="1" type="stmt"/>
          <line num="50" count="1" type="stmt"/>
          <line num="54" count="1" type="cond" truecount="1" falsecount="0"/>
          <line num="55" count="2" type="cond" truecount="2" falsecount="0"/>
          <line num="58" count="1" type="stmt"/>
          <line num="61" count="1" type="stmt"/>
        </file>
        <file name="preferences-reducers.js" path="/Users/alexanderrau/Desktop/Turing/Mod4/cross-pollination/mentor_match_frontend/src/reducers/preferences-reducers.js">
          <metrics statements="4" coveredstatements="4" conditionals="3" coveredconditionals="3" methods="1" coveredmethods="1"/>
          <line num="1" count="1" type="cond" truecount="1" falsecount="0"/>
          <line num="2" count="2" type="cond" truecount="2" falsecount="0"/>
          <line num="5" count="1" type="stmt"/>
          <line num="8" count="1" type="stmt"/>
        </file>
        <file name="search-reducers.js" path="/Users/alexanderrau/Desktop/Turing/Mod4/cross-pollination/mentor_match_frontend/src/reducers/search-reducers.js">
          <metrics statements="12" coveredstatements="12" conditionals="9" coveredconditionals="9" methods="3" coveredmethods="3"/>
          <line num="1" count="1" type="cond" truecount="1" falsecount="0"/>
          <line num="2" count="2" type="cond" truecount="2" falsecount="0"/>
          <line num="5" count="1" type="stmt"/>
          <line num="8" count="1" type="stmt"/>
          <line num="12" count="1" type="cond" truecount="1" falsecount="0"/>
          <line num="13" count="2" type="cond" truecount="2" falsecount="0"/>
          <line num="16" count="1" type="stmt"/>
          <line num="19" count="1" type="stmt"/>
          <line num="23" count="1" type="cond" truecount="1" falsecount="0"/>
          <line num="24" count="2" type="cond" truecount="2" falsecount="0"/>
          <line num="28" count="1" type="stmt"/>
          <line num="31" count="1" type="stmt"/>
        </file>
      </package>
      <package name="src.thunks">
        <metrics statements="10" coveredstatements="10" conditionals="2" coveredconditionals="2" methods="2" coveredmethods="2"/>
        <file name="fetchMentors.js" path="/Users/alexanderrau/Desktop/Turing/Mod4/cross-pollination/mentor_match_frontend/src/thunks/fetchMentors.js">
          <metrics statements="10" coveredstatements="10" conditionals="2" coveredconditionals="2" methods="2" coveredmethods="2"/>
          <line num="5" count="2" type="stmt"/>
          <line num="7" count="6" type="stmt"/>
          <line num="8" count="5" type="stmt"/>
          <line num="9" count="5" type="stmt"/>
          <line num="10" count="5" type="stmt"/>
          <line num="12" count="3" type="cond" truecount="2" falsecount="0"/>
          <line num="13" count="2" type="stmt"/>
          <line num="14" count="2" type="stmt"/>
          <line num="18" count="1" type="stmt"/>
          <line num="19" count="1" type="stmt"/>
        </file>
      </package>
      <package name="src.utils">
        <metrics statements="18" coveredstatements="18" conditionals="0" coveredconditionals="0" methods="5" coveredmethods="5"/>
        <file name="api.js" path="/Users/alexanderrau/Desktop/Turing/Mod4/cross-pollination/mentor_match_frontend/src/utils/api.js">
          <metrics statements="15" coveredstatements="15" conditionals="0" coveredconditionals="0" methods="3" coveredmethods="3"/>
          <line num="3" count="7" type="stmt"/>
          <line num="4" count="3" type="stmt"/>
          <line num="5" count="3" type="stmt"/>
          <line num="6" count="2" type="stmt"/>
          <line num="7" count="2" type="stmt"/>
          <line num="10" count="7" type="stmt"/>
          <line num="11" count="1" type="stmt"/>
          <line num="12" count="1" type="stmt"/>
          <line num="18" count="1" type="stmt"/>
          <line num="19" count="1" type="stmt"/>
          <line num="22" count="7" type="stmt"/>
          <line num="23" count="1" type="stmt"/>
          <line num="24" count="1" type="stmt"/>
          <line num="29" count="1" type="stmt"/>
          <line num="30" count="1" type="stmt"/>
        </file>
        <file name="helper.js" path="/Users/alexanderrau/Desktop/Turing/Mod4/cross-pollination/mentor_match_frontend/src/utils/helper.js">
          <metrics statements="3" coveredstatements="3" conditionals="0" coveredconditionals="0" methods="2" coveredmethods="2"/>
          <line num="1" count="7" type="stmt"/>
          <line num="2" count="2" type="stmt"/>
          <line num="3" count="4" type="stmt"/>
        </file>
      </package>
    </metrics>
  </project>
</coverage>
