<?xml version="1.0" encoding="UTF-8"?>
<coverage generated="1547435846252" clover="3.2.0">
  <project timestamp="1547435846252" name="All files">
    <metrics statements="653" coveredstatements="525" conditionals="291" coveredconditionals="211" methods="207" coveredmethods="165" elements="1151" coveredelements="901" complexity="0" loc="653" ncloc="653" packages="21" files="31" classes="31">
      <package name="actions">
        <metrics statements="14" coveredstatements="14" conditionals="0" coveredconditionals="0" methods="14" coveredmethods="14"/>
        <file name="index.js" path="/Users/alexanderrau/Desktop/Turing/Mod4/cross-pollination/mentor_match_frontend/src/actions/index.js">
          <metrics statements="2" coveredstatements="2" conditionals="0" coveredconditionals="0" methods="2" coveredmethods="2"/>
          <line num="1" count="28" type="stmt"/>
          <line num="6" count="7" type="stmt"/>
        </file>
        <file name="mentor-actions.js" path="/Users/alexanderrau/Desktop/Turing/Mod4/cross-pollination/mentor_match_frontend/src/actions/mentor-actions.js">
          <metrics statements="5" coveredstatements="5" conditionals="0" coveredconditionals="0" methods="5" coveredmethods="5"/>
          <line num="1" count="7" type="stmt"/>
          <line num="6" count="7" type="stmt"/>
          <line num="11" count="7" type="stmt"/>
          <line num="16" count="7" type="stmt"/>
          <line num="21" count="7" type="stmt"/>
        </file>
        <file name="preferences-actions.js" path="/Users/alexanderrau/Desktop/Turing/Mod4/cross-pollination/mentor_match_frontend/src/actions/preferences-actions.js">
          <metrics statements="1" coveredstatements="1" conditionals="0" coveredconditionals="0" methods="1" coveredmethods="1"/>
          <line num="1" count="8" type="stmt"/>
        </file>
        <file name="search-actions.js" path="/Users/alexanderrau/Desktop/Turing/Mod4/cross-pollination/mentor_match_frontend/src/actions/search-actions.js">
          <metrics statements="3" coveredstatements="3" conditionals="0" coveredconditionals="0" methods="3" coveredmethods="3"/>
          <line num="1" count="6" type="stmt"/>
          <line num="6" count="6" type="stmt"/>
          <line num="11" count="6" type="stmt"/>
        </file>
        <file name="student-actions.js" path="/Users/alexanderrau/Desktop/Turing/Mod4/cross-pollination/mentor_match_frontend/src/actions/student-actions.js">
          <metrics statements="3" coveredstatements="3" conditionals="0" coveredconditionals="0" methods="3" coveredmethods="3"/>
          <line num="1" count="5" type="stmt"/>
          <line num="6" count="5" type="stmt"/>
          <line num="11" count="5" type="stmt"/>
        </file>
      </package>
      <package name="components.App">
        <metrics statements="10" coveredstatements="9" conditionals="0" coveredconditionals="0" methods="8" coveredmethods="7"/>
        <file name="index.js" path="/Users/alexanderrau/Desktop/Turing/Mod4/cross-pollination/mentor_match_frontend/src/components/App/index.js">
          <metrics statements="10" coveredstatements="9" conditionals="0" coveredconditionals="0" methods="8" coveredmethods="7"/>
          <line num="19" count="5" type="stmt"/>
          <line num="20" count="5" type="stmt"/>
          <line num="21" count="5" type="stmt"/>
          <line num="25" count="5" type="stmt"/>
          <line num="31" count="0" type="stmt"/>
          <line num="42" count="1" type="stmt"/>
          <line num="47" count="3" type="stmt"/>
          <line num="48" count="1" type="stmt"/>
          <line num="49" count="1" type="stmt"/>
          <line num="50" count="1" type="stmt"/>
        </file>
      </package>
      <package name="components.MentorContainer">
        <metrics statements="66" coveredstatements="61" conditionals="34" coveredconditionals="25" methods="20" coveredmethods="18"/>
        <file name="index.js" path="/Users/alexanderrau/Desktop/Turing/Mod4/cross-pollination/mentor_match_frontend/src/components/MentorContainer/index.js">
          <metrics statements="66" coveredstatements="61" conditionals="34" coveredconditionals="25" methods="20" coveredmethods="18"/>
          <line num="11" count="2" type="stmt"/>
          <line num="13" count="2" type="stmt"/>
          <line num="14" count="4" type="stmt"/>
          <line num="15" count="4" type="stmt"/>
          <line num="17" count="10" type="cond" truecount="2" falsecount="0"/>
          <line num="18" count="8" type="stmt"/>
          <line num="20" count="10" type="stmt"/>
          <line num="22" count="4" type="cond" truecount="2" falsecount="0"/>
          <line num="23" count="2" type="stmt"/>
          <line num="25" count="4" type="stmt"/>
          <line num="28" count="2" type="stmt"/>
          <line num="32" count="4" type="stmt"/>
          <line num="35" count="4" type="cond" truecount="2" falsecount="0"/>
          <line num="36" count="2" type="stmt"/>
          <line num="37" count="2" type="cond" truecount="1" falsecount="1"/>
          <line num="38" count="2" type="stmt"/>
          <line num="40" count="4" type="stmt"/>
          <line num="44" count="17" type="stmt"/>
          <line num="45" count="17" type="stmt"/>
          <line num="46" count="17" type="stmt"/>
          <line num="48" count="17" type="stmt"/>
          <line num="50" count="119" type="cond" truecount="2" falsecount="0"/>
          <line num="51" count="17" type="stmt"/>
          <line num="53" count="119" type="stmt"/>
          <line num="56" count="17" type="stmt"/>
          <line num="57" count="5" type="stmt"/>
          <line num="58" count="5" type="cond" truecount="2" falsecount="0"/>
          <line num="59" count="3" type="stmt"/>
          <line num="62" count="17" type="stmt"/>
          <line num="66" count="19" type="cond" truecount="2" falsecount="0"/>
          <line num="67" count="4" type="stmt"/>
          <line num="68" count="15" type="cond" truecount="2" falsecount="0"/>
          <line num="69" count="5" type="stmt"/>
          <line num="71" count="10" type="stmt"/>
          <line num="76" count="7" type="stmt"/>
          <line num="77" count="7" type="stmt"/>
          <line num="78" count="7" type="stmt"/>
          <line num="79" count="16" type="stmt"/>
          <line num="83" count="7" type="cond" truecount="1" falsecount="1"/>
          <line num="85" count="0" type="cond" truecount="0" falsecount="4"/>
          <line num="88" count="0" type="stmt"/>
          <line num="91" count="7" type="cond" truecount="1" falsecount="1"/>
          <line num="93" count="7" type="cond" truecount="2" falsecount="0"/>
          <line num="94" count="4" type="stmt"/>
          <line num="98" count="7" type="stmt"/>
          <line num="102" count="16" type="stmt"/>
          <line num="103" count="3" type="stmt"/>
          <line num="108" count="15" type="stmt"/>
          <line num="111" count="15" type="cond" truecount="1" falsecount="1"/>
          <line num="112" count="15" type="stmt"/>
          <line num="113" count="30" type="stmt"/>
          <line num="115" count="15" type="stmt"/>
          <line num="116" count="0" type="stmt"/>
          <line num="119" count="0" type="stmt"/>
          <line num="120" count="0" type="stmt"/>
          <line num="124" count="15" type="cond" truecount="2" falsecount="0"/>
          <line num="125" count="1" type="stmt"/>
          <line num="126" count="1" type="stmt"/>
          <line num="127" count="1" type="stmt"/>
          <line num="131" count="15" type="cond" truecount="2" falsecount="0"/>
          <line num="132" count="2" type="stmt"/>
          <line num="135" count="15" type="cond" truecount="1" falsecount="1"/>
          <line num="136" count="15" type="stmt"/>
          <line num="139" count="15" type="stmt"/>
          <line num="141" count="15" type="stmt"/>
          <line num="166" count="2" type="stmt"/>
        </file>
      </package>
      <package name="components.NewStudentForm">
        <metrics statements="29" coveredstatements="26" conditionals="16" coveredconditionals="13" methods="8" coveredmethods="8"/>
        <file name="index.js" path="/Users/alexanderrau/Desktop/Turing/Mod4/cross-pollination/mentor_match_frontend/src/components/NewStudentForm/index.js">
          <metrics statements="29" coveredstatements="26" conditionals="16" coveredconditionals="13" methods="8" coveredmethods="8"/>
          <line num="7" count="9" type="stmt"/>
          <line num="9" count="9" type="stmt"/>
          <line num="23" count="1" type="stmt"/>
          <line num="24" count="1" type="stmt"/>
          <line num="26" count="1" type="cond" truecount="1" falsecount="1"/>
          <line num="27" count="0" type="stmt"/>
          <line num="28" count="0" type="stmt"/>
          <line num="31" count="1" type="stmt"/>
          <line num="41" count="3" type="stmt"/>
          <line num="43" count="3" type="cond" truecount="6" falsecount="0"/>
          <line num="44" count="1" type="stmt"/>
          <line num="46" count="2" type="stmt"/>
          <line num="51" count="1" type="stmt"/>
          <line num="53" count="1" type="stmt"/>
          <line num="57" count="1" type="stmt"/>
          <line num="58" count="1" type="stmt"/>
          <line num="60" count="1" type="stmt"/>
          <line num="64" count="2" type="stmt"/>
          <line num="66" count="2" type="cond" truecount="2" falsecount="0"/>
          <line num="67" count="1" type="stmt"/>
          <line num="68" count="1" type="stmt"/>
          <line num="70" count="1" type="cond" truecount="1" falsecount="1"/>
          <line num="71" count="1" type="stmt"/>
          <line num="73" count="1" type="cond" truecount="1" falsecount="1"/>
          <line num="74" count="0" type="stmt"/>
          <line num="76" count="1" type="stmt"/>
          <line num="78" count="1" type="stmt"/>
          <line num="93" count="15" type="stmt"/>
          <line num="95" count="15" type="stmt"/>
        </file>
      </package>
      <package name="components.PathError">
        <metrics statements="2" coveredstatements="2" conditionals="0" coveredconditionals="0" methods="1" coveredmethods="1"/>
        <file name="index.js" path="/Users/alexanderrau/Desktop/Turing/Mod4/cross-pollination/mentor_match_frontend/src/components/PathError/index.js">
          <metrics statements="2" coveredstatements="2" conditionals="0" coveredconditionals="0" methods="1" coveredmethods="1"/>
          <line num="6" count="2" type="stmt"/>
          <line num="8" count="1" type="stmt"/>
        </file>
      </package>
      <package name="components.SuccessPage">
        <metrics statements="7" coveredstatements="7" conditionals="4" coveredconditionals="3" methods="1" coveredmethods="1"/>
        <file name="index.js" path="/Users/alexanderrau/Desktop/Turing/Mod4/cross-pollination/mentor_match_frontend/src/components/SuccessPage/index.js">
          <metrics statements="7" coveredstatements="7" conditionals="4" coveredconditionals="3" methods="1" coveredmethods="1"/>
          <line num="5" count="2" type="stmt"/>
          <line num="6" count="3" type="stmt"/>
          <line num="9" count="3" type="cond" truecount="2" falsecount="0"/>
          <line num="10" count="2" type="stmt"/>
          <line num="20" count="1" type="cond" truecount="1" falsecount="1"/>
          <line num="21" count="1" type="stmt"/>
          <line num="34" count="3" type="stmt"/>
        </file>
      </package>
      <package name="containers.AdminDashboard">
        <metrics statements="91" coveredstatements="77" conditionals="84" coveredconditionals="43" methods="20" coveredmethods="18"/>
        <file name="index.js" path="/Users/alexanderrau/Desktop/Turing/Mod4/cross-pollination/mentor_match_frontend/src/containers/AdminDashboard/index.js">
          <metrics statements="91" coveredstatements="77" conditionals="84" coveredconditionals="43" methods="20" coveredmethods="18"/>
          <line num="14" count="3" type="stmt"/>
          <line num="16" count="3" type="stmt"/>
          <line num="17" count="6" type="stmt"/>
          <line num="18" count="6" type="stmt"/>
          <line num="20" count="18" type="cond" truecount="2" falsecount="0"/>
          <line num="21" count="14" type="stmt"/>
          <line num="23" count="18" type="stmt"/>
          <line num="25" count="6" type="cond" truecount="2" falsecount="0"/>
          <line num="26" count="2" type="stmt"/>
          <line num="28" count="6" type="stmt"/>
          <line num="31" count="3" type="stmt"/>
          <line num="35" count="4" type="stmt"/>
          <line num="38" count="4" type="cond" truecount="2" falsecount="0"/>
          <line num="39" count="2" type="stmt"/>
          <line num="40" count="2" type="cond" truecount="1" falsecount="1"/>
          <line num="41" count="2" type="stmt"/>
          <line num="43" count="4" type="stmt"/>
          <line num="47" count="25" type="stmt"/>
          <line num="48" count="25" type="stmt"/>
          <line num="49" count="25" type="stmt"/>
          <line num="50" count="25" type="stmt"/>
          <line num="52" count="175" type="cond" truecount="2" falsecount="0"/>
          <line num="53" count="25" type="stmt"/>
          <line num="55" count="175" type="stmt"/>
          <line num="58" count="25" type="stmt"/>
          <line num="59" count="7" type="stmt"/>
          <line num="61" count="7" type="cond" truecount="2" falsecount="0"/>
          <line num="62" count="3" type="stmt"/>
          <line num="65" count="25" type="stmt"/>
          <line num="69" count="23" type="cond" truecount="2" falsecount="0"/>
          <line num="70" count="4" type="stmt"/>
          <line num="71" count="19" type="cond" truecount="4" falsecount="0"/>
          <line num="72" count="1" type="stmt"/>
          <line num="73" count="18" type="cond" truecount="2" falsecount="0"/>
          <line num="74" count="1" type="stmt"/>
          <line num="75" count="17" type="cond" truecount="2" falsecount="0"/>
          <line num="76" count="4" type="stmt"/>
          <line num="77" count="13" type="cond" truecount="2" falsecount="0"/>
          <line num="78" count="5" type="stmt"/>
          <line num="80" count="8" type="stmt"/>
          <line num="85" count="7" type="stmt"/>
          <line num="86" count="7" type="stmt"/>
          <line num="87" count="7" type="stmt"/>
          <line num="88" count="17" type="stmt"/>
          <line num="92" count="7" type="cond" truecount="2" falsecount="2"/>
          <line num="93" count="0" type="stmt"/>
          <line num="94" count="7" type="cond" truecount="1" falsecount="1"/>
          <line num="96" count="0" type="cond" truecount="0" falsecount="8"/>
          <line num="103" count="0" type="stmt"/>
          <line num="106" count="7" type="cond" truecount="1" falsecount="1"/>
          <line num="108" count="0" type="cond" truecount="0" falsecount="7"/>
          <line num="114" count="0" type="stmt"/>
          <line num="117" count="7" type="cond" truecount="1" falsecount="1"/>
          <line num="119" count="0" type="cond" truecount="0" falsecount="6"/>
          <line num="124" count="0" type="stmt"/>
          <line num="127" count="7" type="cond" truecount="1" falsecount="1"/>
          <line num="129" count="0" type="cond" truecount="0" falsecount="5"/>
          <line num="133" count="0" type="stmt"/>
          <line num="136" count="7" type="cond" truecount="1" falsecount="1"/>
          <line num="138" count="0" type="cond" truecount="0" falsecount="4"/>
          <line num="141" count="0" type="stmt"/>
          <line num="144" count="7" type="cond" truecount="1" falsecount="1"/>
          <line num="146" count="7" type="cond" truecount="2" falsecount="0"/>
          <line num="147" count="3" type="stmt"/>
          <line num="151" count="7" type="stmt"/>
          <line num="155" count="23" type="stmt"/>
          <line num="157" count="23" type="cond" truecount="1" falsecount="1"/>
          <line num="158" count="0" type="stmt"/>
          <line num="159" count="0" type="stmt"/>
          <line num="162" count="23" type="stmt"/>
          <line num="167" count="23" type="stmt"/>
          <line num="172" count="23" type="cond" truecount="2" falsecount="0"/>
          <line num="173" count="1" type="stmt"/>
          <line num="176" count="23" type="cond" truecount="2" falsecount="0"/>
          <line num="177" count="22" type="stmt"/>
          <line num="178" count="44" type="stmt"/>
          <line num="180" count="22" type="stmt"/>
          <line num="181" count="0" type="stmt"/>
          <line num="184" count="1" type="stmt"/>
          <line num="185" count="2" type="stmt"/>
          <line num="189" count="23" type="cond" truecount="2" falsecount="0"/>
          <line num="190" count="2" type="stmt"/>
          <line num="191" count="2" type="stmt"/>
          <line num="192" count="1" type="stmt"/>
          <line num="196" count="23" type="cond" truecount="2" falsecount="0"/>
          <line num="197" count="2" type="stmt"/>
          <line num="200" count="23" type="cond" truecount="1" falsecount="1"/>
          <line num="201" count="23" type="stmt"/>
          <line num="204" count="23" type="stmt"/>
          <line num="206" count="23" type="stmt"/>
          <line num="289" count="2" type="stmt"/>
        </file>
      </package>
      <package name="containers.AdminMentorCard">
        <metrics statements="16" coveredstatements="15" conditionals="4" coveredconditionals="2" methods="6" coveredmethods="6"/>
        <file name="index.js" path="/Users/alexanderrau/Desktop/Turing/Mod4/cross-pollination/mentor_match_frontend/src/containers/AdminMentorCard/index.js">
          <metrics statements="16" coveredstatements="15" conditionals="4" coveredconditionals="2" methods="6" coveredmethods="6"/>
          <line num="9" count="1" type="stmt"/>
          <line num="11" count="1" type="stmt"/>
          <line num="15" count="3" type="stmt"/>
          <line num="16" count="3" type="stmt"/>
          <line num="17" count="3" type="stmt"/>
          <line num="19" count="3" type="cond" truecount="1" falsecount="1"/>
          <line num="20" count="0" type="stmt"/>
          <line num="22" count="3" type="cond" truecount="1" falsecount="1"/>
          <line num="23" count="3" type="stmt"/>
          <line num="30" count="3" type="stmt"/>
          <line num="32" count="3" type="stmt"/>
          <line num="36" count="3" type="stmt"/>
          <line num="37" count="3" type="stmt"/>
          <line num="39" count="3" type="stmt"/>
          <line num="62" count="3" type="stmt"/>
          <line num="63" count="1" type="stmt"/>
        </file>
      </package>
      <package name="containers.AdminMentorModal">
        <metrics statements="98" coveredstatements="59" conditionals="28" coveredconditionals="19" methods="32" coveredmethods="19"/>
        <file name="index.js" path="/Users/alexanderrau/Desktop/Turing/Mod4/cross-pollination/mentor_match_frontend/src/containers/AdminMentorModal/index.js">
          <metrics statements="98" coveredstatements="59" conditionals="28" coveredconditionals="19" methods="32" coveredmethods="19"/>
          <line num="14" count="14" type="stmt"/>
          <line num="16" count="14" type="stmt"/>
          <line num="24" count="14" type="stmt"/>
          <line num="28" count="8" type="stmt"/>
          <line num="29" count="8" type="stmt"/>
          <line num="31" count="8" type="cond" truecount="2" falsecount="0"/>
          <line num="32" count="4" type="stmt"/>
          <line num="33" count="4" type="stmt"/>
          <line num="34" count="4" type="stmt"/>
          <line num="35" count="4" type="stmt"/>
          <line num="37" count="4" type="cond" truecount="2" falsecount="0"/>
          <line num="38" count="3" type="stmt"/>
          <line num="39" count="3" type="stmt"/>
          <line num="40" count="3" type="stmt"/>
          <line num="41" count="3" type="stmt"/>
          <line num="43" count="1" type="cond" truecount="1" falsecount="1"/>
          <line num="44" count="1" type="stmt"/>
          <line num="45" count="1" type="stmt"/>
          <line num="46" count="1" type="stmt"/>
          <line num="51" count="1" type="stmt"/>
          <line num="53" count="1" type="stmt"/>
          <line num="57" count="0" type="stmt"/>
          <line num="58" count="0" type="stmt"/>
          <line num="60" count="0" type="stmt"/>
          <line num="64" count="0" type="stmt"/>
          <line num="65" count="0" type="stmt"/>
          <line num="66" count="0" type="stmt"/>
          <line num="67" count="0" type="stmt"/>
          <line num="68" count="0" type="stmt"/>
          <line num="70" count="0" type="stmt"/>
          <line num="72" count="0" type="stmt"/>
          <line num="73" count="0" type="stmt"/>
          <line num="74" count="0" type="stmt"/>
          <line num="75" count="0" type="stmt"/>
          <line num="76" count="0" type="stmt"/>
          <line num="77" count="0" type="stmt"/>
          <line num="78" count="0" type="stmt"/>
          <line num="79" count="0" type="stmt"/>
          <line num="83" count="36" type="stmt"/>
          <line num="85" count="36" type="stmt"/>
          <line num="86" count="72" type="stmt"/>
          <line num="95" count="36" type="stmt"/>
          <line num="99" count="144" type="stmt"/>
          <line num="100" count="144" type="stmt"/>
          <line num="114" count="36" type="stmt"/>
          <line num="117" count="36" type="cond" truecount="1" falsecount="1"/>
          <line num="118" count="36" type="stmt"/>
          <line num="119" count="36" type="cond" truecount="1" falsecount="1"/>
          <line num="120" count="0" type="stmt"/>
          <line num="123" count="36" type="stmt"/>
          <line num="131" count="36" type="stmt"/>
          <line num="133" count="36" type="stmt"/>
          <line num="137" count="36" type="stmt"/>
          <line num="139" count="72" type="cond" truecount="2" falsecount="2"/>
          <line num="140" count="0" type="stmt"/>
          <line num="142" count="72" type="stmt"/>
          <line num="147" count="14" type="stmt"/>
          <line num="148" count="14" type="stmt"/>
          <line num="149" count="14" type="cond" truecount="1" falsecount="1"/>
          <line num="150" count="14" type="stmt"/>
          <line num="151" count="14" type="stmt"/>
          <line num="152" count="14" type="stmt"/>
          <line num="153" count="0" type="stmt"/>
          <line num="154" count="0" type="cond" truecount="0" falsecount="2"/>
          <line num="155" count="0" type="stmt"/>
          <line num="159" count="14" type="stmt"/>
          <line num="160" count="14" type="stmt"/>
          <line num="161" count="0" type="stmt"/>
          <line num="162" count="0" type="stmt"/>
          <line num="174" count="0" type="stmt"/>
          <line num="182" count="0" type="stmt"/>
          <line num="183" count="0" type="stmt"/>
          <line num="184" count="0" type="stmt"/>
          <line num="185" count="0" type="stmt"/>
          <line num="187" count="0" type="stmt"/>
          <line num="189" count="0" type="stmt"/>
          <line num="190" count="0" type="stmt"/>
          <line num="191" count="0" type="stmt"/>
          <line num="192" count="0" type="stmt"/>
          <line num="193" count="0" type="stmt"/>
          <line num="194" count="0" type="stmt"/>
          <line num="198" count="38" type="stmt"/>
          <line num="200" count="38" type="cond" truecount="4" falsecount="0"/>
          <line num="201" count="36" type="stmt"/>
          <line num="202" count="36" type="stmt"/>
          <line num="203" count="36" type="stmt"/>
          <line num="224" count="36" type="stmt"/>
          <line num="226" count="36" type="stmt"/>
          <line num="342" count="2" type="cond" truecount="3" falsecount="1"/>
          <line num="343" count="2" type="stmt"/>
          <line num="350" count="3" type="stmt"/>
          <line num="358" count="3" type="stmt"/>
          <line num="359" count="1" type="stmt"/>
          <line num="360" count="1" type="stmt"/>
          <line num="361" count="1" type="stmt"/>
          <line num="362" count="0" type="stmt"/>
          <line num="363" count="0" type="stmt"/>
          <line num="364" count="0" type="stmt"/>
        </file>
      </package>
      <package name="containers.AdminMentorSearch">
        <metrics statements="22" coveredstatements="22" conditionals="12" coveredconditionals="10" methods="9" coveredmethods="9"/>
        <file name="index.js" path="/Users/alexanderrau/Desktop/Turing/Mod4/cross-pollination/mentor_match_frontend/src/containers/AdminMentorSearch/index.js">
          <metrics statements="22" coveredstatements="22" conditionals="12" coveredconditionals="10" methods="9" coveredmethods="9"/>
          <line num="9" count="7" type="stmt"/>
          <line num="11" count="7" type="stmt"/>
          <line num="20" count="4" type="stmt"/>
          <line num="21" count="4" type="stmt"/>
          <line num="23" count="4" type="stmt"/>
          <line num="25" count="4" type="cond" truecount="2" falsecount="0"/>
          <line num="26" count="2" type="stmt"/>
          <line num="27" count="2" type="cond" truecount="1" falsecount="1"/>
          <line num="28" count="2" type="stmt"/>
          <line num="33" count="2" type="stmt"/>
          <line num="35" count="2" type="cond" truecount="2" falsecount="0"/>
          <line num="36" count="1" type="stmt"/>
          <line num="39" count="1" type="cond" truecount="1" falsecount="1"/>
          <line num="40" count="1" type="stmt"/>
          <line num="43" count="2" type="stmt"/>
          <line num="47" count="14" type="stmt"/>
          <line num="49" count="14" type="stmt"/>
          <line num="99" count="3" type="stmt"/>
          <line num="104" count="3" type="stmt"/>
          <line num="105" count="1" type="stmt"/>
          <line num="106" count="1" type="stmt"/>
          <line num="107" count="1" type="stmt"/>
        </file>
      </package>
      <package name="containers.AdminPreferences">
        <metrics statements="34" coveredstatements="5" conditionals="2" coveredconditionals="1" methods="11" coveredmethods="2"/>
        <file name="index.js" path="/Users/alexanderrau/Desktop/Turing/Mod4/cross-pollination/mentor_match_frontend/src/containers/AdminPreferences/index.js">
          <metrics statements="34" coveredstatements="5" conditionals="2" coveredconditionals="1" methods="11" coveredmethods="2"/>
          <line num="10" count="1" type="stmt"/>
          <line num="12" count="1" type="stmt"/>
          <line num="24" count="0" type="stmt"/>
          <line num="25" count="0" type="stmt"/>
          <line num="27" count="0" type="stmt"/>
          <line num="28" count="0" type="stmt"/>
          <line num="32" count="0" type="stmt"/>
          <line num="33" count="0" type="stmt"/>
          <line num="35" count="0" type="stmt"/>
          <line num="36" count="0" type="stmt"/>
          <line num="40" count="0" type="stmt"/>
          <line num="41" count="0" type="stmt"/>
          <line num="43" count="0" type="stmt"/>
          <line num="44" count="0" type="stmt"/>
          <line num="48" count="0" type="stmt"/>
          <line num="49" count="0" type="stmt"/>
          <line num="51" count="0" type="stmt"/>
          <line num="52" count="0" type="stmt"/>
          <line num="56" count="0" type="stmt"/>
          <line num="57" count="0" type="stmt"/>
          <line num="59" count="0" type="stmt"/>
          <line num="60" count="0" type="stmt"/>
          <line num="64" count="0" type="stmt"/>
          <line num="65" count="0" type="stmt"/>
          <line num="67" count="0" type="stmt"/>
          <line num="68" count="0" type="stmt"/>
          <line num="71" count="0" type="stmt"/>
          <line num="72" count="0" type="stmt"/>
          <line num="74" count="0" type="stmt"/>
          <line num="75" count="0" type="stmt"/>
          <line num="79" count="1" type="stmt"/>
          <line num="81" count="1" type="stmt"/>
          <line num="144" count="4" type="stmt"/>
          <line num="145" count="0" type="stmt"/>
        </file>
      </package>
      <package name="containers.AdminStudentCard">
        <metrics statements="11" coveredstatements="10" conditionals="4" coveredconditionals="2" methods="3" coveredmethods="3"/>
        <file name="index.js" path="/Users/alexanderrau/Desktop/Turing/Mod4/cross-pollination/mentor_match_frontend/src/containers/AdminStudentCard/index.js">
          <metrics statements="11" coveredstatements="10" conditionals="4" coveredconditionals="2" methods="3" coveredmethods="3"/>
          <line num="7" count="1" type="stmt"/>
          <line num="8" count="1" type="stmt"/>
          <line num="10" count="1" type="cond" truecount="1" falsecount="1"/>
          <line num="11" count="0" type="stmt"/>
          <line num="13" count="1" type="cond" truecount="1" falsecount="1"/>
          <line num="14" count="1" type="stmt"/>
          <line num="21" count="1" type="stmt"/>
          <line num="23" count="1" type="stmt"/>
          <line num="27" count="1" type="stmt"/>
          <line num="28" count="1" type="stmt"/>
          <line num="30" count="1" type="stmt"/>
        </file>
      </package>
      <package name="containers.EditableMentor">
        <metrics statements="36" coveredstatements="11" conditionals="10" coveredconditionals="3" methods="14" coveredmethods="4"/>
        <file name="index.js" path="/Users/alexanderrau/Desktop/Turing/Mod4/cross-pollination/mentor_match_frontend/src/containers/EditableMentor/index.js">
          <metrics statements="36" coveredstatements="11" conditionals="10" coveredconditionals="3" methods="14" coveredmethods="4"/>
          <line num="10" count="1" type="stmt"/>
          <line num="12" count="1" type="stmt"/>
          <line num="60" count="1" type="stmt"/>
          <line num="62" count="1" type="stmt"/>
          <line num="88" count="0" type="stmt"/>
          <line num="89" count="0" type="stmt"/>
          <line num="90" count="0" type="stmt"/>
          <line num="91" count="0" type="stmt"/>
          <line num="92" count="0" type="stmt"/>
          <line num="96" count="0" type="stmt"/>
          <line num="98" count="0" type="stmt"/>
          <line num="102" count="0" type="stmt"/>
          <line num="104" count="0" type="stmt"/>
          <line num="108" count="0" type="stmt"/>
          <line num="109" count="0" type="stmt"/>
          <line num="111" count="0" type="stmt"/>
          <line num="115" count="0" type="stmt"/>
          <line num="117" count="0" type="cond" truecount="0" falsecount="2"/>
          <line num="118" count="0" type="stmt"/>
          <line num="119" count="0" type="stmt"/>
          <line num="121" count="0" type="cond" truecount="0" falsecount="2"/>
          <line num="122" count="0" type="stmt"/>
          <line num="124" count="0" type="cond" truecount="0" falsecount="2"/>
          <line num="125" count="0" type="stmt"/>
          <line num="127" count="0" type="stmt"/>
          <line num="129" count="0" type="stmt"/>
          <line num="134" count="82" type="cond" truecount="1" falsecount="1"/>
          <line num="135" count="82" type="cond" truecount="2" falsecount="0"/>
          <line num="136" count="3" type="stmt"/>
          <line num="138" count="79" type="stmt"/>
          <line num="164" count="2" type="stmt"/>
          <line num="166" count="2" type="stmt"/>
          <line num="677" count="4" type="stmt"/>
          <line num="678" count="0" type="stmt"/>
          <line num="679" count="0" type="stmt"/>
          <line num="680" count="0" type="stmt"/>
        </file>
      </package>
      <package name="containers.MentorCard">
        <metrics statements="2" coveredstatements="2" conditionals="0" coveredconditionals="0" methods="1" coveredmethods="1"/>
        <file name="index.js" path="/Users/alexanderrau/Desktop/Turing/Mod4/cross-pollination/mentor_match_frontend/src/containers/MentorCard/index.js">
          <metrics statements="2" coveredstatements="2" conditionals="0" coveredconditionals="0" methods="1" coveredmethods="1"/>
          <line num="11" count="1" type="stmt"/>
          <line num="13" count="1" type="stmt"/>
        </file>
      </package>
      <package name="containers.MentorProfile">
        <metrics statements="2" coveredstatements="2" conditionals="0" coveredconditionals="0" methods="2" coveredmethods="2"/>
        <file name="index.js" path="/Users/alexanderrau/Desktop/Turing/Mod4/cross-pollination/mentor_match_frontend/src/containers/MentorProfile/index.js">
          <metrics statements="2" coveredstatements="2" conditionals="0" coveredconditionals="0" methods="2" coveredmethods="2"/>
          <line num="6" count="1" type="stmt"/>
          <line num="10" count="1" type="stmt"/>
        </file>
      </package>
      <package name="containers.NewMentorForm">
        <metrics statements="38" coveredstatements="38" conditionals="28" coveredconditionals="27" methods="9" coveredmethods="9"/>
        <file name="index.js" path="/Users/alexanderrau/Desktop/Turing/Mod4/cross-pollination/mentor_match_frontend/src/containers/NewMentorForm/index.js">
          <metrics statements="38" coveredstatements="38" conditionals="28" coveredconditionals="27" methods="9" coveredmethods="9"/>
          <line num="7" count="32" type="stmt"/>
          <line num="9" count="32" type="stmt"/>
          <line num="34" count="4" type="stmt"/>
          <line num="35" count="4" type="stmt"/>
          <line num="36" count="4" type="stmt"/>
          <line num="38" count="4" type="cond" truecount="2" falsecount="0"/>
          <line num="39" count="2" type="cond" truecount="2" falsecount="0"/>
          <line num="40" count="1" type="stmt"/>
          <line num="47" count="2" type="stmt"/>
          <line num="48" count="2" type="stmt"/>
          <line num="50" count="2" type="stmt"/>
          <line num="63" count="3" type="stmt"/>
          <line num="65" count="3" type="cond" truecount="10" falsecount="0"/>
          <line num="73" count="2" type="stmt"/>
          <line num="75" count="1" type="stmt"/>
          <line num="80" count="4" type="stmt"/>
          <line num="82" count="4" type="stmt"/>
          <line num="84" count="4" type="cond" truecount="2" falsecount="0"/>
          <line num="85" count="2" type="stmt"/>
          <line num="86" count="2" type="cond" truecount="2" falsecount="0"/>
          <line num="87" count="1" type="stmt"/>
          <line num="92" count="11" type="stmt"/>
          <line num="94" count="11" type="stmt"/>
          <line num="98" count="30" type="stmt"/>
          <line num="99" count="30" type="stmt"/>
          <line num="101" count="30" type="stmt"/>
          <line num="105" count="30" type="stmt"/>
          <line num="107" count="30" type="cond" truecount="2" falsecount="0"/>
          <line num="108" count="24" type="stmt"/>
          <line num="109" count="24" type="stmt"/>
          <line num="111" count="6" type="cond" truecount="1" falsecount="1"/>
          <line num="112" count="6" type="stmt"/>
          <line num="114" count="12" type="cond" truecount="2" falsecount="0"/>
          <line num="115" count="6" type="stmt"/>
          <line num="117" count="12" type="stmt"/>
          <line num="119" count="6" type="stmt"/>
          <line num="145" count="87" type="stmt"/>
          <line num="147" count="87" type="stmt"/>
        </file>
      </package>
      <package name="containers.Preferences">
        <metrics statements="14" coveredstatements="5" conditionals="2" coveredconditionals="1" methods="6" coveredmethods="2"/>
        <file name="index.js" path="/Users/alexanderrau/Desktop/Turing/Mod4/cross-pollination/mentor_match_frontend/src/containers/Preferences/index.js">
          <metrics statements="14" coveredstatements="5" conditionals="2" coveredconditionals="1" methods="6" coveredmethods="2"/>
          <line num="10" count="1" type="stmt"/>
          <line num="12" count="1" type="stmt"/>
          <line num="19" count="0" type="stmt"/>
          <line num="20" count="0" type="stmt"/>
          <line num="22" count="0" type="stmt"/>
          <line num="23" count="0" type="stmt"/>
          <line num="26" count="0" type="stmt"/>
          <line num="27" count="0" type="stmt"/>
          <line num="29" count="0" type="stmt"/>
          <line num="30" count="0" type="stmt"/>
          <line num="34" count="1" type="stmt"/>
          <line num="36" count="1" type="stmt"/>
          <line num="59" count="4" type="stmt"/>
          <line num="60" count="0" type="stmt"/>
        </file>
      </package>
      <package name="containers.Search">
        <metrics statements="20" coveredstatements="19" conditionals="14" coveredconditionals="13" methods="9" coveredmethods="8"/>
        <file name="index.js" path="/Users/alexanderrau/Desktop/Turing/Mod4/cross-pollination/mentor_match_frontend/src/containers/Search/index.js">
          <metrics statements="20" coveredstatements="19" conditionals="14" coveredconditionals="13" methods="9" coveredmethods="8"/>
          <line num="11" count="11" type="stmt"/>
          <line num="13" count="11" type="stmt"/>
          <line num="23" count="2" type="stmt"/>
          <line num="24" count="2" type="stmt"/>
          <line num="26" count="2" type="stmt"/>
          <line num="28" count="2" type="cond" truecount="2" falsecount="0"/>
          <line num="29" count="1" type="stmt"/>
          <line num="30" count="1" type="cond" truecount="1" falsecount="1"/>
          <line num="31" count="1" type="stmt"/>
          <line num="36" count="3" type="stmt"/>
          <line num="37" count="3" type="stmt"/>
          <line num="39" count="3" type="cond" truecount="2" falsecount="0"/>
          <line num="40" count="1" type="stmt"/>
          <line num="45" count="16" type="stmt"/>
          <line num="47" count="16" type="stmt"/>
          <line num="106" count="3" type="stmt"/>
          <line num="112" count="3" type="stmt"/>
          <line num="113" count="1" type="stmt"/>
          <line num="114" count="1" type="stmt"/>
          <line num="115" count="0" type="stmt"/>
        </file>
      </package>
      <package name="reducers">
        <metrics statements="59" coveredstatements="59" conditionals="43" coveredconditionals="43" methods="14" coveredmethods="14"/>
        <file name="mentors-reducers.js" path="/Users/alexanderrau/Desktop/Turing/Mod4/cross-pollination/mentor_match_frontend/src/reducers/mentors-reducers.js">
          <metrics statements="25" coveredstatements="25" conditionals="19" coveredconditionals="19" methods="6" coveredmethods="6"/>
          <line num="1" count="1" type="cond" truecount="1" falsecount="0"/>
          <line num="2" count="3" type="cond" truecount="3" falsecount="0"/>
          <line num="5" count="1" type="stmt"/>
          <line num="9" count="1" type="stmt"/>
          <line num="10" count="2" type="cond" truecount="2" falsecount="0"/>
          <line num="11" count="1" type="stmt"/>
          <line num="13" count="1" type="stmt"/>
          <line num="18" count="1" type="stmt"/>
          <line num="22" count="1" type="cond" truecount="1" falsecount="0"/>
          <line num="23" count="3" type="cond" truecount="3" falsecount="0"/>
          <line num="26" count="1" type="stmt"/>
          <line num="29" count="1" type="stmt"/>
          <line num="32" count="1" type="stmt"/>
          <line num="36" count="1" type="cond" truecount="1" falsecount="0"/>
          <line num="37" count="2" type="cond" truecount="2" falsecount="0"/>
          <line num="39" count="1" type="stmt"/>
          <line num="42" count="1" type="stmt"/>
          <line num="46" count="1" type="cond" truecount="1" falsecount="0"/>
          <line num="47" count="2" type="cond" truecount="2" falsecount="0"/>
          <line num="50" count="1" type="stmt"/>
          <line num="53" count="1" type="stmt"/>
          <line num="57" count="1" type="cond" truecount="1" falsecount="0"/>
          <line num="58" count="2" type="cond" truecount="2" falsecount="0"/>
          <line num="61" count="1" type="stmt"/>
          <line num="64" count="1" type="stmt"/>
        </file>
        <file name="preferences-reducers.js" path="/Users/alexanderrau/Desktop/Turing/Mod4/cross-pollination/mentor_match_frontend/src/reducers/preferences-reducers.js">
          <metrics statements="4" coveredstatements="4" conditionals="3" coveredconditionals="3" methods="1" coveredmethods="1"/>
          <line num="1" count="1" type="cond" truecount="1" falsecount="0"/>
          <line num="2" count="2" type="cond" truecount="2" falsecount="0"/>
          <line num="5" count="1" type="stmt"/>
          <line num="8" count="1" type="stmt"/>
        </file>
        <file name="search-reducers.js" path="/Users/alexanderrau/Desktop/Turing/Mod4/cross-pollination/mentor_match_frontend/src/reducers/search-reducers.js">
          <metrics statements="12" coveredstatements="12" conditionals="9" coveredconditionals="9" methods="3" coveredmethods="3"/>
          <line num="1" count="1" type="cond" truecount="1" falsecount="0"/>
          <line num="2" count="2" type="cond" truecount="2" falsecount="0"/>
          <line num="5" count="1" type="stmt"/>
          <line num="8" count="1" type="stmt"/>
          <line num="12" count="1" type="cond" truecount="1" falsecount="0"/>
          <line num="13" count="2" type="cond" truecount="2" falsecount="0"/>
          <line num="16" count="1" type="stmt"/>
          <line num="19" count="1" type="stmt"/>
          <line num="23" count="1" type="cond" truecount="1" falsecount="0"/>
          <line num="24" count="2" type="cond" truecount="2" falsecount="0"/>
          <line num="27" count="1" type="stmt"/>
          <line num="30" count="1" type="stmt"/>
        </file>
        <file name="students-reducers.js" path="/Users/alexanderrau/Desktop/Turing/Mod4/cross-pollination/mentor_match_frontend/src/reducers/students-reducers.js">
          <metrics statements="18" coveredstatements="18" conditionals="12" coveredconditionals="12" methods="4" coveredmethods="4"/>
          <line num="1" count="1" type="cond" truecount="1" falsecount="0"/>
          <line num="2" count="4" type="cond" truecount="4" falsecount="0"/>
          <line num="5" count="1" type="stmt"/>
          <line num="9" count="1" type="stmt"/>
          <line num="10" count="2" type="cond" truecount="2" falsecount="0"/>
          <line num="11" count="1" type="stmt"/>
          <line num="13" count="1" type="stmt"/>
          <line num="18" count="1" type="stmt"/>
          <line num="19" count="2" type="cond" truecount="2" falsecount="0"/>
          <line num="20" count="1" type="stmt"/>
          <line num="21" count="1" type="stmt"/>
          <line num="22" count="1" type="stmt"/>
          <line num="24" count="1" type="stmt"/>
          <line num="29" count="1" type="stmt"/>
          <line num="33" count="1" type="cond" truecount="1" falsecount="0"/>
          <line num="34" count="2" type="cond" truecount="2" falsecount="0"/>
          <line num="37" count="1" type="stmt"/>
          <line num="40" count="1" type="stmt"/>
        </file>
      </package>
      <package name="thunks">
        <metrics statements="30" coveredstatements="30" conditionals="6" coveredconditionals="6" methods="6" coveredmethods="6"/>
        <file name="fetchMentors.js" path="/Users/alexanderrau/Desktop/Turing/Mod4/cross-pollination/mentor_match_frontend/src/thunks/fetchMentors.js">
          <metrics statements="10" coveredstatements="10" conditionals="2" coveredconditionals="2" methods="2" coveredmethods="2"/>
          <line num="5" count="2" type="stmt"/>
          <line num="7" count="6" type="stmt"/>
          <line num="8" count="5" type="stmt"/>
          <line num="9" count="5" type="stmt"/>
          <line num="10" count="5" type="stmt"/>
          <line num="12" count="3" type="cond" truecount="2" falsecount="0"/>
          <line num="13" count="2" type="stmt"/>
          <line num="14" count="2" type="stmt"/>
          <line num="18" count="1" type="stmt"/>
          <line num="19" count="1" type="stmt"/>
        </file>
        <file name="fetchRelationships.js" path="/Users/alexanderrau/Desktop/Turing/Mod4/cross-pollination/mentor_match_frontend/src/thunks/fetchRelationships.js">
          <metrics statements="10" coveredstatements="10" conditionals="2" coveredconditionals="2" methods="2" coveredmethods="2"/>
          <line num="5" count="4" type="stmt"/>
          <line num="7" count="6" type="stmt"/>
          <line num="8" count="5" type="stmt"/>
          <line num="9" count="5" type="stmt"/>
          <line num="10" count="5" type="stmt"/>
          <line num="12" count="3" type="cond" truecount="2" falsecount="0"/>
          <line num="13" count="2" type="stmt"/>
          <line num="14" count="2" type="stmt"/>
          <line num="18" count="1" type="stmt"/>
          <line num="19" count="1" type="stmt"/>
        </file>
        <file name="fetchStudents.js" path="/Users/alexanderrau/Desktop/Turing/Mod4/cross-pollination/mentor_match_frontend/src/thunks/fetchStudents.js">
          <metrics statements="10" coveredstatements="10" conditionals="2" coveredconditionals="2" methods="2" coveredmethods="2"/>
          <line num="5" count="2" type="stmt"/>
          <line num="7" count="6" type="stmt"/>
          <line num="8" count="5" type="stmt"/>
          <line num="9" count="5" type="stmt"/>
          <line num="10" count="5" type="stmt"/>
          <line num="12" count="3" type="cond" truecount="2" falsecount="0"/>
          <line num="13" count="2" type="stmt"/>
          <line num="14" count="2" type="stmt"/>
          <line num="18" count="1" type="stmt"/>
          <line num="19" count="1" type="stmt"/>
        </file>
      </package>
      <package name="utils">
        <metrics statements="52" coveredstatements="52" conditionals="0" coveredconditionals="0" methods="13" coveredmethods="13"/>
        <file name="api.js" path="/Users/alexanderrau/Desktop/Turing/Mod4/cross-pollination/mentor_match_frontend/src/utils/api.js">
          <metrics statements="46" coveredstatements="46" conditionals="0" coveredconditionals="0" methods="9" coveredmethods="9"/>
          <line num="3" count="8" type="stmt"/>
          <line num="4" count="3" type="stmt"/>
          <line num="5" count="3" type="stmt"/>
          <line num="6" count="2" type="stmt"/>
          <line num="7" count="2" type="stmt"/>
          <line num="10" count="8" type="stmt"/>
          <line num="11" count="1" type="stmt"/>
          <line num="12" count="1" type="stmt"/>
          <line num="18" count="1" type="stmt"/>
          <line num="19" count="1" type="stmt"/>
          <line num="20" count="1" type="stmt"/>
          <line num="23" count="8" type="stmt"/>
          <line num="24" count="1" type="stmt"/>
          <line num="25" count="1" type="stmt"/>
          <line num="30" count="1" type="stmt"/>
          <line num="31" count="1" type="stmt"/>
          <line num="34" count="8" type="stmt"/>
          <line num="35" count="3" type="stmt"/>
          <line num="36" count="3" type="stmt"/>
          <line num="37" count="2" type="stmt"/>
          <line num="38" count="2" type="stmt"/>
          <line num="41" count="8" type="stmt"/>
          <line num="42" count="1" type="stmt"/>
          <line num="43" count="1" type="stmt"/>
          <line num="49" count="1" type="stmt"/>
          <line num="50" count="1" type="stmt"/>
          <line num="53" count="8" type="stmt"/>
          <line num="54" count="1" type="stmt"/>
          <line num="55" count="1" type="stmt"/>
          <line num="60" count="1" type="stmt"/>
          <line num="61" count="1" type="stmt"/>
          <line num="64" count="8" type="stmt"/>
          <line num="65" count="3" type="stmt"/>
          <line num="66" count="3" type="stmt"/>
          <line num="67" count="2" type="stmt"/>
          <line num="68" count="2" type="stmt"/>
          <line num="71" count="8" type="stmt"/>
          <line num="72" count="1" type="stmt"/>
          <line num="73" count="1" type="stmt"/>
          <line num="82" count="1" type="stmt"/>
          <line num="83" count="1" type="stmt"/>
          <line num="86" count="8" type="stmt"/>
          <line num="87" count="1" type="stmt"/>
          <line num="88" count="1" type="stmt"/>
          <line num="97" count="1" type="stmt"/>
          <line num="98" count="1" type="stmt"/>
        </file>
        <file name="helper.js" path="/Users/alexanderrau/Desktop/Turing/Mod4/cross-pollination/mentor_match_frontend/src/utils/helper.js">
          <metrics statements="6" coveredstatements="6" conditionals="0" coveredconditionals="0" methods="4" coveredmethods="4"/>
          <line num="1" count="8" type="stmt"/>
          <line num="2" count="5" type="stmt"/>
          <line num="3" count="10" type="stmt"/>
          <line num="7" count="8" type="stmt"/>
          <line num="8" count="3" type="stmt"/>
          <line num="9" count="6" type="stmt"/>
        </file>
      </package>
    </metrics>
  </project>
</coverage>
