{"/Users/alexanderrau/Desktop/Turing/Mod4/cross-pollination/mentor_match_frontend/src/index.js": {"path":"/Users/alexanderrau/Desktop/Turing/Mod4/cross-pollination/mentor_match_frontend/src/index.js","statementMap":{"0":{"start":{"line":1,"column":0},"end":{"line":null,"column":-1}},"1":{"start":{"line":2,"column":0},"end":{"line":null,"column":-1}},"2":{"start":{"line":3,"column":0},"end":{"line":null,"column":-1}},"3":{"start":{"line":4,"column":0},"end":{"line":null,"column":-1}},"4":{"start":{"line":5,"column":0},"end":{"line":null,"column":-1}},"5":{"start":{"line":6,"column":0},"end":{"line":null,"column":-1}},"6":{"start":{"line":7,"column":0},"end":{"line":null,"column":-1}},"7":{"start":{"line":8,"column":0},"end":{"line":null,"column":-1}},"8":{"start":{"line":9,"column":0},"end":{"line":null,"column":-1}},"9":{"start":{"line":10,"column":0},"end":{"line":null,"column":-1}},"10":{"start":{"line":11,"column":0},"end":{"line":null,"column":-1}},"11":{"start":{"line":13,"column":14},"end":{"line":13,"column":0}},"12":{"start":{"line":15,"column":0},"end":{"line":null,"column":-1}},"13":{"start":{"line":23,"column":0},"end":{"line":null,"column":-1}}},"fnMap":{},"branchMap":{},"s":{"0":0,"1":0,"2":0,"3":0,"4":0,"5":0,"6":0,"7":0,"8":0,"9":0,"10":0,"11":0,"12":0,"13":0},"f":{},"b":{}}
,"/Users/alexanderrau/Desktop/Turing/Mod4/cross-pollination/mentor_match_frontend/src/serviceWorker.js": {"path":"/Users/alexanderrau/Desktop/Turing/Mod4/cross-pollination/mentor_match_frontend/src/serviceWorker.js","statementMap":{"0":{"start":{"line":13,"column":20},"end":{"line":13,"column":0}},"1":{"start":{"line":24,"column":2},"end":{"line":54,"column":3}},"2":{"start":{"line":26,"column":22},"end":{"line":26,"column":4}},"3":{"start":{"line":27,"column":4},"end":{"line":32,"column":5}},"4":{"start":{"line":31,"column":6},"end":{"line":null,"column":-1}},"5":{"start":{"line":34,"column":4},"end":{"line":null,"column":-1}},"6":{"start":{"line":35,"column":21},"end":{"line":35,"column":6}},"7":{"start":{"line":37,"column":6},"end":{"line":52,"column":7}},"8":{"start":{"line":39,"column":8},"end":{"line":37,"column":23}},"9":{"start":{"line":43,"column":8},"end":{"line":null,"column":-1}},"10":{"start":{"line":44,"column":10},"end":{"line":null,"column":-1}},"11":{"start":{"line":51,"column":8},"end":{"line":null,"column":-1}},"12":{"start":{"line":58,"column":2},"end":{"line":null,"column":-1}},"13":{"start":{"line":61,"column":6},"end":{"line":null,"column":-1}},"14":{"start":{"line":62,"column":33},"end":{"line":62,"column":8}},"15":{"start":{"line":63,"column":8},"end":{"line":65,"column":9}},"16":{"start":{"line":64,"column":10},"end":{"line":null,"column":-1}},"17":{"start":{"line":66,"column":8},"end":{"line":null,"column":-1}},"18":{"start":{"line":67,"column":10},"end":{"line":92,"column":11}},"19":{"start":{"line":68,"column":12},"end":{"line":91,"column":13}},"20":{"start":{"line":72,"column":14},"end":{"line":68,"column":52}},"21":{"start":{"line":78,"column":14},"end":{"line":80,"column":15}},"22":{"start":{"line":79,"column":16},"end":{"line":null,"column":-1}},"23":{"start":{"line":85,"column":14},"end":{"line":81,"column":19}},"24":{"start":{"line":88,"column":14},"end":{"line":90,"column":15}},"25":{"start":{"line":89,"column":16},"end":{"line":null,"column":-1}},"26":{"start":{"line":97,"column":6},"end":{"line":null,"column":-1}},"27":{"start":{"line":103,"column":2},"end":{"line":null,"column":-1}},"28":{"start":{"line":106,"column":26},"end":{"line":106,"column":6}},"29":{"start":{"line":107,"column":6},"end":{"line":120,"column":7}},"30":{"start":{"line":112,"column":8},"end":{"line":null,"column":-1}},"31":{"start":{"line":113,"column":10},"end":{"line":null,"column":-1}},"32":{"start":{"line":114,"column":12},"end":{"line":null,"column":-1}},"33":{"start":{"line":119,"column":8},"end":{"line":null,"column":-1}},"34":{"start":{"line":123,"column":6},"end":{"line":null,"column":-1}},"35":{"start":{"line":130,"column":2},"end":{"line":134,"column":3}},"36":{"start":{"line":131,"column":4},"end":{"line":null,"column":-1}},"37":{"start":{"line":132,"column":6},"end":{"line":null,"column":-1}}},"fnMap":{"0":{"name":"register","decl":{"start":{"line":23,"column":16},"end":{"line":23,"column":7}},"loc":{"start":{"line":23,"column":33},"end":{"line":55,"column":1}}},"1":{"name":"(anonymous_1)","decl":{"start":{"line":34,"column":36},"end":{"line":34,"column":41}},"loc":{"start":{"line":34,"column":42},"end":{"line":34,"column":4}}},"2":{"name":"(anonymous_2)","decl":{"start":{"line":43,"column":43},"end":{"line":43,"column":48}},"loc":{"start":{"line":43,"column":49},"end":{"line":43,"column":8}}},"3":{"name":"registerValidSW","decl":{"start":{"line":57,"column":9},"end":{"line":57,"column":0}},"loc":{"start":{"line":57,"column":40},"end":{"line":99,"column":1}}},"4":{"name":"(anonymous_4)","decl":{"start":{"line":60,"column":10},"end":{"line":60,"column":21}},"loc":{"start":{"line":60,"column":26},"end":{"line":58,"column":2}}},"5":{"name":"(anonymous_5)","decl":{"start":{"line":61,"column":35},"end":{"line":61,"column":40}},"loc":{"start":{"line":61,"column":41},"end":{"line":61,"column":6}}},"6":{"name":"(anonymous_6)","decl":{"start":{"line":66,"column":41},"end":{"line":66,"column":46}},"loc":{"start":{"line":66,"column":47},"end":{"line":66,"column":8}}},"7":{"name":"(anonymous_7)","decl":{"start":{"line":96,"column":11},"end":{"line":96,"column":15}},"loc":{"start":{"line":96,"column":20},"end":{"line":58,"column":2}}},"8":{"name":"checkValidServiceWorker","decl":{"start":{"line":101,"column":9},"end":{"line":101,"column":0}},"loc":{"start":{"line":101,"column":48},"end":{"line":127,"column":1}}},"9":{"name":"(anonymous_9)","decl":{"start":{"line":104,"column":10},"end":{"line":104,"column":17}},"loc":{"start":{"line":104,"column":22},"end":{"line":103,"column":2}}},"10":{"name":"(anonymous_10)","decl":{"start":{"line":112,"column":43},"end":{"line":112,"column":54}},"loc":{"start":{"line":112,"column":59},"end":{"line":112,"column":8}}},"11":{"name":"(anonymous_11)","decl":{"start":{"line":113,"column":41},"end":{"line":113,"column":46}},"loc":{"start":{"line":113,"column":47},"end":{"line":113,"column":10}}},"12":{"name":"(anonymous_12)","decl":{"start":{"line":122,"column":11},"end":{"line":122,"column":16}},"loc":{"start":{"line":122,"column":17},"end":{"line":103,"column":2}}},"13":{"name":"unregister","decl":{"start":{"line":129,"column":16},"end":{"line":129,"column":7}},"loc":{"start":{"line":129,"column":29},"end":{"line":135,"column":1}}},"14":{"name":"(anonymous_14)","decl":{"start":{"line":131,"column":39},"end":{"line":131,"column":50}},"loc":{"start":{"line":131,"column":55},"end":{"line":131,"column":4}}}},"branchMap":{"0":{"loc":{"start":{"line":14,"column":2},"end":{"line":14,"column":1}},"type":"binary-expr","locations":[{"start":{"line":14,"column":2},"end":{"line":14,"column":1}},{"start":{"line":16,"column":4},"end":{"line":14,"column":2}},{"start":{"line":18,"column":4},"end":{"line":13,"column":27}}]},"1":{"loc":{"start":{"line":24,"column":2},"end":{"line":54,"column":3}},"type":"if","locations":[{"start":{"line":24,"column":2},"end":{"line":54,"column":3}},{"start":{"line":24,"column":2},"end":{"line":54,"column":3}}]},"2":{"loc":{"start":{"line":24,"column":6},"end":{"line":24,"column":5}},"type":"binary-expr","locations":[{"start":{"line":24,"column":6},"end":{"line":24,"column":5}},{"start":{"line":24,"column":47},"end":{"line":24,"column":2}}]},"3":{"loc":{"start":{"line":27,"column":4},"end":{"line":32,"column":5}},"type":"if","locations":[{"start":{"line":27,"column":4},"end":{"line":32,"column":5}},{"start":{"line":27,"column":4},"end":{"line":32,"column":5}}]},"4":{"loc":{"start":{"line":37,"column":6},"end":{"line":52,"column":7}},"type":"if","locations":[{"start":{"line":37,"column":6},"end":{"line":52,"column":7}},{"start":{"line":37,"column":6},"end":{"line":52,"column":7}}]},"5":{"loc":{"start":{"line":63,"column":8},"end":{"line":65,"column":9}},"type":"if","locations":[{"start":{"line":63,"column":8},"end":{"line":65,"column":9}},{"start":{"line":63,"column":8},"end":{"line":65,"column":9}}]},"6":{"loc":{"start":{"line":67,"column":10},"end":{"line":92,"column":11}},"type":"if","locations":[{"start":{"line":67,"column":10},"end":{"line":92,"column":11}},{"start":{"line":67,"column":10},"end":{"line":92,"column":11}}]},"7":{"loc":{"start":{"line":68,"column":12},"end":{"line":91,"column":13}},"type":"if","locations":[{"start":{"line":68,"column":12},"end":{"line":91,"column":13}},{"start":{"line":68,"column":12},"end":{"line":91,"column":13}}]},"8":{"loc":{"start":{"line":78,"column":14},"end":{"line":80,"column":15}},"type":"if","locations":[{"start":{"line":78,"column":14},"end":{"line":80,"column":15}},{"start":{"line":78,"column":14},"end":{"line":80,"column":15}}]},"9":{"loc":{"start":{"line":78,"column":18},"end":{"line":78,"column":24}},"type":"binary-expr","locations":[{"start":{"line":78,"column":18},"end":{"line":78,"column":24}},{"start":{"line":78,"column":28},"end":{"line":78,"column":14}}]},"10":{"loc":{"start":{"line":88,"column":14},"end":{"line":90,"column":15}},"type":"if","locations":[{"start":{"line":88,"column":14},"end":{"line":90,"column":15}},{"start":{"line":88,"column":14},"end":{"line":90,"column":15}}]},"11":{"loc":{"start":{"line":88,"column":18},"end":{"line":88,"column":24}},"type":"binary-expr","locations":[{"start":{"line":88,"column":18},"end":{"line":88,"column":24}},{"start":{"line":88,"column":28},"end":{"line":88,"column":14}}]},"12":{"loc":{"start":{"line":107,"column":6},"end":{"line":120,"column":7}},"type":"if","locations":[{"start":{"line":107,"column":6},"end":{"line":120,"column":7}},{"start":{"line":107,"column":6},"end":{"line":120,"column":7}}]},"13":{"loc":{"start":{"line":108,"column":8},"end":{"line":108,"column":7}},"type":"binary-expr","locations":[{"start":{"line":108,"column":8},"end":{"line":108,"column":7}},{"start":{"line":109,"column":9},"end":{"line":109,"column":8}},{"start":{"line":109,"column":32},"end":{"line":107,"column":6}}]},"14":{"loc":{"start":{"line":130,"column":2},"end":{"line":134,"column":3}},"type":"if","locations":[{"start":{"line":130,"column":2},"end":{"line":134,"column":3}},{"start":{"line":130,"column":2},"end":{"line":134,"column":3}}]}},"s":{"0":0,"1":0,"2":0,"3":0,"4":0,"5":0,"6":0,"7":0,"8":0,"9":0,"10":0,"11":0,"12":0,"13":0,"14":0,"15":0,"16":0,"17":0,"18":0,"19":0,"20":0,"21":0,"22":0,"23":0,"24":0,"25":0,"26":0,"27":0,"28":0,"29":0,"30":0,"31":0,"32":0,"33":0,"34":0,"35":0,"36":0,"37":0},"f":{"0":0,"1":0,"2":0,"3":0,"4":0,"5":0,"6":0,"7":0,"8":0,"9":0,"10":0,"11":0,"12":0,"13":0,"14":0},"b":{"0":[0,0,0],"1":[0,0],"2":[0,0],"3":[0,0],"4":[0,0],"5":[0,0],"6":[0,0],"7":[0,0],"8":[0,0],"9":[0,0],"10":[0,0],"11":[0,0],"12":[0,0],"13":[0,0,0],"14":[0,0]}}
,"/Users/alexanderrau/Desktop/Turing/Mod4/cross-pollination/mentor_match_frontend/src/setupTests.js": {"path":"/Users/alexanderrau/Desktop/Turing/Mod4/cross-pollination/mentor_match_frontend/src/setupTests.js","statementMap":{"0":{"start":{"line":4,"column":0},"end":{"line":4,"column":38}}},"fnMap":{},"branchMap":{},"s":{"0":13},"f":{},"b":{},"_coverageSchema":"332fd63041d2c1bcb487cc26dd0d5f7d97098a6c","hash":"a78f4bf345f0b2dfc5fea4cac8d9c3e4e14a6bc5"}
,"/Users/alexanderrau/Desktop/Turing/Mod4/cross-pollination/mentor_match_frontend/src/actions/index.js": {"path":"/Users/alexanderrau/Desktop/Turing/Mod4/cross-pollination/mentor_match_frontend/src/actions/index.js","statementMap":{"0":{"start":{"line":1,"column":25},"end":{"line":4,"column":2}},"1":{"start":{"line":1,"column":36},"end":{"line":4,"column":1}},"2":{"start":{"line":6,"column":26},"end":{"line":9,"column":2}},"3":{"start":{"line":6,"column":37},"end":{"line":9,"column":1}}},"fnMap":{"0":{"name":"(anonymous_0)","decl":{"start":{"line":1,"column":25},"end":{"line":1,"column":26}},"loc":{"start":{"line":1,"column":36},"end":{"line":4,"column":1}},"line":1},"1":{"name":"(anonymous_1)","decl":{"start":{"line":6,"column":26},"end":{"line":6,"column":27}},"loc":{"start":{"line":6,"column":37},"end":{"line":9,"column":1}},"line":6}},"branchMap":{},"s":{"0":2,"1":9,"2":2,"3":2},"f":{"0":9,"1":2},"b":{},"_coverageSchema":"332fd63041d2c1bcb487cc26dd0d5f7d97098a6c","hash":"caccecc8070fc161cb0c45507a71105a7d0e85e1"}
,"/Users/alexanderrau/Desktop/Turing/Mod4/cross-pollination/mentor_match_frontend/src/actions/mentor-actions.js": {"path":"/Users/alexanderrau/Desktop/Turing/Mod4/cross-pollination/mentor_match_frontend/src/actions/mentor-actions.js","statementMap":{"0":{"start":{"line":1,"column":26},"end":{"line":4,"column":2}},"1":{"start":{"line":1,"column":43},"end":{"line":4,"column":1}}},"fnMap":{"0":{"name":"(anonymous_0)","decl":{"start":{"line":1,"column":26},"end":{"line":1,"column":27}},"loc":{"start":{"line":1,"column":43},"end":{"line":4,"column":1}},"line":1}},"branchMap":{},"s":{"0":2,"1":3},"f":{"0":3},"b":{},"_coverageSchema":"332fd63041d2c1bcb487cc26dd0d5f7d97098a6c","hash":"672cd76648a99ea677fae646d12b6151a7d3437e"}
,"/Users/alexanderrau/Desktop/Turing/Mod4/cross-pollination/mentor_match_frontend/src/actions/search-actions.js": {"path":"/Users/alexanderrau/Desktop/Turing/Mod4/cross-pollination/mentor_match_frontend/src/actions/search-actions.js","statementMap":{"0":{"start":{"line":1,"column":25},"end":{"line":4,"column":2}},"1":{"start":{"line":1,"column":38},"end":{"line":4,"column":1}},"2":{"start":{"line":6,"column":25},"end":{"line":9,"column":2}},"3":{"start":{"line":6,"column":42},"end":{"line":9,"column":1}}},"fnMap":{"0":{"name":"(anonymous_0)","decl":{"start":{"line":1,"column":25},"end":{"line":1,"column":26}},"loc":{"start":{"line":1,"column":38},"end":{"line":4,"column":1}},"line":1},"1":{"name":"(anonymous_1)","decl":{"start":{"line":6,"column":25},"end":{"line":6,"column":26}},"loc":{"start":{"line":6,"column":42},"end":{"line":9,"column":1}},"line":6}},"branchMap":{},"s":{"0":6,"1":1,"2":6,"3":1},"f":{"0":1,"1":1},"b":{},"_coverageSchema":"332fd63041d2c1bcb487cc26dd0d5f7d97098a6c","hash":"11eeef5bb3eaf5c3d5eb6e09beba0f9403c0dfc7"}
,"/Users/alexanderrau/Desktop/Turing/Mod4/cross-pollination/mentor_match_frontend/src/components/App/index.js": {"path":"/Users/alexanderrau/Desktop/Turing/Mod4/cross-pollination/mentor_match_frontend/src/components/App/index.js","statementMap":{"0":{"start":{"line":14,"column":4},"end":{"line":14,"column":33}},"1":{"start":{"line":18,"column":4},"end":{"line":27,"column":6}},"2":{"start":{"line":31,"column":31},"end":{"line":33,"column":2}},"3":{"start":{"line":31,"column":43},"end":{"line":33,"column":1}},"4":{"start":{"line":35,"column":34},"end":{"line":37,"column":2}},"5":{"start":{"line":35,"column":49},"end":{"line":37,"column":1}},"6":{"start":{"line":36,"column":25},"end":{"line":36,"column":52}}},"fnMap":{"0":{"name":"(anonymous_0)","decl":{"start":{"line":13,"column":22},"end":{"line":13,"column":23}},"loc":{"start":{"line":13,"column":28},"end":{"line":15,"column":3}},"line":13},"1":{"name":"(anonymous_1)","decl":{"start":{"line":17,"column":2},"end":{"line":17,"column":3}},"loc":{"start":{"line":17,"column":11},"end":{"line":28,"column":3}},"line":17},"2":{"name":"(anonymous_2)","decl":{"start":{"line":31,"column":31},"end":{"line":31,"column":32}},"loc":{"start":{"line":31,"column":43},"end":{"line":33,"column":1}},"line":31},"3":{"name":"(anonymous_3)","decl":{"start":{"line":35,"column":34},"end":{"line":35,"column":35}},"loc":{"start":{"line":35,"column":49},"end":{"line":37,"column":1}},"line":35},"4":{"name":"(anonymous_4)","decl":{"start":{"line":36,"column":19},"end":{"line":36,"column":20}},"loc":{"start":{"line":36,"column":25},"end":{"line":36,"column":52}},"line":36}},"branchMap":{},"s":{"0":0,"1":0,"2":1,"3":0,"4":1,"5":0,"6":0},"f":{"0":0,"1":0,"2":0,"3":0,"4":0},"b":{},"_coverageSchema":"332fd63041d2c1bcb487cc26dd0d5f7d97098a6c","hash":"4c7ebd76eb9eefd23b5746a8c298b5cae65ea3a9"}
,"/Users/alexanderrau/Desktop/Turing/Mod4/cross-pollination/mentor_match_frontend/src/components/MentorContainer/index.js": {"path":"/Users/alexanderrau/Desktop/Turing/Mod4/cross-pollination/mentor_match_frontend/src/components/MentorContainer/index.js","statementMap":{"0":{"start":{"line":7,"column":4},"end":{"line":7,"column":12}},"1":{"start":{"line":11,"column":4},"end":{"line":29,"column":5}}},"fnMap":{"0":{"name":"(anonymous_0)","decl":{"start":{"line":6,"column":2},"end":{"line":6,"column":3}},"loc":{"start":{"line":6,"column":16},"end":{"line":8,"column":3}},"line":6},"1":{"name":"(anonymous_1)","decl":{"start":{"line":10,"column":2},"end":{"line":10,"column":3}},"loc":{"start":{"line":10,"column":11},"end":{"line":30,"column":3}},"line":10}},"branchMap":{},"s":{"0":1,"1":1},"f":{"0":1,"1":1},"b":{},"_coverageSchema":"332fd63041d2c1bcb487cc26dd0d5f7d97098a6c","hash":"3c4c21c8262044b9bc092be797219d933eb48619"}
,"/Users/alexanderrau/Desktop/Turing/Mod4/cross-pollination/mentor_match_frontend/src/containers/AdminDashboard/index.js": {"path":"/Users/alexanderrau/Desktop/Turing/Mod4/cross-pollination/mentor_match_frontend/src/containers/AdminDashboard/index.js","statementMap":{"0":{"start":{"line":10,"column":4},"end":{"line":10,"column":17}},"1":{"start":{"line":15,"column":24},"end":{"line":17,"column":6}},"2":{"start":{"line":16,"column":6},"end":{"line":16,"column":60}},"3":{"start":{"line":18,"column":4},"end":{"line":44,"column":5}},"4":{"start":{"line":48,"column":31},"end":{"line":50,"column":2}},"5":{"start":{"line":48,"column":43},"end":{"line":50,"column":1}}},"fnMap":{"0":{"name":"(anonymous_0)","decl":{"start":{"line":9,"column":2},"end":{"line":9,"column":3}},"loc":{"start":{"line":9,"column":21},"end":{"line":11,"column":3}},"line":9},"1":{"name":"(anonymous_1)","decl":{"start":{"line":13,"column":2},"end":{"line":13,"column":3}},"loc":{"start":{"line":13,"column":11},"end":{"line":45,"column":3}},"line":13},"2":{"name":"(anonymous_2)","decl":{"start":{"line":15,"column":47},"end":{"line":15,"column":48}},"loc":{"start":{"line":15,"column":57},"end":{"line":17,"column":5}},"line":15},"3":{"name":"(anonymous_3)","decl":{"start":{"line":48,"column":31},"end":{"line":48,"column":32}},"loc":{"start":{"line":48,"column":43},"end":{"line":50,"column":1}},"line":48}},"branchMap":{},"s":{"0":1,"1":1,"2":2,"3":1,"4":2,"5":0},"f":{"0":1,"1":1,"2":2,"3":0},"b":{},"_coverageSchema":"332fd63041d2c1bcb487cc26dd0d5f7d97098a6c","hash":"9f35aa3021978c221c53190323417d39c1536b53"}
,"/Users/alexanderrau/Desktop/Turing/Mod4/cross-pollination/mentor_match_frontend/src/containers/AdminMentorCard/index.js": {"path":"/Users/alexanderrau/Desktop/Turing/Mod4/cross-pollination/mentor_match_frontend/src/containers/AdminMentorCard/index.js","statementMap":{"0":{"start":{"line":6,"column":4},"end":{"line":6,"column":16}},"1":{"start":{"line":10,"column":42},"end":{"line":10,"column":59}},"2":{"start":{"line":14,"column":4},"end":{"line":28,"column":7}}},"fnMap":{"0":{"name":"(anonymous_0)","decl":{"start":{"line":5,"column":2},"end":{"line":5,"column":3}},"loc":{"start":{"line":5,"column":21},"end":{"line":7,"column":1}},"line":5},"1":{"name":"(anonymous_1)","decl":{"start":{"line":9,"column":2},"end":{"line":9,"column":3}},"loc":{"start":{"line":9,"column":11},"end":{"line":29,"column":3}},"line":9}},"branchMap":{},"s":{"0":1,"1":1,"2":1},"f":{"0":1,"1":1},"b":{},"_coverageSchema":"332fd63041d2c1bcb487cc26dd0d5f7d97098a6c","hash":"d2dc25ad366a45e492597c63dafa616f5a7fe2e1"}
,"/Users/alexanderrau/Desktop/Turing/Mod4/cross-pollination/mentor_match_frontend/src/containers/AdminMentorSearch/index.js": {"path":"/Users/alexanderrau/Desktop/Turing/Mod4/cross-pollination/mentor_match_frontend/src/containers/AdminMentorSearch/index.js","statementMap":{"0":{"start":{"line":11,"column":4},"end":{"line":11,"column":12}},"1":{"start":{"line":13,"column":4},"end":{"line":19,"column":5}},"2":{"start":{"line":23,"column":28},"end":{"line":23,"column":40}},"3":{"start":{"line":24,"column":37},"end":{"line":24,"column":47}},"4":{"start":{"line":26,"column":4},"end":{"line":26,"column":36}},"5":{"start":{"line":28,"column":4},"end":{"line":32,"column":5}},"6":{"start":{"line":29,"column":6},"end":{"line":29,"column":22}},"7":{"start":{"line":30,"column":11},"end":{"line":32,"column":5}},"8":{"start":{"line":31,"column":6},"end":{"line":31,"column":22}},"9":{"start":{"line":36,"column":21},"end":{"line":36,"column":33}},"10":{"start":{"line":38,"column":4},"end":{"line":42,"column":5}},"11":{"start":{"line":39,"column":6},"end":{"line":41,"column":8}},"12":{"start":{"line":44,"column":4},"end":{"line":44,"column":48}},"13":{"start":{"line":48,"column":89},"end":{"line":48,"column":99}},"14":{"start":{"line":50,"column":4},"end":{"line":97,"column":5}},"15":{"start":{"line":101,"column":31},"end":{"line":103,"column":2}},"16":{"start":{"line":101,"column":43},"end":{"line":103,"column":1}},"17":{"start":{"line":105,"column":34},"end":{"line":108,"column":2}},"18":{"start":{"line":105,"column":49},"end":{"line":108,"column":1}},"19":{"start":{"line":106,"column":25},"end":{"line":106,"column":52}},"20":{"start":{"line":107,"column":29},"end":{"line":107,"column":60}}},"fnMap":{"0":{"name":"(anonymous_0)","decl":{"start":{"line":10,"column":2},"end":{"line":10,"column":3}},"loc":{"start":{"line":10,"column":16},"end":{"line":20,"column":3}},"line":10},"1":{"name":"(anonymous_1)","decl":{"start":{"line":22,"column":17},"end":{"line":22,"column":18}},"loc":{"start":{"line":22,"column":28},"end":{"line":33,"column":3}},"line":22},"2":{"name":"(anonymous_2)","decl":{"start":{"line":35,"column":18},"end":{"line":35,"column":19}},"loc":{"start":{"line":35,"column":29},"end":{"line":45,"column":3}},"line":35},"3":{"name":"(anonymous_3)","decl":{"start":{"line":47,"column":2},"end":{"line":47,"column":3}},"loc":{"start":{"line":47,"column":11},"end":{"line":98,"column":3}},"line":47},"4":{"name":"(anonymous_4)","decl":{"start":{"line":101,"column":31},"end":{"line":101,"column":32}},"loc":{"start":{"line":101,"column":43},"end":{"line":103,"column":1}},"line":101},"5":{"name":"(anonymous_5)","decl":{"start":{"line":105,"column":34},"end":{"line":105,"column":35}},"loc":{"start":{"line":105,"column":49},"end":{"line":108,"column":1}},"line":105},"6":{"name":"(anonymous_6)","decl":{"start":{"line":106,"column":15},"end":{"line":106,"column":16}},"loc":{"start":{"line":106,"column":25},"end":{"line":106,"column":52}},"line":106},"7":{"name":"(anonymous_7)","decl":{"start":{"line":107,"column":15},"end":{"line":107,"column":16}},"loc":{"start":{"line":107,"column":29},"end":{"line":107,"column":60}},"line":107}},"branchMap":{"0":{"loc":{"start":{"line":28,"column":4},"end":{"line":32,"column":5}},"type":"if","locations":[{"start":{"line":28,"column":4},"end":{"line":32,"column":5}},{"start":{"line":28,"column":4},"end":{"line":32,"column":5}}],"line":28},"1":{"loc":{"start":{"line":30,"column":11},"end":{"line":32,"column":5}},"type":"if","locations":[{"start":{"line":30,"column":11},"end":{"line":32,"column":5}},{"start":{"line":30,"column":11},"end":{"line":32,"column":5}}],"line":30},"2":{"loc":{"start":{"line":38,"column":4},"end":{"line":42,"column":5}},"type":"if","locations":[{"start":{"line":38,"column":4},"end":{"line":42,"column":5}},{"start":{"line":38,"column":4},"end":{"line":42,"column":5}}],"line":38},"3":{"loc":{"start":{"line":80,"column":25},"end":{"line":80,"column":89}},"type":"cond-expr","locations":[{"start":{"line":80,"column":47},"end":{"line":80,"column":63}},{"start":{"line":80,"column":66},"end":{"line":80,"column":89}}],"line":80},"4":{"loc":{"start":{"line":87,"column":25},"end":{"line":87,"column":88}},"type":"cond-expr","locations":[{"start":{"line":87,"column":46},"end":{"line":87,"column":62}},{"start":{"line":87,"column":65},"end":{"line":87,"column":88}}],"line":87}},"s":{"0":1,"1":1,"2":0,"3":0,"4":0,"5":0,"6":0,"7":0,"8":0,"9":0,"10":0,"11":0,"12":0,"13":1,"14":1,"15":3,"16":0,"17":3,"18":0,"19":0,"20":0},"f":{"0":1,"1":0,"2":0,"3":1,"4":0,"5":0,"6":0,"7":0},"b":{"0":[0,0],"1":[0,0],"2":[0,0],"3":[1,0],"4":[1,0]},"_coverageSchema":"332fd63041d2c1bcb487cc26dd0d5f7d97098a6c","hash":"2dfeb5b2d2d22179aab55d8e29fbfd294eccd6fa"}
,"/Users/alexanderrau/Desktop/Turing/Mod4/cross-pollination/mentor_match_frontend/src/containers/Login/index.js": {"path":"/Users/alexanderrau/Desktop/Turing/Mod4/cross-pollination/mentor_match_frontend/src/containers/Login/index.js","statementMap":{"0":{"start":{"line":6,"column":4},"end":{"line":6,"column":11}},"1":{"start":{"line":7,"column":4},"end":{"line":10,"column":5}},"2":{"start":{"line":14,"column":26},"end":{"line":14,"column":38}},"3":{"start":{"line":16,"column":4},"end":{"line":18,"column":6}},"4":{"start":{"line":22,"column":4},"end":{"line":22,"column":26}},"5":{"start":{"line":23,"column":4},"end":{"line":23,"column":25}},"6":{"start":{"line":27,"column":4},"end":{"line":36,"column":7}}},"fnMap":{"0":{"name":"(anonymous_0)","decl":{"start":{"line":5,"column":2},"end":{"line":5,"column":3}},"loc":{"start":{"line":5,"column":16},"end":{"line":11,"column":3}},"line":5},"1":{"name":"(anonymous_1)","decl":{"start":{"line":13,"column":17},"end":{"line":13,"column":18}},"loc":{"start":{"line":13,"column":28},"end":{"line":19,"column":3}},"line":13},"2":{"name":"(anonymous_2)","decl":{"start":{"line":21,"column":17},"end":{"line":21,"column":18}},"loc":{"start":{"line":21,"column":28},"end":{"line":24,"column":3}},"line":21},"3":{"name":"(anonymous_3)","decl":{"start":{"line":26,"column":2},"end":{"line":26,"column":3}},"loc":{"start":{"line":26,"column":11},"end":{"line":37,"column":3}},"line":26}},"branchMap":{},"s":{"0":1,"1":1,"2":0,"3":0,"4":0,"5":0,"6":1},"f":{"0":1,"1":0,"2":0,"3":1},"b":{},"_coverageSchema":"332fd63041d2c1bcb487cc26dd0d5f7d97098a6c","hash":"e28771719aa3886b6d5df426be6bc1f2a7b0557d"}
,"/Users/alexanderrau/Desktop/Turing/Mod4/cross-pollination/mentor_match_frontend/src/containers/MentorCard/index.js": {"path":"/Users/alexanderrau/Desktop/Turing/Mod4/cross-pollination/mentor_match_frontend/src/containers/MentorCard/index.js","statementMap":{"0":{"start":{"line":6,"column":4},"end":{"line":6,"column":11}},"1":{"start":{"line":10,"column":4},"end":{"line":12,"column":7}}},"fnMap":{"0":{"name":"(anonymous_0)","decl":{"start":{"line":5,"column":2},"end":{"line":5,"column":3}},"loc":{"start":{"line":5,"column":16},"end":{"line":7,"column":3}},"line":5},"1":{"name":"(anonymous_1)","decl":{"start":{"line":9,"column":2},"end":{"line":9,"column":3}},"loc":{"start":{"line":9,"column":11},"end":{"line":13,"column":3}},"line":9}},"branchMap":{},"s":{"0":1,"1":1},"f":{"0":1,"1":1},"b":{},"_coverageSchema":"332fd63041d2c1bcb487cc26dd0d5f7d97098a6c","hash":"ce07e06950a8f8f1b5c2ab796648243b32ea6088"}
,"/Users/alexanderrau/Desktop/Turing/Mod4/cross-pollination/mentor_match_frontend/src/containers/MentorProfile/index.js": {"path":"/Users/alexanderrau/Desktop/Turing/Mod4/cross-pollination/mentor_match_frontend/src/containers/MentorProfile/index.js","statementMap":{"0":{"start":{"line":6,"column":4},"end":{"line":6,"column":11}},"1":{"start":{"line":10,"column":4},"end":{"line":12,"column":7}}},"fnMap":{"0":{"name":"(anonymous_0)","decl":{"start":{"line":5,"column":2},"end":{"line":5,"column":3}},"loc":{"start":{"line":5,"column":16},"end":{"line":7,"column":3}},"line":5},"1":{"name":"(anonymous_1)","decl":{"start":{"line":9,"column":2},"end":{"line":9,"column":3}},"loc":{"start":{"line":9,"column":11},"end":{"line":13,"column":3}},"line":9}},"branchMap":{},"s":{"0":1,"1":1},"f":{"0":1,"1":1},"b":{},"_coverageSchema":"332fd63041d2c1bcb487cc26dd0d5f7d97098a6c","hash":"248a080459bc5a07308b7b51379ea1d1a9162b25"}
,"/Users/alexanderrau/Desktop/Turing/Mod4/cross-pollination/mentor_match_frontend/src/containers/NewMentorForm/index.js": {"path":"/Users/alexanderrau/Desktop/Turing/Mod4/cross-pollination/mentor_match_frontend/src/containers/NewMentorForm/index.js","statementMap":{"0":{"start":{"line":6,"column":4},"end":{"line":6,"column":11}},"1":{"start":{"line":8,"column":4},"end":{"line":28,"column":5}},"2":{"start":{"line":32,"column":33},"end":{"line":32,"column":45}},"3":{"start":{"line":33,"column":4},"end":{"line":33,"column":41}},"4":{"start":{"line":37,"column":28},"end":{"line":37,"column":40}},"5":{"start":{"line":39,"column":4},"end":{"line":39,"column":37}},"6":{"start":{"line":43,"column":24},"end":{"line":43,"column":57}},"7":{"start":{"line":44,"column":21},"end":{"line":44,"column":70}},"8":{"start":{"line":46,"column":4},"end":{"line":46,"column":47}},"9":{"start":{"line":50,"column":18},"end":{"line":50,"column":38}},"10":{"start":{"line":52,"column":4},"end":{"line":63,"column":5}},"11":{"start":{"line":53,"column":6},"end":{"line":53,"column":29}},"12":{"start":{"line":54,"column":6},"end":{"line":54,"column":43}},"13":{"start":{"line":56,"column":11},"end":{"line":63,"column":5}},"14":{"start":{"line":57,"column":23},"end":{"line":61,"column":8}},"15":{"start":{"line":58,"column":8},"end":{"line":60,"column":9}},"16":{"start":{"line":59,"column":10},"end":{"line":59,"column":22}},"17":{"start":{"line":62,"column":6},"end":{"line":62,"column":46}},"18":{"start":{"line":87,"column":8},"end":{"line":87,"column":18}},"19":{"start":{"line":89,"column":4},"end":{"line":512,"column":5}}},"fnMap":{"0":{"name":"(anonymous_0)","decl":{"start":{"line":5,"column":2},"end":{"line":5,"column":3}},"loc":{"start":{"line":5,"column":16},"end":{"line":29,"column":3}},"line":5},"1":{"name":"(anonymous_1)","decl":{"start":{"line":31,"column":22},"end":{"line":31,"column":23}},"loc":{"start":{"line":31,"column":33},"end":{"line":34,"column":3}},"line":31},"2":{"name":"(anonymous_2)","decl":{"start":{"line":36,"column":17},"end":{"line":36,"column":18}},"loc":{"start":{"line":36,"column":28},"end":{"line":40,"column":3}},"line":36},"3":{"name":"(anonymous_3)","decl":{"start":{"line":42,"column":16},"end":{"line":42,"column":17}},"loc":{"start":{"line":42,"column":27},"end":{"line":47,"column":3}},"line":42},"4":{"name":"(anonymous_4)","decl":{"start":{"line":49,"column":20},"end":{"line":49,"column":21}},"loc":{"start":{"line":49,"column":47},"end":{"line":64,"column":3}},"line":49},"5":{"name":"(anonymous_5)","decl":{"start":{"line":57,"column":36},"end":{"line":57,"column":37}},"loc":{"start":{"line":57,"column":44},"end":{"line":61,"column":7}},"line":57},"6":{"name":"(anonymous_6)","decl":{"start":{"line":66,"column":2},"end":{"line":66,"column":3}},"loc":{"start":{"line":66,"column":11},"end":{"line":513,"column":3}},"line":66}},"branchMap":{"0":{"loc":{"start":{"line":52,"column":4},"end":{"line":63,"column":5}},"type":"if","locations":[{"start":{"line":52,"column":4},"end":{"line":63,"column":5}},{"start":{"line":52,"column":4},"end":{"line":63,"column":5}}],"line":52},"1":{"loc":{"start":{"line":56,"column":11},"end":{"line":63,"column":5}},"type":"if","locations":[{"start":{"line":56,"column":11},"end":{"line":63,"column":5}},{"start":{"line":56,"column":11},"end":{"line":63,"column":5}}],"line":56},"2":{"loc":{"start":{"line":58,"column":8},"end":{"line":60,"column":9}},"type":"if","locations":[{"start":{"line":58,"column":8},"end":{"line":60,"column":9}},{"start":{"line":58,"column":8},"end":{"line":60,"column":9}}],"line":58}},"s":{"0":26,"1":26,"2":2,"3":2,"4":11,"5":11,"6":30,"7":30,"8":30,"9":30,"10":30,"11":24,"12":24,"13":6,"14":6,"15":12,"16":6,"17":6,"18":69,"19":69},"f":{"0":26,"1":2,"2":11,"3":30,"4":30,"5":12,"6":69},"b":{"0":[24,6],"1":[6,0],"2":[6,6]},"_coverageSchema":"332fd63041d2c1bcb487cc26dd0d5f7d97098a6c","hash":"f42306b79a6cf2a5aad03824dd9d260ff33e8d73"}
,"/Users/alexanderrau/Desktop/Turing/Mod4/cross-pollination/mentor_match_frontend/src/containers/Preferences/index.js": {"path":"/Users/alexanderrau/Desktop/Turing/Mod4/cross-pollination/mentor_match_frontend/src/containers/Preferences/index.js","statementMap":{"0":{"start":{"line":8,"column":4},"end":{"line":8,"column":17}},"1":{"start":{"line":10,"column":4},"end":{"line":15,"column":5}},"2":{"start":{"line":19,"column":32},"end":{"line":19,"column":42}},"3":{"start":{"line":21,"column":4},"end":{"line":21,"column":56}},"4":{"start":{"line":25,"column":31},"end":{"line":25,"column":41}},"5":{"start":{"line":27,"column":4},"end":{"line":27,"column":54}},"6":{"start":{"line":31,"column":33},"end":{"line":31,"column":43}},"7":{"start":{"line":33,"column":4},"end":{"line":33,"column":58}},"8":{"start":{"line":36,"column":32},"end":{"line":36,"column":42}},"9":{"start":{"line":38,"column":4},"end":{"line":38,"column":56}},"10":{"start":{"line":42,"column":83},"end":{"line":42,"column":93}},"11":{"start":{"line":44,"column":4},"end":{"line":79,"column":5}}},"fnMap":{"0":{"name":"(anonymous_0)","decl":{"start":{"line":7,"column":2},"end":{"line":7,"column":3}},"loc":{"start":{"line":7,"column":21},"end":{"line":16,"column":3}},"line":7},"1":{"name":"(anonymous_1)","decl":{"start":{"line":18,"column":18},"end":{"line":18,"column":19}},"loc":{"start":{"line":18,"column":24},"end":{"line":22,"column":3}},"line":18},"2":{"name":"(anonymous_2)","decl":{"start":{"line":24,"column":17},"end":{"line":24,"column":18}},"loc":{"start":{"line":24,"column":23},"end":{"line":28,"column":3}},"line":24},"3":{"name":"(anonymous_3)","decl":{"start":{"line":30,"column":13},"end":{"line":30,"column":14}},"loc":{"start":{"line":30,"column":19},"end":{"line":34,"column":3}},"line":30},"4":{"name":"(anonymous_4)","decl":{"start":{"line":35,"column":13},"end":{"line":35,"column":14}},"loc":{"start":{"line":35,"column":19},"end":{"line":39,"column":3}},"line":35},"5":{"name":"(anonymous_5)","decl":{"start":{"line":41,"column":2},"end":{"line":41,"column":3}},"loc":{"start":{"line":41,"column":11},"end":{"line":80,"column":3}},"line":41}},"branchMap":{"0":{"loc":{"start":{"line":45,"column":22},"end":{"line":45,"column":88}},"type":"cond-expr","locations":[{"start":{"line":45,"column":54},"end":{"line":45,"column":79}},{"start":{"line":45,"column":82},"end":{"line":45,"column":88}}],"line":45}},"s":{"0":1,"1":1,"2":0,"3":0,"4":0,"5":0,"6":0,"7":0,"8":0,"9":0,"10":1,"11":1},"f":{"0":1,"1":0,"2":0,"3":0,"4":0,"5":1},"b":{"0":[0,1]},"_coverageSchema":"332fd63041d2c1bcb487cc26dd0d5f7d97098a6c","hash":"3fd747eb182231eed3594da11972a3d0c1d901a6"}
,"/Users/alexanderrau/Desktop/Turing/Mod4/cross-pollination/mentor_match_frontend/src/containers/Search/index.js": {"path":"/Users/alexanderrau/Desktop/Turing/Mod4/cross-pollination/mentor_match_frontend/src/containers/Search/index.js","statementMap":{"0":{"start":{"line":11,"column":4},"end":{"line":11,"column":12}},"1":{"start":{"line":13,"column":4},"end":{"line":17,"column":5}},"2":{"start":{"line":21,"column":28},"end":{"line":21,"column":40}},"3":{"start":{"line":22,"column":37},"end":{"line":22,"column":47}},"4":{"start":{"line":24,"column":4},"end":{"line":28,"column":5}},"5":{"start":{"line":25,"column":6},"end":{"line":25,"column":22}},"6":{"start":{"line":26,"column":11},"end":{"line":28,"column":5}},"7":{"start":{"line":27,"column":6},"end":{"line":27,"column":22}},"8":{"start":{"line":32,"column":21},"end":{"line":32,"column":33}},"9":{"start":{"line":34,"column":4},"end":{"line":34,"column":48}},"10":{"start":{"line":38,"column":89},"end":{"line":38,"column":99}},"11":{"start":{"line":39,"column":23},"end":{"line":39,"column":33}},"12":{"start":{"line":41,"column":4},"end":{"line":95,"column":5}},"13":{"start":{"line":99,"column":31},"end":{"line":101,"column":2}},"14":{"start":{"line":99,"column":43},"end":{"line":101,"column":1}},"15":{"start":{"line":103,"column":34},"end":{"line":106,"column":2}},"16":{"start":{"line":103,"column":49},"end":{"line":106,"column":1}},"17":{"start":{"line":104,"column":25},"end":{"line":104,"column":52}},"18":{"start":{"line":105,"column":29},"end":{"line":105,"column":60}}},"fnMap":{"0":{"name":"(anonymous_0)","decl":{"start":{"line":10,"column":2},"end":{"line":10,"column":3}},"loc":{"start":{"line":10,"column":16},"end":{"line":18,"column":3}},"line":10},"1":{"name":"(anonymous_1)","decl":{"start":{"line":20,"column":17},"end":{"line":20,"column":18}},"loc":{"start":{"line":20,"column":28},"end":{"line":29,"column":3}},"line":20},"2":{"name":"(anonymous_2)","decl":{"start":{"line":31,"column":18},"end":{"line":31,"column":19}},"loc":{"start":{"line":31,"column":29},"end":{"line":35,"column":3}},"line":31},"3":{"name":"(anonymous_3)","decl":{"start":{"line":37,"column":2},"end":{"line":37,"column":3}},"loc":{"start":{"line":37,"column":11},"end":{"line":96,"column":3}},"line":37},"4":{"name":"(anonymous_4)","decl":{"start":{"line":99,"column":31},"end":{"line":99,"column":32}},"loc":{"start":{"line":99,"column":43},"end":{"line":101,"column":1}},"line":99},"5":{"name":"(anonymous_5)","decl":{"start":{"line":103,"column":34},"end":{"line":103,"column":35}},"loc":{"start":{"line":103,"column":49},"end":{"line":106,"column":1}},"line":103},"6":{"name":"(anonymous_6)","decl":{"start":{"line":104,"column":15},"end":{"line":104,"column":16}},"loc":{"start":{"line":104,"column":25},"end":{"line":104,"column":52}},"line":104},"7":{"name":"(anonymous_7)","decl":{"start":{"line":105,"column":15},"end":{"line":105,"column":16}},"loc":{"start":{"line":105,"column":29},"end":{"line":105,"column":60}},"line":105}},"branchMap":{"0":{"loc":{"start":{"line":24,"column":4},"end":{"line":28,"column":5}},"type":"if","locations":[{"start":{"line":24,"column":4},"end":{"line":28,"column":5}},{"start":{"line":24,"column":4},"end":{"line":28,"column":5}}],"line":24},"1":{"loc":{"start":{"line":26,"column":11},"end":{"line":28,"column":5}},"type":"if","locations":[{"start":{"line":26,"column":11},"end":{"line":28,"column":5}},{"start":{"line":26,"column":11},"end":{"line":28,"column":5}}],"line":26},"2":{"loc":{"start":{"line":71,"column":25},"end":{"line":71,"column":85}},"type":"cond-expr","locations":[{"start":{"line":71,"column":47},"end":{"line":71,"column":61}},{"start":{"line":71,"column":64},"end":{"line":71,"column":85}}],"line":71},"3":{"loc":{"start":{"line":78,"column":25},"end":{"line":78,"column":84}},"type":"cond-expr","locations":[{"start":{"line":78,"column":46},"end":{"line":78,"column":60}},{"start":{"line":78,"column":63},"end":{"line":78,"column":84}}],"line":78},"4":{"loc":{"start":{"line":85,"column":19},"end":{"line":85,"column":57}},"type":"cond-expr","locations":[{"start":{"line":85,"column":33},"end":{"line":85,"column":44}},{"start":{"line":85,"column":47},"end":{"line":85,"column":57}}],"line":85},"5":{"loc":{"start":{"line":87,"column":25},"end":{"line":87,"column":83}},"type":"cond-expr","locations":[{"start":{"line":87,"column":39},"end":{"line":87,"column":55}},{"start":{"line":87,"column":58},"end":{"line":87,"column":83}}],"line":87}},"s":{"0":11,"1":11,"2":2,"3":2,"4":2,"5":1,"6":1,"7":1,"8":3,"9":3,"10":14,"11":14,"12":14,"13":3,"14":1,"15":3,"16":2,"17":1,"18":1},"f":{"0":11,"1":2,"2":3,"3":14,"4":1,"5":2,"6":1,"7":1},"b":{"0":[1,1],"1":[1,0],"2":[13,1],"3":[13,1],"4":[13,1],"5":[13,1]},"_coverageSchema":"332fd63041d2c1bcb487cc26dd0d5f7d97098a6c","hash":"36b41b25a1bac36d962904473f9ff34b756af431"}
,"/Users/alexanderrau/Desktop/Turing/Mod4/cross-pollination/mentor_match_frontend/src/reducers/index.js": {"path":"/Users/alexanderrau/Desktop/Turing/Mod4/cross-pollination/mentor_match_frontend/src/reducers/index.js","statementMap":{"0":{"start":{"line":1,"column":0},"end":{"line":null,"column":-1}},"1":{"start":{"line":2,"column":0},"end":{"line":null,"column":-1}},"2":{"start":{"line":3,"column":0},"end":{"line":null,"column":-1}},"3":{"start":{"line":5,"column":20},"end":{"line":5,"column":0}}},"fnMap":{},"branchMap":{},"s":{"0":0,"1":0,"2":0,"3":0},"f":{},"b":{}}
,"/Users/alexanderrau/Desktop/Turing/Mod4/cross-pollination/mentor_match_frontend/src/reducers/mentors-reducers.js": {"path":"/Users/alexanderrau/Desktop/Turing/Mod4/cross-pollination/mentor_match_frontend/src/reducers/mentors-reducers.js","statementMap":{"0":{"start":{"line":1,"column":26},"end":{"line":1,"column":7}},"1":{"start":{"line":2,"column":2},"end":{"line":null,"column":-1}},"2":{"start":{"line":5,"column":6},"end":{"line":null,"column":-1}},"3":{"start":{"line":8,"column":6},"end":{"line":null,"column":-1}},"4":{"start":{"line":12,"column":25},"end":{"line":12,"column":7}},"5":{"start":{"line":13,"column":2},"end":{"line":null,"column":-1}},"6":{"start":{"line":16,"column":6},"end":{"line":null,"column":-1}},"7":{"start":{"line":19,"column":6},"end":{"line":null,"column":-1}},"8":{"start":{"line":23,"column":26},"end":{"line":23,"column":7}},"9":{"start":{"line":24,"column":2},"end":{"line":null,"column":-1}},"10":{"start":{"line":27,"column":6},"end":{"line":null,"column":-1}},"11":{"start":{"line":30,"column":6},"end":{"line":null,"column":-1}}},"fnMap":{"0":{"name":"(anonymous_0)","decl":{"start":{"line":1,"column":26},"end":{"line":1,"column":27}},"loc":{"start":{"line":1,"column":50},"end":{"line":1,"column":7}}},"1":{"name":"(anonymous_1)","decl":{"start":{"line":12,"column":25},"end":{"line":12,"column":26}},"loc":{"start":{"line":12,"column":52},"end":{"line":12,"column":7}}},"2":{"name":"(anonymous_2)","decl":{"start":{"line":23,"column":26},"end":{"line":23,"column":27}},"loc":{"start":{"line":23,"column":53},"end":{"line":23,"column":7}}}},"branchMap":{"0":{"loc":{"start":{"line":1,"column":35},"end":{"line":1,"column":26}},"type":"default-arg","locations":[{"start":{"line":1,"column":35},"end":{"line":1,"column":26}}]},"1":{"loc":{"start":{"line":4,"column":4},"end":{"line":5,"column":6}},"type":"switch","locations":[{"start":{"line":4,"column":4},"end":{"line":5,"column":6}},{"start":{"line":7,"column":4},"end":{"line":8,"column":6}}]},"2":{"loc":{"start":{"line":12,"column":34},"end":{"line":12,"column":25}},"type":"default-arg","locations":[{"start":{"line":12,"column":34},"end":{"line":12,"column":25}}]},"3":{"loc":{"start":{"line":15,"column":4},"end":{"line":16,"column":6}},"type":"switch","locations":[{"start":{"line":15,"column":4},"end":{"line":16,"column":6}},{"start":{"line":18,"column":4},"end":{"line":19,"column":6}}]},"4":{"loc":{"start":{"line":23,"column":35},"end":{"line":23,"column":26}},"type":"default-arg","locations":[{"start":{"line":23,"column":35},"end":{"line":23,"column":26}}]},"5":{"loc":{"start":{"line":26,"column":4},"end":{"line":27,"column":6}},"type":"switch","locations":[{"start":{"line":26,"column":4},"end":{"line":27,"column":6}},{"start":{"line":29,"column":4},"end":{"line":30,"column":6}}]}},"s":{"0":0,"1":0,"2":0,"3":0,"4":0,"5":0,"6":0,"7":0,"8":0,"9":0,"10":0,"11":0},"f":{"0":0,"1":0,"2":0},"b":{"0":[0],"1":[0,0],"2":[0],"3":[0,0],"4":[0],"5":[0,0]}}
,"/Users/alexanderrau/Desktop/Turing/Mod4/cross-pollination/mentor_match_frontend/src/reducers/search-reducers.js": {"path":"/Users/alexanderrau/Desktop/Turing/Mod4/cross-pollination/mentor_match_frontend/src/reducers/search-reducers.js","statementMap":{"0":{"start":{"line":1,"column":25},"end":{"line":10,"column":1}},"1":{"start":{"line":2,"column":2},"end":{"line":9,"column":3}},"2":{"start":{"line":5,"column":6},"end":{"line":5,"column":27}},"3":{"start":{"line":8,"column":6},"end":{"line":8,"column":18}},"4":{"start":{"line":12,"column":25},"end":{"line":21,"column":1}},"5":{"start":{"line":13,"column":2},"end":{"line":20,"column":3}},"6":{"start":{"line":16,"column":6},"end":{"line":16,"column":31}},"7":{"start":{"line":19,"column":6},"end":{"line":19,"column":18}}},"fnMap":{"0":{"name":"(anonymous_0)","decl":{"start":{"line":1,"column":25},"end":{"line":1,"column":26}},"loc":{"start":{"line":1,"column":49},"end":{"line":10,"column":1}},"line":1},"1":{"name":"(anonymous_1)","decl":{"start":{"line":12,"column":25},"end":{"line":12,"column":26}},"loc":{"start":{"line":12,"column":49},"end":{"line":21,"column":1}},"line":12}},"branchMap":{"0":{"loc":{"start":{"line":1,"column":26},"end":{"line":1,"column":36}},"type":"default-arg","locations":[{"start":{"line":1,"column":34},"end":{"line":1,"column":36}}],"line":1},"1":{"loc":{"start":{"line":2,"column":2},"end":{"line":9,"column":3}},"type":"switch","locations":[{"start":{"line":4,"column":4},"end":{"line":5,"column":27}},{"start":{"line":7,"column":4},"end":{"line":8,"column":18}}],"line":2},"2":{"loc":{"start":{"line":12,"column":26},"end":{"line":12,"column":36}},"type":"default-arg","locations":[{"start":{"line":12,"column":34},"end":{"line":12,"column":36}}],"line":12},"3":{"loc":{"start":{"line":13,"column":2},"end":{"line":20,"column":3}},"type":"switch","locations":[{"start":{"line":15,"column":4},"end":{"line":16,"column":31}},{"start":{"line":18,"column":4},"end":{"line":19,"column":18}}],"line":13}},"s":{"0":1,"1":2,"2":1,"3":1,"4":1,"5":2,"6":1,"7":1},"f":{"0":2,"1":2},"b":{"0":[0],"1":[1,1],"2":[0],"3":[1,1]},"_coverageSchema":"332fd63041d2c1bcb487cc26dd0d5f7d97098a6c","hash":"1a24966652f87186b7f80ca8b97b8df23aa82343"}
,"/Users/alexanderrau/Desktop/Turing/Mod4/cross-pollination/mentor_match_frontend/src/thunks/fetchMentors.js": {"path":"/Users/alexanderrau/Desktop/Turing/Mod4/cross-pollination/mentor_match_frontend/src/thunks/fetchMentors.js","statementMap":{"0":{"start":{"line":5,"column":31},"end":{"line":19,"column":1}},"1":{"start":{"line":6,"column":2},"end":{"line":18,"column":3}},"2":{"start":{"line":7,"column":4},"end":{"line":17,"column":5}},"3":{"start":{"line":8,"column":6},"end":{"line":8,"column":32}},"4":{"start":{"line":9,"column":22},"end":{"line":9,"column":42}},"5":{"start":{"line":10,"column":6},"end":{"line":13,"column":7}},"6":{"start":{"line":11,"column":8},"end":{"line":11,"column":35}},"7":{"start":{"line":12,"column":8},"end":{"line":12,"column":37}},"8":{"start":{"line":15,"column":6},"end":{"line":15,"column":25}},"9":{"start":{"line":16,"column":6},"end":{"line":16,"column":33}}},"fnMap":{"0":{"name":"(anonymous_0)","decl":{"start":{"line":5,"column":31},"end":{"line":5,"column":32}},"loc":{"start":{"line":5,"column":37},"end":{"line":19,"column":1}},"line":5},"1":{"name":"(anonymous_1)","decl":{"start":{"line":6,"column":9},"end":{"line":6,"column":10}},"loc":{"start":{"line":6,"column":29},"end":{"line":18,"column":3}},"line":6}},"branchMap":{"0":{"loc":{"start":{"line":10,"column":6},"end":{"line":13,"column":7}},"type":"if","locations":[{"start":{"line":10,"column":6},"end":{"line":13,"column":7}},{"start":{"line":10,"column":6},"end":{"line":13,"column":7}}],"line":10}},"s":{"0":2,"1":5,"2":5,"3":5,"4":5,"5":3,"6":2,"7":2,"8":1,"9":1},"f":{"0":5,"1":5},"b":{"0":[2,1]},"_coverageSchema":"332fd63041d2c1bcb487cc26dd0d5f7d97098a6c","hash":"a21cbf5e8c032dc6b3320cf250344461b3ed7100"}
,"/Users/alexanderrau/Desktop/Turing/Mod4/cross-pollination/mentor_match_frontend/src/utils/api.js": {"path":"/Users/alexanderrau/Desktop/Turing/Mod4/cross-pollination/mentor_match_frontend/src/utils/api.js","statementMap":{"0":{"start":{"line":3,"column":28},"end":{"line":8,"column":1}},"1":{"start":{"line":4,"column":14},"end":{"line":4,"column":69}},"2":{"start":{"line":5,"column":19},"end":{"line":5,"column":35}},"3":{"start":{"line":6,"column":18},"end":{"line":6,"column":39}},"4":{"start":{"line":7,"column":2},"end":{"line":7,"column":31}}},"fnMap":{"0":{"name":"(anonymous_0)","decl":{"start":{"line":3,"column":28},"end":{"line":3,"column":29}},"loc":{"start":{"line":3,"column":40},"end":{"line":8,"column":1}},"line":3}},"branchMap":{},"s":{"0":2,"1":1,"2":1,"3":0,"4":0},"f":{"0":1},"b":{},"_coverageSchema":"332fd63041d2c1bcb487cc26dd0d5f7d97098a6c","hash":"946572f9d0f50ad0f70899fac6bb5dd351983674"}
,"/Users/alexanderrau/Desktop/Turing/Mod4/cross-pollination/mentor_match_frontend/src/utils/helper.js": {"path":"/Users/alexanderrau/Desktop/Turing/Mod4/cross-pollination/mentor_match_frontend/src/utils/helper.js","statementMap":{"0":{"start":{"line":1,"column":28},"end":{"line":5,"column":1}},"1":{"start":{"line":2,"column":2},"end":{"line":4,"column":4}},"2":{"start":{"line":3,"column":4},"end":{"line":3,"column":29}}},"fnMap":{"0":{"name":"(anonymous_0)","decl":{"start":{"line":1,"column":28},"end":{"line":1,"column":29}},"loc":{"start":{"line":1,"column":41},"end":{"line":5,"column":1}},"line":1},"1":{"name":"(anonymous_1)","decl":{"start":{"line":2,"column":26},"end":{"line":2,"column":27}},"loc":{"start":{"line":2,"column":36},"end":{"line":4,"column":3}},"line":2}},"branchMap":{},"s":{"0":2,"1":0,"2":0},"f":{"0":0,"1":0},"b":{},"_coverageSchema":"332fd63041d2c1bcb487cc26dd0d5f7d97098a6c","hash":"4539a208012bc93f8e5a4b652831da3ce8a6f8d7"}
}
