{"/Users/alexanderrau/Desktop/Turing/Mod4/cross-pollination/mentor_match_frontend/src/index.js": {"path":"/Users/alexanderrau/Desktop/Turing/Mod4/cross-pollination/mentor_match_frontend/src/index.js","statementMap":{"0":{"start":{"line":1,"column":0},"end":{"line":null,"column":-1}},"1":{"start":{"line":2,"column":0},"end":{"line":null,"column":-1}},"2":{"start":{"line":3,"column":0},"end":{"line":null,"column":-1}},"3":{"start":{"line":4,"column":0},"end":{"line":null,"column":-1}},"4":{"start":{"line":5,"column":0},"end":{"line":null,"column":-1}},"5":{"start":{"line":6,"column":0},"end":{"line":null,"column":-1}},"6":{"start":{"line":7,"column":0},"end":{"line":null,"column":-1}},"7":{"start":{"line":8,"column":0},"end":{"line":null,"column":-1}},"8":{"start":{"line":9,"column":0},"end":{"line":null,"column":-1}},"9":{"start":{"line":10,"column":0},"end":{"line":null,"column":-1}},"10":{"start":{"line":11,"column":0},"end":{"line":null,"column":-1}},"11":{"start":{"line":13,"column":14},"end":{"line":13,"column":0}},"12":{"start":{"line":15,"column":0},"end":{"line":null,"column":-1}},"13":{"start":{"line":23,"column":0},"end":{"line":null,"column":-1}}},"fnMap":{},"branchMap":{},"s":{"0":0,"1":0,"2":0,"3":0,"4":0,"5":0,"6":0,"7":0,"8":0,"9":0,"10":0,"11":0,"12":0,"13":0},"f":{},"b":{}}
,"/Users/alexanderrau/Desktop/Turing/Mod4/cross-pollination/mentor_match_frontend/src/serviceWorker.js": {"path":"/Users/alexanderrau/Desktop/Turing/Mod4/cross-pollination/mentor_match_frontend/src/serviceWorker.js","statementMap":{"0":{"start":{"line":13,"column":20},"end":{"line":13,"column":0}},"1":{"start":{"line":24,"column":2},"end":{"line":54,"column":3}},"2":{"start":{"line":26,"column":22},"end":{"line":26,"column":4}},"3":{"start":{"line":27,"column":4},"end":{"line":32,"column":5}},"4":{"start":{"line":31,"column":6},"end":{"line":null,"column":-1}},"5":{"start":{"line":34,"column":4},"end":{"line":null,"column":-1}},"6":{"start":{"line":35,"column":21},"end":{"line":35,"column":6}},"7":{"start":{"line":37,"column":6},"end":{"line":52,"column":7}},"8":{"start":{"line":39,"column":8},"end":{"line":37,"column":23}},"9":{"start":{"line":43,"column":8},"end":{"line":null,"column":-1}},"10":{"start":{"line":44,"column":10},"end":{"line":null,"column":-1}},"11":{"start":{"line":51,"column":8},"end":{"line":null,"column":-1}},"12":{"start":{"line":58,"column":2},"end":{"line":null,"column":-1}},"13":{"start":{"line":61,"column":6},"end":{"line":null,"column":-1}},"14":{"start":{"line":62,"column":33},"end":{"line":62,"column":8}},"15":{"start":{"line":63,"column":8},"end":{"line":65,"column":9}},"16":{"start":{"line":64,"column":10},"end":{"line":null,"column":-1}},"17":{"start":{"line":66,"column":8},"end":{"line":null,"column":-1}},"18":{"start":{"line":67,"column":10},"end":{"line":92,"column":11}},"19":{"start":{"line":68,"column":12},"end":{"line":91,"column":13}},"20":{"start":{"line":72,"column":14},"end":{"line":68,"column":52}},"21":{"start":{"line":78,"column":14},"end":{"line":80,"column":15}},"22":{"start":{"line":79,"column":16},"end":{"line":null,"column":-1}},"23":{"start":{"line":85,"column":14},"end":{"line":81,"column":19}},"24":{"start":{"line":88,"column":14},"end":{"line":90,"column":15}},"25":{"start":{"line":89,"column":16},"end":{"line":null,"column":-1}},"26":{"start":{"line":97,"column":6},"end":{"line":null,"column":-1}},"27":{"start":{"line":103,"column":2},"end":{"line":null,"column":-1}},"28":{"start":{"line":106,"column":26},"end":{"line":106,"column":6}},"29":{"start":{"line":107,"column":6},"end":{"line":120,"column":7}},"30":{"start":{"line":112,"column":8},"end":{"line":null,"column":-1}},"31":{"start":{"line":113,"column":10},"end":{"line":null,"column":-1}},"32":{"start":{"line":114,"column":12},"end":{"line":null,"column":-1}},"33":{"start":{"line":119,"column":8},"end":{"line":null,"column":-1}},"34":{"start":{"line":123,"column":6},"end":{"line":null,"column":-1}},"35":{"start":{"line":130,"column":2},"end":{"line":134,"column":3}},"36":{"start":{"line":131,"column":4},"end":{"line":null,"column":-1}},"37":{"start":{"line":132,"column":6},"end":{"line":null,"column":-1}}},"fnMap":{"0":{"name":"register","decl":{"start":{"line":23,"column":16},"end":{"line":23,"column":7}},"loc":{"start":{"line":23,"column":33},"end":{"line":55,"column":1}}},"1":{"name":"(anonymous_1)","decl":{"start":{"line":34,"column":36},"end":{"line":34,"column":41}},"loc":{"start":{"line":34,"column":42},"end":{"line":34,"column":4}}},"2":{"name":"(anonymous_2)","decl":{"start":{"line":43,"column":43},"end":{"line":43,"column":48}},"loc":{"start":{"line":43,"column":49},"end":{"line":43,"column":8}}},"3":{"name":"registerValidSW","decl":{"start":{"line":57,"column":9},"end":{"line":57,"column":0}},"loc":{"start":{"line":57,"column":40},"end":{"line":99,"column":1}}},"4":{"name":"(anonymous_4)","decl":{"start":{"line":60,"column":10},"end":{"line":60,"column":21}},"loc":{"start":{"line":60,"column":26},"end":{"line":58,"column":2}}},"5":{"name":"(anonymous_5)","decl":{"start":{"line":61,"column":35},"end":{"line":61,"column":40}},"loc":{"start":{"line":61,"column":41},"end":{"line":61,"column":6}}},"6":{"name":"(anonymous_6)","decl":{"start":{"line":66,"column":41},"end":{"line":66,"column":46}},"loc":{"start":{"line":66,"column":47},"end":{"line":66,"column":8}}},"7":{"name":"(anonymous_7)","decl":{"start":{"line":96,"column":11},"end":{"line":96,"column":15}},"loc":{"start":{"line":96,"column":20},"end":{"line":58,"column":2}}},"8":{"name":"checkValidServiceWorker","decl":{"start":{"line":101,"column":9},"end":{"line":101,"column":0}},"loc":{"start":{"line":101,"column":48},"end":{"line":127,"column":1}}},"9":{"name":"(anonymous_9)","decl":{"start":{"line":104,"column":10},"end":{"line":104,"column":17}},"loc":{"start":{"line":104,"column":22},"end":{"line":103,"column":2}}},"10":{"name":"(anonymous_10)","decl":{"start":{"line":112,"column":43},"end":{"line":112,"column":54}},"loc":{"start":{"line":112,"column":59},"end":{"line":112,"column":8}}},"11":{"name":"(anonymous_11)","decl":{"start":{"line":113,"column":41},"end":{"line":113,"column":46}},"loc":{"start":{"line":113,"column":47},"end":{"line":113,"column":10}}},"12":{"name":"(anonymous_12)","decl":{"start":{"line":122,"column":11},"end":{"line":122,"column":16}},"loc":{"start":{"line":122,"column":17},"end":{"line":103,"column":2}}},"13":{"name":"unregister","decl":{"start":{"line":129,"column":16},"end":{"line":129,"column":7}},"loc":{"start":{"line":129,"column":29},"end":{"line":135,"column":1}}},"14":{"name":"(anonymous_14)","decl":{"start":{"line":131,"column":39},"end":{"line":131,"column":50}},"loc":{"start":{"line":131,"column":55},"end":{"line":131,"column":4}}}},"branchMap":{"0":{"loc":{"start":{"line":14,"column":2},"end":{"line":14,"column":1}},"type":"binary-expr","locations":[{"start":{"line":14,"column":2},"end":{"line":14,"column":1}},{"start":{"line":16,"column":4},"end":{"line":14,"column":2}},{"start":{"line":18,"column":4},"end":{"line":13,"column":27}}]},"1":{"loc":{"start":{"line":24,"column":2},"end":{"line":54,"column":3}},"type":"if","locations":[{"start":{"line":24,"column":2},"end":{"line":54,"column":3}},{"start":{"line":24,"column":2},"end":{"line":54,"column":3}}]},"2":{"loc":{"start":{"line":24,"column":6},"end":{"line":24,"column":5}},"type":"binary-expr","locations":[{"start":{"line":24,"column":6},"end":{"line":24,"column":5}},{"start":{"line":24,"column":47},"end":{"line":24,"column":2}}]},"3":{"loc":{"start":{"line":27,"column":4},"end":{"line":32,"column":5}},"type":"if","locations":[{"start":{"line":27,"column":4},"end":{"line":32,"column":5}},{"start":{"line":27,"column":4},"end":{"line":32,"column":5}}]},"4":{"loc":{"start":{"line":37,"column":6},"end":{"line":52,"column":7}},"type":"if","locations":[{"start":{"line":37,"column":6},"end":{"line":52,"column":7}},{"start":{"line":37,"column":6},"end":{"line":52,"column":7}}]},"5":{"loc":{"start":{"line":63,"column":8},"end":{"line":65,"column":9}},"type":"if","locations":[{"start":{"line":63,"column":8},"end":{"line":65,"column":9}},{"start":{"line":63,"column":8},"end":{"line":65,"column":9}}]},"6":{"loc":{"start":{"line":67,"column":10},"end":{"line":92,"column":11}},"type":"if","locations":[{"start":{"line":67,"column":10},"end":{"line":92,"column":11}},{"start":{"line":67,"column":10},"end":{"line":92,"column":11}}]},"7":{"loc":{"start":{"line":68,"column":12},"end":{"line":91,"column":13}},"type":"if","locations":[{"start":{"line":68,"column":12},"end":{"line":91,"column":13}},{"start":{"line":68,"column":12},"end":{"line":91,"column":13}}]},"8":{"loc":{"start":{"line":78,"column":14},"end":{"line":80,"column":15}},"type":"if","locations":[{"start":{"line":78,"column":14},"end":{"line":80,"column":15}},{"start":{"line":78,"column":14},"end":{"line":80,"column":15}}]},"9":{"loc":{"start":{"line":78,"column":18},"end":{"line":78,"column":24}},"type":"binary-expr","locations":[{"start":{"line":78,"column":18},"end":{"line":78,"column":24}},{"start":{"line":78,"column":28},"end":{"line":78,"column":14}}]},"10":{"loc":{"start":{"line":88,"column":14},"end":{"line":90,"column":15}},"type":"if","locations":[{"start":{"line":88,"column":14},"end":{"line":90,"column":15}},{"start":{"line":88,"column":14},"end":{"line":90,"column":15}}]},"11":{"loc":{"start":{"line":88,"column":18},"end":{"line":88,"column":24}},"type":"binary-expr","locations":[{"start":{"line":88,"column":18},"end":{"line":88,"column":24}},{"start":{"line":88,"column":28},"end":{"line":88,"column":14}}]},"12":{"loc":{"start":{"line":107,"column":6},"end":{"line":120,"column":7}},"type":"if","locations":[{"start":{"line":107,"column":6},"end":{"line":120,"column":7}},{"start":{"line":107,"column":6},"end":{"line":120,"column":7}}]},"13":{"loc":{"start":{"line":108,"column":8},"end":{"line":108,"column":7}},"type":"binary-expr","locations":[{"start":{"line":108,"column":8},"end":{"line":108,"column":7}},{"start":{"line":109,"column":9},"end":{"line":109,"column":8}},{"start":{"line":109,"column":32},"end":{"line":107,"column":6}}]},"14":{"loc":{"start":{"line":130,"column":2},"end":{"line":134,"column":3}},"type":"if","locations":[{"start":{"line":130,"column":2},"end":{"line":134,"column":3}},{"start":{"line":130,"column":2},"end":{"line":134,"column":3}}]}},"s":{"0":0,"1":0,"2":0,"3":0,"4":0,"5":0,"6":0,"7":0,"8":0,"9":0,"10":0,"11":0,"12":0,"13":0,"14":0,"15":0,"16":0,"17":0,"18":0,"19":0,"20":0,"21":0,"22":0,"23":0,"24":0,"25":0,"26":0,"27":0,"28":0,"29":0,"30":0,"31":0,"32":0,"33":0,"34":0,"35":0,"36":0,"37":0},"f":{"0":0,"1":0,"2":0,"3":0,"4":0,"5":0,"6":0,"7":0,"8":0,"9":0,"10":0,"11":0,"12":0,"13":0,"14":0},"b":{"0":[0,0,0],"1":[0,0],"2":[0,0],"3":[0,0],"4":[0,0],"5":[0,0],"6":[0,0],"7":[0,0],"8":[0,0],"9":[0,0],"10":[0,0],"11":[0,0],"12":[0,0],"13":[0,0,0],"14":[0,0]}}
,"/Users/alexanderrau/Desktop/Turing/Mod4/cross-pollination/mentor_match_frontend/src/setupTests.js": {"path":"/Users/alexanderrau/Desktop/Turing/Mod4/cross-pollination/mentor_match_frontend/src/setupTests.js","statementMap":{"0":{"start":{"line":4,"column":0},"end":{"line":4,"column":38}}},"fnMap":{},"branchMap":{},"s":{"0":16},"f":{},"b":{},"_coverageSchema":"332fd63041d2c1bcb487cc26dd0d5f7d97098a6c","hash":"a78f4bf345f0b2dfc5fea4cac8d9c3e4e14a6bc5"}
,"/Users/alexanderrau/Desktop/Turing/Mod4/cross-pollination/mentor_match_frontend/src/actions/index.js": {"path":"/Users/alexanderrau/Desktop/Turing/Mod4/cross-pollination/mentor_match_frontend/src/actions/index.js","statementMap":{"0":{"start":{"line":1,"column":25},"end":{"line":4,"column":2}},"1":{"start":{"line":1,"column":36},"end":{"line":4,"column":1}},"2":{"start":{"line":6,"column":26},"end":{"line":9,"column":2}},"3":{"start":{"line":6,"column":37},"end":{"line":9,"column":1}}},"fnMap":{"0":{"name":"(anonymous_0)","decl":{"start":{"line":1,"column":25},"end":{"line":1,"column":26}},"loc":{"start":{"line":1,"column":36},"end":{"line":4,"column":1}},"line":1},"1":{"name":"(anonymous_1)","decl":{"start":{"line":6,"column":26},"end":{"line":6,"column":27}},"loc":{"start":{"line":6,"column":37},"end":{"line":9,"column":1}},"line":6}},"branchMap":{},"s":{"0":2,"1":9,"2":2,"3":2},"f":{"0":9,"1":2},"b":{},"_coverageSchema":"332fd63041d2c1bcb487cc26dd0d5f7d97098a6c","hash":"caccecc8070fc161cb0c45507a71105a7d0e85e1"}
,"/Users/alexanderrau/Desktop/Turing/Mod4/cross-pollination/mentor_match_frontend/src/actions/mentor-actions.js": {"path":"/Users/alexanderrau/Desktop/Turing/Mod4/cross-pollination/mentor_match_frontend/src/actions/mentor-actions.js","statementMap":{"0":{"start":{"line":1,"column":26},"end":{"line":4,"column":2}},"1":{"start":{"line":1,"column":43},"end":{"line":4,"column":1}},"2":{"start":{"line":6,"column":35},"end":{"line":9,"column":2}},"3":{"start":{"line":6,"column":52},"end":{"line":9,"column":1}},"4":{"start":{"line":11,"column":30},"end":{"line":14,"column":2}},"5":{"start":{"line":11,"column":47},"end":{"line":14,"column":1}},"6":{"start":{"line":16,"column":26},"end":{"line":19,"column":2}},"7":{"start":{"line":16,"column":37},"end":{"line":19,"column":1}}},"fnMap":{"0":{"name":"(anonymous_0)","decl":{"start":{"line":1,"column":26},"end":{"line":1,"column":27}},"loc":{"start":{"line":1,"column":43},"end":{"line":4,"column":1}},"line":1},"1":{"name":"(anonymous_1)","decl":{"start":{"line":6,"column":35},"end":{"line":6,"column":36}},"loc":{"start":{"line":6,"column":52},"end":{"line":9,"column":1}},"line":6},"2":{"name":"(anonymous_2)","decl":{"start":{"line":11,"column":30},"end":{"line":11,"column":31}},"loc":{"start":{"line":11,"column":47},"end":{"line":14,"column":1}},"line":11},"3":{"name":"(anonymous_3)","decl":{"start":{"line":16,"column":26},"end":{"line":16,"column":27}},"loc":{"start":{"line":16,"column":37},"end":{"line":19,"column":1}},"line":16}},"branchMap":{},"s":{"0":5,"1":3,"2":5,"3":1,"4":5,"5":2,"6":5,"7":1},"f":{"0":3,"1":1,"2":2,"3":1},"b":{},"_coverageSchema":"332fd63041d2c1bcb487cc26dd0d5f7d97098a6c","hash":"f40640594cd7b44fca7c5741a5cc0c2b7a8b39f5"}
,"/Users/alexanderrau/Desktop/Turing/Mod4/cross-pollination/mentor_match_frontend/src/actions/search-actions.js": {"path":"/Users/alexanderrau/Desktop/Turing/Mod4/cross-pollination/mentor_match_frontend/src/actions/search-actions.js","statementMap":{"0":{"start":{"line":1,"column":25},"end":{"line":4,"column":2}},"1":{"start":{"line":1,"column":38},"end":{"line":4,"column":1}},"2":{"start":{"line":6,"column":25},"end":{"line":9,"column":2}},"3":{"start":{"line":6,"column":42},"end":{"line":9,"column":1}},"4":{"start":{"line":11,"column":36},"end":{"line":14,"column":2}},"5":{"start":{"line":11,"column":47},"end":{"line":14,"column":1}}},"fnMap":{"0":{"name":"(anonymous_0)","decl":{"start":{"line":1,"column":25},"end":{"line":1,"column":26}},"loc":{"start":{"line":1,"column":38},"end":{"line":4,"column":1}},"line":1},"1":{"name":"(anonymous_1)","decl":{"start":{"line":6,"column":25},"end":{"line":6,"column":26}},"loc":{"start":{"line":6,"column":42},"end":{"line":9,"column":1}},"line":6},"2":{"name":"(anonymous_2)","decl":{"start":{"line":11,"column":36},"end":{"line":11,"column":37}},"loc":{"start":{"line":11,"column":47},"end":{"line":14,"column":1}},"line":11}},"branchMap":{},"s":{"0":6,"1":1,"2":6,"3":1,"4":6,"5":0},"f":{"0":1,"1":1,"2":0},"b":{},"_coverageSchema":"332fd63041d2c1bcb487cc26dd0d5f7d97098a6c","hash":"60e2ae3a095a8f77638a0bbc3866f0d2dd167c15"}
,"/Users/alexanderrau/Desktop/Turing/Mod4/cross-pollination/mentor_match_frontend/src/components/App/index.js": {"path":"/Users/alexanderrau/Desktop/Turing/Mod4/cross-pollination/mentor_match_frontend/src/components/App/index.js","statementMap":{"0":{"start":{"line":15,"column":4},"end":{"line":15,"column":16}},"1":{"start":{"line":19,"column":4},"end":{"line":19,"column":33}},"2":{"start":{"line":23,"column":4},"end":{"line":35,"column":6}},"3":{"start":{"line":29,"column":51},"end":{"line":29,"column":106}},"4":{"start":{"line":39,"column":31},"end":{"line":42,"column":2}},"5":{"start":{"line":39,"column":43},"end":{"line":42,"column":1}},"6":{"start":{"line":44,"column":34},"end":{"line":46,"column":2}},"7":{"start":{"line":44,"column":49},"end":{"line":46,"column":1}},"8":{"start":{"line":45,"column":25},"end":{"line":45,"column":52}}},"fnMap":{"0":{"name":"(anonymous_0)","decl":{"start":{"line":14,"column":2},"end":{"line":14,"column":3}},"loc":{"start":{"line":14,"column":21},"end":{"line":16,"column":3}},"line":14},"1":{"name":"(anonymous_1)","decl":{"start":{"line":18,"column":22},"end":{"line":18,"column":23}},"loc":{"start":{"line":18,"column":28},"end":{"line":20,"column":3}},"line":18},"2":{"name":"(anonymous_2)","decl":{"start":{"line":22,"column":2},"end":{"line":22,"column":3}},"loc":{"start":{"line":22,"column":11},"end":{"line":36,"column":3}},"line":22},"3":{"name":"(anonymous_3)","decl":{"start":{"line":29,"column":45},"end":{"line":29,"column":46}},"loc":{"start":{"line":29,"column":51},"end":{"line":29,"column":106}},"line":29},"4":{"name":"(anonymous_4)","decl":{"start":{"line":39,"column":31},"end":{"line":39,"column":32}},"loc":{"start":{"line":39,"column":43},"end":{"line":42,"column":1}},"line":39},"5":{"name":"(anonymous_5)","decl":{"start":{"line":44,"column":34},"end":{"line":44,"column":35}},"loc":{"start":{"line":44,"column":49},"end":{"line":46,"column":1}},"line":44},"6":{"name":"(anonymous_6)","decl":{"start":{"line":45,"column":19},"end":{"line":45,"column":20}},"loc":{"start":{"line":45,"column":25},"end":{"line":45,"column":52}},"line":45}},"branchMap":{},"s":{"0":3,"1":3,"2":3,"3":0,"4":1,"5":1,"6":1,"7":1,"8":1},"f":{"0":3,"1":3,"2":3,"3":0,"4":1,"5":1,"6":1},"b":{},"_coverageSchema":"332fd63041d2c1bcb487cc26dd0d5f7d97098a6c","hash":"c34acd39c13747f45d0ef6093e944662f8f31b06"}
,"/Users/alexanderrau/Desktop/Turing/Mod4/cross-pollination/mentor_match_frontend/src/components/MentorContainer/index.js": {"path":"/Users/alexanderrau/Desktop/Turing/Mod4/cross-pollination/mentor_match_frontend/src/components/MentorContainer/index.js","statementMap":{"0":{"start":{"line":7,"column":4},"end":{"line":7,"column":12}},"1":{"start":{"line":11,"column":4},"end":{"line":29,"column":5}}},"fnMap":{"0":{"name":"(anonymous_0)","decl":{"start":{"line":6,"column":2},"end":{"line":6,"column":3}},"loc":{"start":{"line":6,"column":16},"end":{"line":8,"column":3}},"line":6},"1":{"name":"(anonymous_1)","decl":{"start":{"line":10,"column":2},"end":{"line":10,"column":3}},"loc":{"start":{"line":10,"column":11},"end":{"line":30,"column":3}},"line":10}},"branchMap":{},"s":{"0":1,"1":1},"f":{"0":1,"1":1},"b":{},"_coverageSchema":"332fd63041d2c1bcb487cc26dd0d5f7d97098a6c","hash":"3c4c21c8262044b9bc092be797219d933eb48619"}
,"/Users/alexanderrau/Desktop/Turing/Mod4/cross-pollination/mentor_match_frontend/src/components/PathError/index.js": {"path":"/Users/alexanderrau/Desktop/Turing/Mod4/cross-pollination/mentor_match_frontend/src/components/PathError/index.js","statementMap":{"0":{"start":{"line":6,"column":18},"end":{"line":18,"column":1}},"1":{"start":{"line":8,"column":2},"end":{"line":17,"column":3}}},"fnMap":{"0":{"name":"(anonymous_0)","decl":{"start":{"line":6,"column":18},"end":{"line":6,"column":19}},"loc":{"start":{"line":6,"column":24},"end":{"line":18,"column":1}},"line":6}},"branchMap":{},"s":{"0":2,"1":1},"f":{"0":1},"b":{},"_coverageSchema":"332fd63041d2c1bcb487cc26dd0d5f7d97098a6c","hash":"23adff2d16318ff6e2b1381fbcdc6909e42e7287"}
,"/Users/alexanderrau/Desktop/Turing/Mod4/cross-pollination/mentor_match_frontend/src/containers/AdminDashboard/index.js": {"path":"/Users/alexanderrau/Desktop/Turing/Mod4/cross-pollination/mentor_match_frontend/src/containers/AdminDashboard/index.js","statementMap":{"0":{"start":{"line":12,"column":4},"end":{"line":12,"column":17}},"1":{"start":{"line":14,"column":4},"end":{"line":15,"column":5}},"2":{"start":{"line":19,"column":34},"end":{"line":19,"column":44}},"3":{"start":{"line":21,"column":28},"end":{"line":32,"column":9}},"4":{"start":{"line":22,"column":25},"end":{"line":22,"column":44}},"5":{"start":{"line":23,"column":26},"end":{"line":27,"column":8}},"6":{"start":{"line":24,"column":8},"end":{"line":26,"column":9}},"7":{"start":{"line":25,"column":10},"end":{"line":25,"column":79}},"8":{"start":{"line":28,"column":6},"end":{"line":30,"column":7}},"9":{"start":{"line":29,"column":8},"end":{"line":29,"column":24}},"10":{"start":{"line":31,"column":6},"end":{"line":31,"column":16}},"11":{"start":{"line":34,"column":4},"end":{"line":34,"column":26}},"12":{"start":{"line":38,"column":53},"end":{"line":38,"column":63}},"13":{"start":{"line":40,"column":23},"end":{"line":40,"column":81}},"14":{"start":{"line":43,"column":4},"end":{"line":45,"column":5}},"15":{"start":{"line":44,"column":6},"end":{"line":44,"column":71}},"16":{"start":{"line":47,"column":4},"end":{"line":58,"column":5}},"17":{"start":{"line":48,"column":30},"end":{"line":50,"column":8}},"18":{"start":{"line":49,"column":8},"end":{"line":49,"column":40}},"19":{"start":{"line":51,"column":8},"end":{"line":53,"column":8}},"20":{"start":{"line":52,"column":8},"end":{"line":52,"column":62}},"21":{"start":{"line":55,"column":8},"end":{"line":57,"column":8}},"22":{"start":{"line":56,"column":8},"end":{"line":56,"column":62}},"23":{"start":{"line":60,"column":4},"end":{"line":65,"column":5}},"24":{"start":{"line":61,"column":30},"end":{"line":61,"column":55}},"25":{"start":{"line":62,"column":6},"end":{"line":64,"column":8}},"26":{"start":{"line":63,"column":8},"end":{"line":63,"column":62}},"27":{"start":{"line":67,"column":4},"end":{"line":127,"column":5}},"28":{"start":{"line":131,"column":31},"end":{"line":137,"column":2}},"29":{"start":{"line":131,"column":43},"end":{"line":137,"column":1}}},"fnMap":{"0":{"name":"(anonymous_0)","decl":{"start":{"line":11,"column":2},"end":{"line":11,"column":3}},"loc":{"start":{"line":11,"column":21},"end":{"line":16,"column":3}},"line":11},"1":{"name":"(anonymous_1)","decl":{"start":{"line":18,"column":23},"end":{"line":18,"column":24}},"loc":{"start":{"line":18,"column":29},"end":{"line":35,"column":3}},"line":18},"2":{"name":"(anonymous_2)","decl":{"start":{"line":21,"column":43},"end":{"line":21,"column":44}},"loc":{"start":{"line":21,"column":60},"end":{"line":32,"column":5}},"line":21},"3":{"name":"(anonymous_3)","decl":{"start":{"line":23,"column":42},"end":{"line":23,"column":43}},"loc":{"start":{"line":23,"column":51},"end":{"line":27,"column":7}},"line":23},"4":{"name":"(anonymous_4)","decl":{"start":{"line":37,"column":2},"end":{"line":37,"column":3}},"loc":{"start":{"line":37,"column":11},"end":{"line":128,"column":3}},"line":37},"5":{"name":"(anonymous_5)","decl":{"start":{"line":48,"column":45},"end":{"line":48,"column":46}},"loc":{"start":{"line":48,"column":55},"end":{"line":50,"column":7}},"line":48},"6":{"name":"(anonymous_6)","decl":{"start":{"line":51,"column":42},"end":{"line":51,"column":43}},"loc":{"start":{"line":51,"column":52},"end":{"line":53,"column":7}},"line":51},"7":{"name":"(anonymous_7)","decl":{"start":{"line":55,"column":34},"end":{"line":55,"column":35}},"loc":{"start":{"line":55,"column":44},"end":{"line":57,"column":7}},"line":55},"8":{"name":"(anonymous_8)","decl":{"start":{"line":62,"column":40},"end":{"line":62,"column":41}},"loc":{"start":{"line":62,"column":50},"end":{"line":64,"column":7}},"line":62},"9":{"name":"(anonymous_9)","decl":{"start":{"line":131,"column":31},"end":{"line":131,"column":32}},"loc":{"start":{"line":131,"column":43},"end":{"line":137,"column":1}},"line":131}},"branchMap":{"0":{"loc":{"start":{"line":24,"column":8},"end":{"line":26,"column":9}},"type":"if","locations":[{"start":{"line":24,"column":8},"end":{"line":26,"column":9}},{"start":{"line":24,"column":8},"end":{"line":26,"column":9}}],"line":24},"1":{"loc":{"start":{"line":28,"column":6},"end":{"line":30,"column":7}},"type":"if","locations":[{"start":{"line":28,"column":6},"end":{"line":30,"column":7}},{"start":{"line":28,"column":6},"end":{"line":30,"column":7}}],"line":28},"2":{"loc":{"start":{"line":43,"column":4},"end":{"line":45,"column":5}},"type":"if","locations":[{"start":{"line":43,"column":4},"end":{"line":45,"column":5}},{"start":{"line":43,"column":4},"end":{"line":45,"column":5}}],"line":43},"3":{"loc":{"start":{"line":47,"column":4},"end":{"line":58,"column":5}},"type":"if","locations":[{"start":{"line":47,"column":4},"end":{"line":58,"column":5}},{"start":{"line":47,"column":4},"end":{"line":58,"column":5}}],"line":47},"4":{"loc":{"start":{"line":60,"column":4},"end":{"line":65,"column":5}},"type":"if","locations":[{"start":{"line":60,"column":4},"end":{"line":65,"column":5}},{"start":{"line":60,"column":4},"end":{"line":65,"column":5}}],"line":60},"5":{"loc":{"start":{"line":99,"column":24},"end":{"line":99,"column":62}},"type":"cond-expr","locations":[{"start":{"line":99,"column":48},"end":{"line":99,"column":57}},{"start":{"line":99,"column":60},"end":{"line":99,"column":62}}],"line":99}},"s":{"0":11,"1":11,"2":3,"3":3,"4":6,"5":6,"6":10,"7":6,"8":6,"9":2,"10":6,"11":3,"12":11,"13":11,"14":11,"15":1,"16":11,"17":10,"18":20,"19":10,"20":0,"21":1,"22":2,"23":11,"24":2,"25":2,"26":1,"27":11,"28":2,"29":1},"f":{"0":11,"1":3,"2":6,"3":10,"4":11,"5":20,"6":0,"7":2,"8":1,"9":1},"b":{"0":[6,4],"1":[2,4],"2":[1,10],"3":[10,1],"4":[2,9],"5":[0,11]},"_coverageSchema":"332fd63041d2c1bcb487cc26dd0d5f7d97098a6c","hash":"f203dffc12067e7cb509ff07defc8375cc9f11fd"}
,"/Users/alexanderrau/Desktop/Turing/Mod4/cross-pollination/mentor_match_frontend/src/containers/AdminMentorCard/index.js": {"path":"/Users/alexanderrau/Desktop/Turing/Mod4/cross-pollination/mentor_match_frontend/src/containers/AdminMentorCard/index.js","statementMap":{"0":{"start":{"line":8,"column":4},"end":{"line":8,"column":17}},"1":{"start":{"line":12,"column":39},"end":{"line":12,"column":49}},"2":{"start":{"line":14,"column":4},"end":{"line":14,"column":26}},"3":{"start":{"line":18,"column":51},"end":{"line":18,"column":68}},"4":{"start":{"line":19,"column":29},"end":{"line":32,"column":6}},"5":{"start":{"line":20,"column":26},"end":{"line":20,"column":50}},"6":{"start":{"line":21,"column":6},"end":{"line":23,"column":7}},"7":{"start":{"line":22,"column":8},"end":{"line":22,"column":50}},"8":{"start":{"line":24,"column":6},"end":{"line":31,"column":7}},"9":{"start":{"line":25,"column":6},"end":{"line":30,"column":43}},"10":{"start":{"line":34,"column":4},"end":{"line":52,"column":5}},"11":{"start":{"line":56,"column":34},"end":{"line":58,"column":2}},"12":{"start":{"line":56,"column":49},"end":{"line":58,"column":1}},"13":{"start":{"line":57,"column":28},"end":{"line":57,"column":60}}},"fnMap":{"0":{"name":"(anonymous_0)","decl":{"start":{"line":7,"column":2},"end":{"line":7,"column":3}},"loc":{"start":{"line":7,"column":21},"end":{"line":9,"column":1}},"line":7},"1":{"name":"(anonymous_1)","decl":{"start":{"line":11,"column":16},"end":{"line":11,"column":17}},"loc":{"start":{"line":11,"column":22},"end":{"line":15,"column":3}},"line":11},"2":{"name":"(anonymous_2)","decl":{"start":{"line":17,"column":2},"end":{"line":17,"column":3}},"loc":{"start":{"line":17,"column":11},"end":{"line":53,"column":3}},"line":17},"3":{"name":"(anonymous_3)","decl":{"start":{"line":19,"column":53},"end":{"line":19,"column":54}},"loc":{"start":{"line":19,"column":67},"end":{"line":32,"column":5}},"line":19},"4":{"name":"(anonymous_4)","decl":{"start":{"line":56,"column":34},"end":{"line":56,"column":35}},"loc":{"start":{"line":56,"column":49},"end":{"line":58,"column":1}},"line":56},"5":{"name":"(anonymous_5)","decl":{"start":{"line":57,"column":18},"end":{"line":57,"column":19}},"loc":{"start":{"line":57,"column":28},"end":{"line":57,"column":60}},"line":57}},"branchMap":{"0":{"loc":{"start":{"line":21,"column":6},"end":{"line":23,"column":7}},"type":"if","locations":[{"start":{"line":21,"column":6},"end":{"line":23,"column":7}},{"start":{"line":21,"column":6},"end":{"line":23,"column":7}}],"line":21},"1":{"loc":{"start":{"line":24,"column":6},"end":{"line":31,"column":7}},"type":"if","locations":[{"start":{"line":24,"column":6},"end":{"line":31,"column":7}},{"start":{"line":24,"column":6},"end":{"line":31,"column":7}}],"line":24}},"s":{"0":3,"1":1,"2":1,"3":3,"4":3,"5":3,"6":3,"7":0,"8":3,"9":3,"10":3,"11":3,"12":1,"13":1},"f":{"0":3,"1":1,"2":3,"3":3,"4":1,"5":1},"b":{"0":[0,3],"1":[3,0]},"_coverageSchema":"332fd63041d2c1bcb487cc26dd0d5f7d97098a6c","hash":"d234f89ea46876f66c5add5eb8b8cd4a98e74c4a"}
,"/Users/alexanderrau/Desktop/Turing/Mod4/cross-pollination/mentor_match_frontend/src/containers/AdminMentorModal/index.js": {"path":"/Users/alexanderrau/Desktop/Turing/Mod4/cross-pollination/mentor_match_frontend/src/containers/AdminMentorModal/index.js","statementMap":{"0":{"start":{"line":11,"column":4},"end":{"line":11,"column":17}},"1":{"start":{"line":13,"column":4},"end":{"line":15,"column":5}},"2":{"start":{"line":19,"column":19},"end":{"line":19,"column":31}},"3":{"start":{"line":20,"column":28},"end":{"line":20,"column":38}},"4":{"start":{"line":22,"column":4},"end":{"line":38,"column":5}},"5":{"start":{"line":23,"column":22},"end":{"line":23,"column":61}},"6":{"start":{"line":24,"column":6},"end":{"line":24,"column":37}},"7":{"start":{"line":25,"column":6},"end":{"line":25,"column":49}},"8":{"start":{"line":26,"column":6},"end":{"line":26,"column":45}},"9":{"start":{"line":28,"column":11},"end":{"line":38,"column":5}},"10":{"start":{"line":29,"column":6},"end":{"line":29,"column":37}},"11":{"start":{"line":30,"column":6},"end":{"line":30,"column":52}},"12":{"start":{"line":31,"column":6},"end":{"line":31,"column":38}},"13":{"start":{"line":32,"column":6},"end":{"line":32,"column":42}},"14":{"start":{"line":34,"column":11},"end":{"line":38,"column":5}},"15":{"start":{"line":35,"column":6},"end":{"line":35,"column":37}},"16":{"start":{"line":36,"column":6},"end":{"line":36,"column":38}},"17":{"start":{"line":37,"column":6},"end":{"line":37,"column":42}},"18":{"start":{"line":42,"column":26},"end":{"line":42,"column":38}},"19":{"start":{"line":43,"column":20},"end":{"line":43,"column":63}},"20":{"start":{"line":45,"column":4},"end":{"line":45,"column":28}},"21":{"start":{"line":46,"column":4},"end":{"line":46,"column":48}},"22":{"start":{"line":50,"column":24},"end":{"line":50,"column":26}},"23":{"start":{"line":52,"column":4},"end":{"line":61,"column":5}},"24":{"start":{"line":53,"column":6},"end":{"line":60,"column":7}},"25":{"start":{"line":62,"column":4},"end":{"line":62,"column":25}},"26":{"start":{"line":66,"column":4},"end":{"line":77,"column":6}},"27":{"start":{"line":67,"column":6},"end":{"line":76,"column":7}},"28":{"start":{"line":81,"column":4},"end":{"line":97,"column":6}},"29":{"start":{"line":82,"column":6},"end":{"line":96,"column":7}},"30":{"start":{"line":83,"column":28},"end":{"line":83,"column":52}},"31":{"start":{"line":84,"column":10},"end":{"line":86,"column":11}},"32":{"start":{"line":85,"column":12},"end":{"line":85,"column":54}},"33":{"start":{"line":87,"column":8},"end":{"line":95,"column":9}},"34":{"start":{"line":101,"column":25},"end":{"line":101,"column":35}},"35":{"start":{"line":103,"column":4},"end":{"line":227,"column":5}},"36":{"start":{"line":124,"column":10},"end":{"line":124,"column":30}},"37":{"start":{"line":126,"column":6},"end":{"line":218,"column":7}},"38":{"start":{"line":219,"column":11},"end":{"line":227,"column":5}},"39":{"start":{"line":220,"column":6},"end":{"line":222,"column":7}},"40":{"start":{"line":224,"column":6},"end":{"line":226,"column":7}},"41":{"start":{"line":231,"column":31},"end":{"line":235,"column":2}},"42":{"start":{"line":231,"column":43},"end":{"line":235,"column":1}},"43":{"start":{"line":237,"column":34},"end":{"line":241,"column":2}},"44":{"start":{"line":237,"column":49},"end":{"line":241,"column":1}},"45":{"start":{"line":238,"column":28},"end":{"line":238,"column":60}},"46":{"start":{"line":239,"column":33},"end":{"line":239,"column":70}},"47":{"start":{"line":240,"column":26},"end":{"line":240,"column":52}}},"fnMap":{"0":{"name":"(anonymous_0)","decl":{"start":{"line":10,"column":2},"end":{"line":10,"column":3}},"loc":{"start":{"line":10,"column":21},"end":{"line":16,"column":3}},"line":10},"1":{"name":"(anonymous_1)","decl":{"start":{"line":18,"column":16},"end":{"line":18,"column":17}},"loc":{"start":{"line":18,"column":27},"end":{"line":39,"column":3}},"line":18},"2":{"name":"(anonymous_2)","decl":{"start":{"line":41,"column":17},"end":{"line":41,"column":18}},"loc":{"start":{"line":41,"column":28},"end":{"line":47,"column":3}},"line":41},"3":{"name":"(anonymous_3)","decl":{"start":{"line":49,"column":19},"end":{"line":49,"column":20}},"loc":{"start":{"line":49,"column":33},"end":{"line":63,"column":3}},"line":49},"4":{"name":"(anonymous_4)","decl":{"start":{"line":65,"column":12},"end":{"line":65,"column":13}},"loc":{"start":{"line":65,"column":23},"end":{"line":78,"column":3}},"line":65},"5":{"name":"(anonymous_5)","decl":{"start":{"line":66,"column":21},"end":{"line":66,"column":22}},"loc":{"start":{"line":66,"column":29},"end":{"line":77,"column":5}},"line":66},"6":{"name":"(anonymous_6)","decl":{"start":{"line":80,"column":24},"end":{"line":80,"column":25}},"loc":{"start":{"line":80,"column":41},"end":{"line":98,"column":3}},"line":80},"7":{"name":"(anonymous_7)","decl":{"start":{"line":81,"column":27},"end":{"line":81,"column":28}},"loc":{"start":{"line":81,"column":41},"end":{"line":97,"column":5}},"line":81},"8":{"name":"(anonymous_8)","decl":{"start":{"line":100,"column":2},"end":{"line":100,"column":3}},"loc":{"start":{"line":100,"column":11},"end":{"line":228,"column":3}},"line":100},"9":{"name":"(anonymous_9)","decl":{"start":{"line":231,"column":31},"end":{"line":231,"column":32}},"loc":{"start":{"line":231,"column":43},"end":{"line":235,"column":1}},"line":231},"10":{"name":"(anonymous_10)","decl":{"start":{"line":237,"column":34},"end":{"line":237,"column":35}},"loc":{"start":{"line":237,"column":49},"end":{"line":241,"column":1}},"line":237},"11":{"name":"(anonymous_11)","decl":{"start":{"line":238,"column":18},"end":{"line":238,"column":19}},"loc":{"start":{"line":238,"column":28},"end":{"line":238,"column":60}},"line":238},"12":{"name":"(anonymous_12)","decl":{"start":{"line":239,"column":23},"end":{"line":239,"column":24}},"loc":{"start":{"line":239,"column":33},"end":{"line":239,"column":70}},"line":239},"13":{"name":"(anonymous_13)","decl":{"start":{"line":240,"column":18},"end":{"line":240,"column":19}},"loc":{"start":{"line":240,"column":26},"end":{"line":240,"column":52}},"line":240}},"branchMap":{"0":{"loc":{"start":{"line":22,"column":4},"end":{"line":38,"column":5}},"type":"if","locations":[{"start":{"line":22,"column":4},"end":{"line":38,"column":5}},{"start":{"line":22,"column":4},"end":{"line":38,"column":5}}],"line":22},"1":{"loc":{"start":{"line":28,"column":11},"end":{"line":38,"column":5}},"type":"if","locations":[{"start":{"line":28,"column":11},"end":{"line":38,"column":5}},{"start":{"line":28,"column":11},"end":{"line":38,"column":5}}],"line":28},"2":{"loc":{"start":{"line":34,"column":11},"end":{"line":38,"column":5}},"type":"if","locations":[{"start":{"line":34,"column":11},"end":{"line":38,"column":5}},{"start":{"line":34,"column":11},"end":{"line":38,"column":5}}],"line":34},"3":{"loc":{"start":{"line":82,"column":6},"end":{"line":96,"column":7}},"type":"if","locations":[{"start":{"line":82,"column":6},"end":{"line":96,"column":7}},{"start":{"line":82,"column":6},"end":{"line":96,"column":7}}],"line":82},"4":{"loc":{"start":{"line":84,"column":10},"end":{"line":86,"column":11}},"type":"if","locations":[{"start":{"line":84,"column":10},"end":{"line":86,"column":11}},{"start":{"line":84,"column":10},"end":{"line":86,"column":11}}],"line":84},"5":{"loc":{"start":{"line":103,"column":4},"end":{"line":227,"column":5}},"type":"if","locations":[{"start":{"line":103,"column":4},"end":{"line":227,"column":5}},{"start":{"line":103,"column":4},"end":{"line":227,"column":5}}],"line":103},"6":{"loc":{"start":{"line":103,"column":7},"end":{"line":103,"column":42}},"type":"binary-expr","locations":[{"start":{"line":103,"column":7},"end":{"line":103,"column":27}},{"start":{"line":103,"column":31},"end":{"line":103,"column":42}}],"line":103},"7":{"loc":{"start":{"line":219,"column":11},"end":{"line":227,"column":5}},"type":"if","locations":[{"start":{"line":219,"column":11},"end":{"line":227,"column":5}},{"start":{"line":219,"column":11},"end":{"line":227,"column":5}}],"line":219},"8":{"loc":{"start":{"line":219,"column":15},"end":{"line":219,"column":49}},"type":"binary-expr","locations":[{"start":{"line":219,"column":15},"end":{"line":219,"column":35}},{"start":{"line":219,"column":39},"end":{"line":219,"column":49}}],"line":219}},"s":{"0":19,"1":19,"2":8,"3":8,"4":8,"5":4,"6":4,"7":4,"8":4,"9":4,"10":3,"11":3,"12":3,"13":3,"14":1,"15":1,"16":1,"17":1,"18":1,"19":1,"20":1,"21":1,"22":11,"23":11,"24":22,"25":11,"26":44,"27":44,"28":11,"29":11,"30":11,"31":11,"32":0,"33":11,"34":30,"35":30,"36":11,"37":11,"38":19,"39":0,"40":19,"41":3,"42":1,"43":3,"44":3,"45":1,"46":1,"47":1},"f":{"0":19,"1":8,"2":1,"3":11,"4":44,"5":44,"6":11,"7":11,"8":30,"9":1,"10":3,"11":1,"12":1,"13":1},"b":{"0":[4,4],"1":[3,1],"2":[1,0],"3":[11,0],"4":[0,11],"5":[11,19],"6":[30,11],"7":[0,19],"8":[19,0]},"_coverageSchema":"332fd63041d2c1bcb487cc26dd0d5f7d97098a6c","hash":"4a3cd79be21cbb678eda7becb28a9ca4bb196b90"}
,"/Users/alexanderrau/Desktop/Turing/Mod4/cross-pollination/mentor_match_frontend/src/containers/AdminMentorSearch/index.js": {"path":"/Users/alexanderrau/Desktop/Turing/Mod4/cross-pollination/mentor_match_frontend/src/containers/AdminMentorSearch/index.js","statementMap":{"0":{"start":{"line":11,"column":4},"end":{"line":11,"column":12}},"1":{"start":{"line":13,"column":4},"end":{"line":19,"column":5}},"2":{"start":{"line":23,"column":28},"end":{"line":23,"column":40}},"3":{"start":{"line":24,"column":37},"end":{"line":24,"column":47}},"4":{"start":{"line":26,"column":4},"end":{"line":26,"column":36}},"5":{"start":{"line":28,"column":4},"end":{"line":32,"column":5}},"6":{"start":{"line":29,"column":6},"end":{"line":29,"column":22}},"7":{"start":{"line":30,"column":11},"end":{"line":32,"column":5}},"8":{"start":{"line":31,"column":6},"end":{"line":31,"column":22}},"9":{"start":{"line":36,"column":21},"end":{"line":36,"column":33}},"10":{"start":{"line":38,"column":4},"end":{"line":44,"column":5}},"11":{"start":{"line":39,"column":6},"end":{"line":41,"column":8}},"12":{"start":{"line":42,"column":11},"end":{"line":44,"column":5}},"13":{"start":{"line":43,"column":6},"end":{"line":43,"column":68}},"14":{"start":{"line":46,"column":4},"end":{"line":46,"column":48}},"15":{"start":{"line":50,"column":89},"end":{"line":50,"column":99}},"16":{"start":{"line":52,"column":4},"end":{"line":99,"column":5}},"17":{"start":{"line":103,"column":31},"end":{"line":106,"column":2}},"18":{"start":{"line":103,"column":43},"end":{"line":106,"column":1}},"19":{"start":{"line":108,"column":34},"end":{"line":112,"column":2}},"20":{"start":{"line":108,"column":49},"end":{"line":112,"column":1}},"21":{"start":{"line":109,"column":23},"end":{"line":109,"column":50}},"22":{"start":{"line":110,"column":27},"end":{"line":110,"column":58}},"23":{"start":{"line":111,"column":34},"end":{"line":111,"column":70}}},"fnMap":{"0":{"name":"(anonymous_0)","decl":{"start":{"line":10,"column":2},"end":{"line":10,"column":3}},"loc":{"start":{"line":10,"column":16},"end":{"line":20,"column":3}},"line":10},"1":{"name":"(anonymous_1)","decl":{"start":{"line":22,"column":17},"end":{"line":22,"column":18}},"loc":{"start":{"line":22,"column":28},"end":{"line":33,"column":3}},"line":22},"2":{"name":"(anonymous_2)","decl":{"start":{"line":35,"column":18},"end":{"line":35,"column":19}},"loc":{"start":{"line":35,"column":29},"end":{"line":47,"column":3}},"line":35},"3":{"name":"(anonymous_3)","decl":{"start":{"line":49,"column":2},"end":{"line":49,"column":3}},"loc":{"start":{"line":49,"column":11},"end":{"line":100,"column":3}},"line":49},"4":{"name":"(anonymous_4)","decl":{"start":{"line":103,"column":31},"end":{"line":103,"column":32}},"loc":{"start":{"line":103,"column":43},"end":{"line":106,"column":1}},"line":103},"5":{"name":"(anonymous_5)","decl":{"start":{"line":108,"column":34},"end":{"line":108,"column":35}},"loc":{"start":{"line":108,"column":49},"end":{"line":112,"column":1}},"line":108},"6":{"name":"(anonymous_6)","decl":{"start":{"line":109,"column":13},"end":{"line":109,"column":14}},"loc":{"start":{"line":109,"column":23},"end":{"line":109,"column":50}},"line":109},"7":{"name":"(anonymous_7)","decl":{"start":{"line":110,"column":13},"end":{"line":110,"column":14}},"loc":{"start":{"line":110,"column":27},"end":{"line":110,"column":58}},"line":110},"8":{"name":"(anonymous_8)","decl":{"start":{"line":111,"column":24},"end":{"line":111,"column":25}},"loc":{"start":{"line":111,"column":34},"end":{"line":111,"column":70}},"line":111}},"branchMap":{"0":{"loc":{"start":{"line":28,"column":4},"end":{"line":32,"column":5}},"type":"if","locations":[{"start":{"line":28,"column":4},"end":{"line":32,"column":5}},{"start":{"line":28,"column":4},"end":{"line":32,"column":5}}],"line":28},"1":{"loc":{"start":{"line":30,"column":11},"end":{"line":32,"column":5}},"type":"if","locations":[{"start":{"line":30,"column":11},"end":{"line":32,"column":5}},{"start":{"line":30,"column":11},"end":{"line":32,"column":5}}],"line":30},"2":{"loc":{"start":{"line":38,"column":4},"end":{"line":44,"column":5}},"type":"if","locations":[{"start":{"line":38,"column":4},"end":{"line":44,"column":5}},{"start":{"line":38,"column":4},"end":{"line":44,"column":5}}],"line":38},"3":{"loc":{"start":{"line":42,"column":11},"end":{"line":44,"column":5}},"type":"if","locations":[{"start":{"line":42,"column":11},"end":{"line":44,"column":5}},{"start":{"line":42,"column":11},"end":{"line":44,"column":5}}],"line":42},"4":{"loc":{"start":{"line":82,"column":25},"end":{"line":82,"column":89}},"type":"cond-expr","locations":[{"start":{"line":82,"column":47},"end":{"line":82,"column":63}},{"start":{"line":82,"column":66},"end":{"line":82,"column":89}}],"line":82},"5":{"loc":{"start":{"line":89,"column":25},"end":{"line":89,"column":88}},"type":"cond-expr","locations":[{"start":{"line":89,"column":46},"end":{"line":89,"column":62}},{"start":{"line":89,"column":65},"end":{"line":89,"column":88}}],"line":89}},"s":{"0":1,"1":1,"2":0,"3":0,"4":0,"5":0,"6":0,"7":0,"8":0,"9":0,"10":0,"11":0,"12":0,"13":0,"14":0,"15":1,"16":1,"17":3,"18":0,"19":3,"20":0,"21":0,"22":0,"23":0},"f":{"0":1,"1":0,"2":0,"3":1,"4":0,"5":0,"6":0,"7":0,"8":0},"b":{"0":[0,0],"1":[0,0],"2":[0,0],"3":[0,0],"4":[1,0],"5":[1,0]},"_coverageSchema":"332fd63041d2c1bcb487cc26dd0d5f7d97098a6c","hash":"eb7f96152547c6a503e8f42dd92fa9d67e812f58"}
,"/Users/alexanderrau/Desktop/Turing/Mod4/cross-pollination/mentor_match_frontend/src/containers/EditableMentor/index.js": {"path":"/Users/alexanderrau/Desktop/Turing/Mod4/cross-pollination/mentor_match_frontend/src/containers/EditableMentor/index.js","statementMap":{"0":{"start":{"line":10,"column":4},"end":{"line":10,"column":16}},"1":{"start":{"line":12,"column":4},"end":{"line":34,"column":5}},"2":{"start":{"line":60,"column":10},"end":{"line":60,"column":34}},"3":{"start":{"line":62,"column":4},"end":{"line":84,"column":6}},"4":{"start":{"line":88,"column":4},"end":{"line":88,"column":33}},"5":{"start":{"line":89,"column":4},"end":{"line":89,"column":47}},"6":{"start":{"line":90,"column":4},"end":{"line":90,"column":53}},"7":{"start":{"line":91,"column":4},"end":{"line":91,"column":42}},"8":{"start":{"line":92,"column":4},"end":{"line":92,"column":47}},"9":{"start":{"line":96,"column":33},"end":{"line":96,"column":45}},"10":{"start":{"line":98,"column":4},"end":{"line":98,"column":41}},"11":{"start":{"line":102,"column":28},"end":{"line":102,"column":40}},"12":{"start":{"line":104,"column":4},"end":{"line":104,"column":37}},"13":{"start":{"line":108,"column":24},"end":{"line":108,"column":57}},"14":{"start":{"line":109,"column":21},"end":{"line":109,"column":70}},"15":{"start":{"line":111,"column":4},"end":{"line":111,"column":47}},"16":{"start":{"line":115,"column":18},"end":{"line":115,"column":38}},"17":{"start":{"line":117,"column":4},"end":{"line":128,"column":5}},"18":{"start":{"line":118,"column":6},"end":{"line":118,"column":29}},"19":{"start":{"line":119,"column":6},"end":{"line":119,"column":43}},"20":{"start":{"line":121,"column":11},"end":{"line":128,"column":5}},"21":{"start":{"line":122,"column":23},"end":{"line":126,"column":8}},"22":{"start":{"line":123,"column":8},"end":{"line":125,"column":9}},"23":{"start":{"line":124,"column":10},"end":{"line":124,"column":22}},"24":{"start":{"line":127,"column":6},"end":{"line":127,"column":46}},"25":{"start":{"line":132,"column":4},"end":{"line":138,"column":5}},"26":{"start":{"line":133,"column":6},"end":{"line":137,"column":7}},"27":{"start":{"line":134,"column":8},"end":{"line":134,"column":19}},"28":{"start":{"line":136,"column":8},"end":{"line":136,"column":21}},"29":{"start":{"line":162,"column":8},"end":{"line":162,"column":18}},"30":{"start":{"line":164,"column":4},"end":{"line":671,"column":5}},"31":{"start":{"line":675,"column":34},"end":{"line":679,"column":2}},"32":{"start":{"line":675,"column":49},"end":{"line":679,"column":1}},"33":{"start":{"line":676,"column":26},"end":{"line":676,"column":52}},"34":{"start":{"line":677,"column":28},"end":{"line":677,"column":60}},"35":{"start":{"line":678,"column":33},"end":{"line":678,"column":70}}},"fnMap":{"0":{"name":"(anonymous_0)","decl":{"start":{"line":9,"column":2},"end":{"line":9,"column":3}},"loc":{"start":{"line":9,"column":21},"end":{"line":35,"column":3}},"line":9},"1":{"name":"(anonymous_1)","decl":{"start":{"line":37,"column":22},"end":{"line":37,"column":23}},"loc":{"start":{"line":37,"column":34},"end":{"line":85,"column":3}},"line":37},"2":{"name":"(anonymous_2)","decl":{"start":{"line":87,"column":16},"end":{"line":87,"column":17}},"loc":{"start":{"line":87,"column":28},"end":{"line":93,"column":3}},"line":87},"3":{"name":"(anonymous_3)","decl":{"start":{"line":95,"column":22},"end":{"line":95,"column":23}},"loc":{"start":{"line":95,"column":33},"end":{"line":99,"column":3}},"line":95},"4":{"name":"(anonymous_4)","decl":{"start":{"line":101,"column":17},"end":{"line":101,"column":18}},"loc":{"start":{"line":101,"column":28},"end":{"line":105,"column":3}},"line":101},"5":{"name":"(anonymous_5)","decl":{"start":{"line":107,"column":16},"end":{"line":107,"column":17}},"loc":{"start":{"line":107,"column":27},"end":{"line":112,"column":3}},"line":107},"6":{"name":"(anonymous_6)","decl":{"start":{"line":114,"column":20},"end":{"line":114,"column":21}},"loc":{"start":{"line":114,"column":47},"end":{"line":129,"column":3}},"line":114},"7":{"name":"(anonymous_7)","decl":{"start":{"line":122,"column":36},"end":{"line":122,"column":37}},"loc":{"start":{"line":122,"column":44},"end":{"line":126,"column":7}},"line":122},"8":{"name":"(anonymous_8)","decl":{"start":{"line":131,"column":19},"end":{"line":131,"column":20}},"loc":{"start":{"line":131,"column":38},"end":{"line":139,"column":3}},"line":131},"9":{"name":"(anonymous_9)","decl":{"start":{"line":141,"column":2},"end":{"line":141,"column":3}},"loc":{"start":{"line":141,"column":11},"end":{"line":672,"column":3}},"line":141},"10":{"name":"(anonymous_10)","decl":{"start":{"line":675,"column":34},"end":{"line":675,"column":35}},"loc":{"start":{"line":675,"column":49},"end":{"line":679,"column":1}},"line":675},"11":{"name":"(anonymous_11)","decl":{"start":{"line":676,"column":18},"end":{"line":676,"column":19}},"loc":{"start":{"line":676,"column":26},"end":{"line":676,"column":52}},"line":676},"12":{"name":"(anonymous_12)","decl":{"start":{"line":677,"column":18},"end":{"line":677,"column":19}},"loc":{"start":{"line":677,"column":28},"end":{"line":677,"column":60}},"line":677},"13":{"name":"(anonymous_13)","decl":{"start":{"line":678,"column":23},"end":{"line":678,"column":24}},"loc":{"start":{"line":678,"column":33},"end":{"line":678,"column":70}},"line":678}},"branchMap":{"0":{"loc":{"start":{"line":117,"column":4},"end":{"line":128,"column":5}},"type":"if","locations":[{"start":{"line":117,"column":4},"end":{"line":128,"column":5}},{"start":{"line":117,"column":4},"end":{"line":128,"column":5}}],"line":117},"1":{"loc":{"start":{"line":121,"column":11},"end":{"line":128,"column":5}},"type":"if","locations":[{"start":{"line":121,"column":11},"end":{"line":128,"column":5}},{"start":{"line":121,"column":11},"end":{"line":128,"column":5}}],"line":121},"2":{"loc":{"start":{"line":123,"column":8},"end":{"line":125,"column":9}},"type":"if","locations":[{"start":{"line":123,"column":8},"end":{"line":125,"column":9}},{"start":{"line":123,"column":8},"end":{"line":125,"column":9}}],"line":123},"3":{"loc":{"start":{"line":132,"column":4},"end":{"line":138,"column":5}},"type":"if","locations":[{"start":{"line":132,"column":4},"end":{"line":138,"column":5}},{"start":{"line":132,"column":4},"end":{"line":138,"column":5}}],"line":132},"4":{"loc":{"start":{"line":133,"column":6},"end":{"line":137,"column":7}},"type":"if","locations":[{"start":{"line":133,"column":6},"end":{"line":137,"column":7}},{"start":{"line":133,"column":6},"end":{"line":137,"column":7}}],"line":133}},"s":{"0":0,"1":0,"2":0,"3":0,"4":0,"5":0,"6":0,"7":0,"8":0,"9":0,"10":0,"11":0,"12":0,"13":0,"14":0,"15":0,"16":0,"17":0,"18":0,"19":0,"20":0,"21":0,"22":0,"23":0,"24":0,"25":0,"26":0,"27":0,"28":0,"29":0,"30":0,"31":3,"32":0,"33":0,"34":0,"35":0},"f":{"0":0,"1":0,"2":0,"3":0,"4":0,"5":0,"6":0,"7":0,"8":0,"9":0,"10":0,"11":0,"12":0,"13":0},"b":{"0":[0,0],"1":[0,0],"2":[0,0],"3":[0,0],"4":[0,0]},"_coverageSchema":"332fd63041d2c1bcb487cc26dd0d5f7d97098a6c","hash":"f2df8c242563b8c6d8713b926a1fe7bfc8dd9799"}
,"/Users/alexanderrau/Desktop/Turing/Mod4/cross-pollination/mentor_match_frontend/src/containers/Login/index.js": {"path":"/Users/alexanderrau/Desktop/Turing/Mod4/cross-pollination/mentor_match_frontend/src/containers/Login/index.js","statementMap":{"0":{"start":{"line":6,"column":4},"end":{"line":6,"column":11}},"1":{"start":{"line":7,"column":4},"end":{"line":10,"column":5}},"2":{"start":{"line":14,"column":26},"end":{"line":14,"column":38}},"3":{"start":{"line":16,"column":4},"end":{"line":18,"column":6}},"4":{"start":{"line":22,"column":4},"end":{"line":22,"column":26}},"5":{"start":{"line":23,"column":4},"end":{"line":23,"column":25}},"6":{"start":{"line":27,"column":4},"end":{"line":36,"column":7}}},"fnMap":{"0":{"name":"(anonymous_0)","decl":{"start":{"line":5,"column":2},"end":{"line":5,"column":3}},"loc":{"start":{"line":5,"column":16},"end":{"line":11,"column":3}},"line":5},"1":{"name":"(anonymous_1)","decl":{"start":{"line":13,"column":17},"end":{"line":13,"column":18}},"loc":{"start":{"line":13,"column":28},"end":{"line":19,"column":3}},"line":13},"2":{"name":"(anonymous_2)","decl":{"start":{"line":21,"column":17},"end":{"line":21,"column":18}},"loc":{"start":{"line":21,"column":28},"end":{"line":24,"column":3}},"line":21},"3":{"name":"(anonymous_3)","decl":{"start":{"line":26,"column":2},"end":{"line":26,"column":3}},"loc":{"start":{"line":26,"column":11},"end":{"line":37,"column":3}},"line":26}},"branchMap":{},"s":{"0":1,"1":1,"2":0,"3":0,"4":0,"5":0,"6":1},"f":{"0":1,"1":0,"2":0,"3":1},"b":{},"_coverageSchema":"332fd63041d2c1bcb487cc26dd0d5f7d97098a6c","hash":"e28771719aa3886b6d5df426be6bc1f2a7b0557d"}
,"/Users/alexanderrau/Desktop/Turing/Mod4/cross-pollination/mentor_match_frontend/src/containers/MentorCard/index.js": {"path":"/Users/alexanderrau/Desktop/Turing/Mod4/cross-pollination/mentor_match_frontend/src/containers/MentorCard/index.js","statementMap":{"0":{"start":{"line":6,"column":4},"end":{"line":6,"column":11}},"1":{"start":{"line":10,"column":4},"end":{"line":12,"column":7}}},"fnMap":{"0":{"name":"(anonymous_0)","decl":{"start":{"line":5,"column":2},"end":{"line":5,"column":3}},"loc":{"start":{"line":5,"column":16},"end":{"line":7,"column":3}},"line":5},"1":{"name":"(anonymous_1)","decl":{"start":{"line":9,"column":2},"end":{"line":9,"column":3}},"loc":{"start":{"line":9,"column":11},"end":{"line":13,"column":3}},"line":9}},"branchMap":{},"s":{"0":1,"1":1},"f":{"0":1,"1":1},"b":{},"_coverageSchema":"332fd63041d2c1bcb487cc26dd0d5f7d97098a6c","hash":"ce07e06950a8f8f1b5c2ab796648243b32ea6088"}
,"/Users/alexanderrau/Desktop/Turing/Mod4/cross-pollination/mentor_match_frontend/src/containers/MentorProfile/index.js": {"path":"/Users/alexanderrau/Desktop/Turing/Mod4/cross-pollination/mentor_match_frontend/src/containers/MentorProfile/index.js","statementMap":{"0":{"start":{"line":6,"column":4},"end":{"line":6,"column":11}},"1":{"start":{"line":10,"column":4},"end":{"line":12,"column":7}}},"fnMap":{"0":{"name":"(anonymous_0)","decl":{"start":{"line":5,"column":2},"end":{"line":5,"column":3}},"loc":{"start":{"line":5,"column":16},"end":{"line":7,"column":3}},"line":5},"1":{"name":"(anonymous_1)","decl":{"start":{"line":9,"column":2},"end":{"line":9,"column":3}},"loc":{"start":{"line":9,"column":11},"end":{"line":13,"column":3}},"line":9}},"branchMap":{},"s":{"0":1,"1":1},"f":{"0":1,"1":1},"b":{},"_coverageSchema":"332fd63041d2c1bcb487cc26dd0d5f7d97098a6c","hash":"248a080459bc5a07308b7b51379ea1d1a9162b25"}
,"/Users/alexanderrau/Desktop/Turing/Mod4/cross-pollination/mentor_match_frontend/src/containers/NewMentorForm/index.js": {"path":"/Users/alexanderrau/Desktop/Turing/Mod4/cross-pollination/mentor_match_frontend/src/containers/NewMentorForm/index.js","statementMap":{"0":{"start":{"line":7,"column":4},"end":{"line":7,"column":11}},"1":{"start":{"line":9,"column":4},"end":{"line":29,"column":5}},"2":{"start":{"line":33,"column":29},"end":{"line":33,"column":39}},"3":{"start":{"line":35,"column":4},"end":{"line":42,"column":5}},"4":{"start":{"line":36,"column":6},"end":{"line":41,"column":8}},"5":{"start":{"line":43,"column":4},"end":{"line":43,"column":26}},"6":{"start":{"line":47,"column":33},"end":{"line":47,"column":45}},"7":{"start":{"line":49,"column":4},"end":{"line":49,"column":41}},"8":{"start":{"line":53,"column":28},"end":{"line":53,"column":40}},"9":{"start":{"line":55,"column":4},"end":{"line":55,"column":37}},"10":{"start":{"line":59,"column":24},"end":{"line":59,"column":57}},"11":{"start":{"line":60,"column":21},"end":{"line":60,"column":70}},"12":{"start":{"line":62,"column":4},"end":{"line":62,"column":47}},"13":{"start":{"line":66,"column":18},"end":{"line":66,"column":38}},"14":{"start":{"line":68,"column":4},"end":{"line":79,"column":5}},"15":{"start":{"line":69,"column":6},"end":{"line":69,"column":29}},"16":{"start":{"line":70,"column":6},"end":{"line":70,"column":43}},"17":{"start":{"line":72,"column":11},"end":{"line":79,"column":5}},"18":{"start":{"line":73,"column":23},"end":{"line":77,"column":8}},"19":{"start":{"line":74,"column":8},"end":{"line":76,"column":9}},"20":{"start":{"line":75,"column":10},"end":{"line":75,"column":22}},"21":{"start":{"line":78,"column":6},"end":{"line":78,"column":46}},"22":{"start":{"line":103,"column":8},"end":{"line":103,"column":18}},"23":{"start":{"line":105,"column":4},"end":{"line":531,"column":5}}},"fnMap":{"0":{"name":"(anonymous_0)","decl":{"start":{"line":6,"column":2},"end":{"line":6,"column":3}},"loc":{"start":{"line":6,"column":16},"end":{"line":30,"column":3}},"line":6},"1":{"name":"(anonymous_1)","decl":{"start":{"line":32,"column":18},"end":{"line":32,"column":19}},"loc":{"start":{"line":32,"column":30},"end":{"line":44,"column":3}},"line":32},"2":{"name":"(anonymous_2)","decl":{"start":{"line":46,"column":22},"end":{"line":46,"column":23}},"loc":{"start":{"line":46,"column":33},"end":{"line":50,"column":3}},"line":46},"3":{"name":"(anonymous_3)","decl":{"start":{"line":52,"column":17},"end":{"line":52,"column":18}},"loc":{"start":{"line":52,"column":28},"end":{"line":56,"column":3}},"line":52},"4":{"name":"(anonymous_4)","decl":{"start":{"line":58,"column":16},"end":{"line":58,"column":17}},"loc":{"start":{"line":58,"column":27},"end":{"line":63,"column":3}},"line":58},"5":{"name":"(anonymous_5)","decl":{"start":{"line":65,"column":20},"end":{"line":65,"column":21}},"loc":{"start":{"line":65,"column":47},"end":{"line":80,"column":3}},"line":65},"6":{"name":"(anonymous_6)","decl":{"start":{"line":73,"column":36},"end":{"line":73,"column":37}},"loc":{"start":{"line":73,"column":44},"end":{"line":77,"column":7}},"line":73},"7":{"name":"(anonymous_7)","decl":{"start":{"line":82,"column":2},"end":{"line":82,"column":3}},"loc":{"start":{"line":82,"column":11},"end":{"line":532,"column":3}},"line":82}},"branchMap":{"0":{"loc":{"start":{"line":35,"column":4},"end":{"line":42,"column":5}},"type":"if","locations":[{"start":{"line":35,"column":4},"end":{"line":42,"column":5}},{"start":{"line":35,"column":4},"end":{"line":42,"column":5}}],"line":35},"1":{"loc":{"start":{"line":68,"column":4},"end":{"line":79,"column":5}},"type":"if","locations":[{"start":{"line":68,"column":4},"end":{"line":79,"column":5}},{"start":{"line":68,"column":4},"end":{"line":79,"column":5}}],"line":68},"2":{"loc":{"start":{"line":72,"column":11},"end":{"line":79,"column":5}},"type":"if","locations":[{"start":{"line":72,"column":11},"end":{"line":79,"column":5}},{"start":{"line":72,"column":11},"end":{"line":79,"column":5}}],"line":72},"3":{"loc":{"start":{"line":74,"column":8},"end":{"line":76,"column":9}},"type":"if","locations":[{"start":{"line":74,"column":8},"end":{"line":76,"column":9}},{"start":{"line":74,"column":8},"end":{"line":76,"column":9}}],"line":74},"4":{"loc":{"start":{"line":439,"column":24},"end":{"line":439,"column":71}},"type":"cond-expr","locations":[{"start":{"line":439,"column":48},"end":{"line":439,"column":58}},{"start":{"line":439,"column":61},"end":{"line":439,"column":71}}],"line":439}},"s":{"0":27,"1":27,"2":1,"3":1,"4":1,"5":1,"6":2,"7":2,"8":11,"9":11,"10":30,"11":30,"12":30,"13":30,"14":30,"15":24,"16":24,"17":6,"18":6,"19":12,"20":6,"21":6,"22":71,"23":71},"f":{"0":27,"1":1,"2":2,"3":11,"4":30,"5":30,"6":12,"7":71},"b":{"0":[1,0],"1":[24,6],"2":[6,0],"3":[6,6],"4":[70,1]},"_coverageSchema":"332fd63041d2c1bcb487cc26dd0d5f7d97098a6c","hash":"6e4a69a536d79475b0a2aa640228ef202101250c"}
,"/Users/alexanderrau/Desktop/Turing/Mod4/cross-pollination/mentor_match_frontend/src/containers/Preferences/index.js": {"path":"/Users/alexanderrau/Desktop/Turing/Mod4/cross-pollination/mentor_match_frontend/src/containers/Preferences/index.js","statementMap":{"0":{"start":{"line":8,"column":4},"end":{"line":8,"column":17}},"1":{"start":{"line":10,"column":4},"end":{"line":18,"column":5}},"2":{"start":{"line":22,"column":32},"end":{"line":22,"column":42}},"3":{"start":{"line":24,"column":4},"end":{"line":24,"column":56}},"4":{"start":{"line":28,"column":30},"end":{"line":28,"column":40}},"5":{"start":{"line":30,"column":4},"end":{"line":30,"column":52}},"6":{"start":{"line":34,"column":31},"end":{"line":34,"column":41}},"7":{"start":{"line":36,"column":4},"end":{"line":36,"column":54}},"8":{"start":{"line":40,"column":31},"end":{"line":40,"column":41}},"9":{"start":{"line":42,"column":4},"end":{"line":42,"column":54}},"10":{"start":{"line":46,"column":29},"end":{"line":46,"column":39}},"11":{"start":{"line":48,"column":4},"end":{"line":48,"column":50}},"12":{"start":{"line":52,"column":33},"end":{"line":52,"column":43}},"13":{"start":{"line":54,"column":4},"end":{"line":54,"column":58}},"14":{"start":{"line":57,"column":32},"end":{"line":57,"column":42}},"15":{"start":{"line":59,"column":4},"end":{"line":59,"column":56}},"16":{"start":{"line":63,"column":128},"end":{"line":63,"column":138}},"17":{"start":{"line":65,"column":4},"end":{"line":124,"column":5}}},"fnMap":{"0":{"name":"(anonymous_0)","decl":{"start":{"line":7,"column":2},"end":{"line":7,"column":3}},"loc":{"start":{"line":7,"column":21},"end":{"line":19,"column":3}},"line":7},"1":{"name":"(anonymous_1)","decl":{"start":{"line":21,"column":18},"end":{"line":21,"column":19}},"loc":{"start":{"line":21,"column":24},"end":{"line":25,"column":3}},"line":21},"2":{"name":"(anonymous_2)","decl":{"start":{"line":27,"column":16},"end":{"line":27,"column":17}},"loc":{"start":{"line":27,"column":22},"end":{"line":31,"column":3}},"line":27},"3":{"name":"(anonymous_3)","decl":{"start":{"line":33,"column":17},"end":{"line":33,"column":18}},"loc":{"start":{"line":33,"column":23},"end":{"line":37,"column":3}},"line":33},"4":{"name":"(anonymous_4)","decl":{"start":{"line":39,"column":17},"end":{"line":39,"column":18}},"loc":{"start":{"line":39,"column":23},"end":{"line":43,"column":3}},"line":39},"5":{"name":"(anonymous_5)","decl":{"start":{"line":45,"column":15},"end":{"line":45,"column":16}},"loc":{"start":{"line":45,"column":21},"end":{"line":49,"column":3}},"line":45},"6":{"name":"(anonymous_6)","decl":{"start":{"line":51,"column":13},"end":{"line":51,"column":14}},"loc":{"start":{"line":51,"column":19},"end":{"line":55,"column":3}},"line":51},"7":{"name":"(anonymous_7)","decl":{"start":{"line":56,"column":13},"end":{"line":56,"column":14}},"loc":{"start":{"line":56,"column":19},"end":{"line":60,"column":3}},"line":56},"8":{"name":"(anonymous_8)","decl":{"start":{"line":62,"column":2},"end":{"line":62,"column":3}},"loc":{"start":{"line":62,"column":11},"end":{"line":125,"column":3}},"line":62}},"branchMap":{"0":{"loc":{"start":{"line":66,"column":22},"end":{"line":66,"column":88}},"type":"cond-expr","locations":[{"start":{"line":66,"column":54},"end":{"line":66,"column":79}},{"start":{"line":66,"column":82},"end":{"line":66,"column":88}}],"line":66}},"s":{"0":1,"1":1,"2":0,"3":0,"4":0,"5":0,"6":0,"7":0,"8":0,"9":0,"10":0,"11":0,"12":0,"13":0,"14":0,"15":0,"16":1,"17":1},"f":{"0":1,"1":0,"2":0,"3":0,"4":0,"5":0,"6":0,"7":0,"8":1},"b":{"0":[0,1]},"_coverageSchema":"332fd63041d2c1bcb487cc26dd0d5f7d97098a6c","hash":"49e611cb1254aa207d63eb9ee4a52d43bb0f8a28"}
,"/Users/alexanderrau/Desktop/Turing/Mod4/cross-pollination/mentor_match_frontend/src/containers/Search/index.js": {"path":"/Users/alexanderrau/Desktop/Turing/Mod4/cross-pollination/mentor_match_frontend/src/containers/Search/index.js","statementMap":{"0":{"start":{"line":11,"column":4},"end":{"line":11,"column":12}},"1":{"start":{"line":13,"column":4},"end":{"line":17,"column":5}},"2":{"start":{"line":21,"column":28},"end":{"line":21,"column":40}},"3":{"start":{"line":22,"column":37},"end":{"line":22,"column":47}},"4":{"start":{"line":24,"column":4},"end":{"line":28,"column":5}},"5":{"start":{"line":25,"column":6},"end":{"line":25,"column":22}},"6":{"start":{"line":26,"column":11},"end":{"line":28,"column":5}},"7":{"start":{"line":27,"column":6},"end":{"line":27,"column":22}},"8":{"start":{"line":32,"column":21},"end":{"line":32,"column":33}},"9":{"start":{"line":34,"column":4},"end":{"line":34,"column":48}},"10":{"start":{"line":38,"column":66},"end":{"line":38,"column":76}},"11":{"start":{"line":39,"column":35},"end":{"line":39,"column":45}},"12":{"start":{"line":41,"column":4},"end":{"line":95,"column":5}},"13":{"start":{"line":99,"column":31},"end":{"line":102,"column":2}},"14":{"start":{"line":99,"column":43},"end":{"line":102,"column":1}},"15":{"start":{"line":104,"column":34},"end":{"line":107,"column":2}},"16":{"start":{"line":104,"column":49},"end":{"line":107,"column":1}},"17":{"start":{"line":105,"column":25},"end":{"line":105,"column":52}},"18":{"start":{"line":106,"column":29},"end":{"line":106,"column":60}}},"fnMap":{"0":{"name":"(anonymous_0)","decl":{"start":{"line":10,"column":2},"end":{"line":10,"column":3}},"loc":{"start":{"line":10,"column":16},"end":{"line":18,"column":3}},"line":10},"1":{"name":"(anonymous_1)","decl":{"start":{"line":20,"column":17},"end":{"line":20,"column":18}},"loc":{"start":{"line":20,"column":28},"end":{"line":29,"column":3}},"line":20},"2":{"name":"(anonymous_2)","decl":{"start":{"line":31,"column":18},"end":{"line":31,"column":19}},"loc":{"start":{"line":31,"column":29},"end":{"line":35,"column":3}},"line":31},"3":{"name":"(anonymous_3)","decl":{"start":{"line":37,"column":2},"end":{"line":37,"column":3}},"loc":{"start":{"line":37,"column":11},"end":{"line":96,"column":3}},"line":37},"4":{"name":"(anonymous_4)","decl":{"start":{"line":99,"column":31},"end":{"line":99,"column":32}},"loc":{"start":{"line":99,"column":43},"end":{"line":102,"column":1}},"line":99},"5":{"name":"(anonymous_5)","decl":{"start":{"line":104,"column":34},"end":{"line":104,"column":35}},"loc":{"start":{"line":104,"column":49},"end":{"line":107,"column":1}},"line":104},"6":{"name":"(anonymous_6)","decl":{"start":{"line":105,"column":15},"end":{"line":105,"column":16}},"loc":{"start":{"line":105,"column":25},"end":{"line":105,"column":52}},"line":105},"7":{"name":"(anonymous_7)","decl":{"start":{"line":106,"column":15},"end":{"line":106,"column":16}},"loc":{"start":{"line":106,"column":29},"end":{"line":106,"column":60}},"line":106}},"branchMap":{"0":{"loc":{"start":{"line":24,"column":4},"end":{"line":28,"column":5}},"type":"if","locations":[{"start":{"line":24,"column":4},"end":{"line":28,"column":5}},{"start":{"line":24,"column":4},"end":{"line":28,"column":5}}],"line":24},"1":{"loc":{"start":{"line":26,"column":11},"end":{"line":28,"column":5}},"type":"if","locations":[{"start":{"line":26,"column":11},"end":{"line":28,"column":5}},{"start":{"line":26,"column":11},"end":{"line":28,"column":5}}],"line":26},"2":{"loc":{"start":{"line":71,"column":25},"end":{"line":71,"column":85}},"type":"cond-expr","locations":[{"start":{"line":71,"column":47},"end":{"line":71,"column":61}},{"start":{"line":71,"column":64},"end":{"line":71,"column":85}}],"line":71},"3":{"loc":{"start":{"line":78,"column":25},"end":{"line":78,"column":84}},"type":"cond-expr","locations":[{"start":{"line":78,"column":46},"end":{"line":78,"column":60}},{"start":{"line":78,"column":63},"end":{"line":78,"column":84}}],"line":78},"4":{"loc":{"start":{"line":85,"column":19},"end":{"line":85,"column":57}},"type":"cond-expr","locations":[{"start":{"line":85,"column":33},"end":{"line":85,"column":44}},{"start":{"line":85,"column":47},"end":{"line":85,"column":57}}],"line":85},"5":{"loc":{"start":{"line":87,"column":25},"end":{"line":87,"column":83}},"type":"cond-expr","locations":[{"start":{"line":87,"column":39},"end":{"line":87,"column":55}},{"start":{"line":87,"column":58},"end":{"line":87,"column":83}}],"line":87}},"s":{"0":11,"1":11,"2":2,"3":2,"4":2,"5":1,"6":1,"7":1,"8":3,"9":3,"10":14,"11":14,"12":14,"13":3,"14":1,"15":3,"16":2,"17":1,"18":1},"f":{"0":11,"1":2,"2":3,"3":14,"4":1,"5":2,"6":1,"7":1},"b":{"0":[1,1],"1":[1,0],"2":[13,1],"3":[13,1],"4":[13,1],"5":[13,1]},"_coverageSchema":"332fd63041d2c1bcb487cc26dd0d5f7d97098a6c","hash":"6891b41237a0b49d23cc672841b81f746c3c6698"}
,"/Users/alexanderrau/Desktop/Turing/Mod4/cross-pollination/mentor_match_frontend/src/reducers/index.js": {"path":"/Users/alexanderrau/Desktop/Turing/Mod4/cross-pollination/mentor_match_frontend/src/reducers/index.js","statementMap":{"0":{"start":{"line":1,"column":0},"end":{"line":null,"column":-1}},"1":{"start":{"line":2,"column":0},"end":{"line":null,"column":-1}},"2":{"start":{"line":3,"column":0},"end":{"line":null,"column":-1}},"3":{"start":{"line":5,"column":20},"end":{"line":5,"column":0}}},"fnMap":{},"branchMap":{},"s":{"0":0,"1":0,"2":0,"3":0},"f":{},"b":{}}
,"/Users/alexanderrau/Desktop/Turing/Mod4/cross-pollination/mentor_match_frontend/src/reducers/mentors-reducers.js": {"path":"/Users/alexanderrau/Desktop/Turing/Mod4/cross-pollination/mentor_match_frontend/src/reducers/mentors-reducers.js","statementMap":{"0":{"start":{"line":1,"column":26},"end":{"line":20,"column":1}},"1":{"start":{"line":2,"column":2},"end":{"line":19,"column":3}},"2":{"start":{"line":5,"column":6},"end":{"line":5,"column":28}},"3":{"start":{"line":9,"column":6},"end":{"line":15,"column":8}},"4":{"start":{"line":10,"column":8},"end":{"line":14,"column":9}},"5":{"start":{"line":11,"column":10},"end":{"line":11,"column":31}},"6":{"start":{"line":13,"column":10},"end":{"line":13,"column":23}},"7":{"start":{"line":18,"column":6},"end":{"line":18,"column":19}},"8":{"start":{"line":22,"column":30},"end":{"line":31,"column":1}},"9":{"start":{"line":23,"column":2},"end":{"line":30,"column":3}},"10":{"start":{"line":26,"column":6},"end":{"line":26,"column":29}},"11":{"start":{"line":29,"column":6},"end":{"line":29,"column":19}},"12":{"start":{"line":33,"column":26},"end":{"line":41,"column":1}},"13":{"start":{"line":34,"column":2},"end":{"line":40,"column":3}},"14":{"start":{"line":36,"column":6},"end":{"line":36,"column":30}},"15":{"start":{"line":39,"column":6},"end":{"line":39,"column":19}},"16":{"start":{"line":43,"column":25},"end":{"line":52,"column":1}},"17":{"start":{"line":44,"column":2},"end":{"line":51,"column":3}},"18":{"start":{"line":47,"column":6},"end":{"line":47,"column":30}},"19":{"start":{"line":50,"column":6},"end":{"line":50,"column":19}},"20":{"start":{"line":54,"column":26},"end":{"line":63,"column":1}},"21":{"start":{"line":55,"column":2},"end":{"line":62,"column":3}},"22":{"start":{"line":58,"column":6},"end":{"line":58,"column":31}},"23":{"start":{"line":61,"column":6},"end":{"line":61,"column":19}}},"fnMap":{"0":{"name":"(anonymous_0)","decl":{"start":{"line":1,"column":26},"end":{"line":1,"column":27}},"loc":{"start":{"line":1,"column":50},"end":{"line":20,"column":1}},"line":1},"1":{"name":"(anonymous_1)","decl":{"start":{"line":9,"column":23},"end":{"line":9,"column":24}},"loc":{"start":{"line":9,"column":33},"end":{"line":15,"column":7}},"line":9},"2":{"name":"(anonymous_2)","decl":{"start":{"line":22,"column":30},"end":{"line":22,"column":31}},"loc":{"start":{"line":22,"column":56},"end":{"line":31,"column":1}},"line":22},"3":{"name":"(anonymous_3)","decl":{"start":{"line":33,"column":26},"end":{"line":33,"column":27}},"loc":{"start":{"line":33,"column":53},"end":{"line":41,"column":1}},"line":33},"4":{"name":"(anonymous_4)","decl":{"start":{"line":43,"column":25},"end":{"line":43,"column":26}},"loc":{"start":{"line":43,"column":52},"end":{"line":52,"column":1}},"line":43},"5":{"name":"(anonymous_5)","decl":{"start":{"line":54,"column":26},"end":{"line":54,"column":27}},"loc":{"start":{"line":54,"column":53},"end":{"line":63,"column":1}},"line":54}},"branchMap":{"0":{"loc":{"start":{"line":1,"column":27},"end":{"line":1,"column":37}},"type":"default-arg","locations":[{"start":{"line":1,"column":35},"end":{"line":1,"column":37}}],"line":1},"1":{"loc":{"start":{"line":2,"column":2},"end":{"line":19,"column":3}},"type":"switch","locations":[{"start":{"line":4,"column":4},"end":{"line":5,"column":28}},{"start":{"line":7,"column":4},"end":{"line":15,"column":8}},{"start":{"line":17,"column":4},"end":{"line":18,"column":19}}],"line":2},"2":{"loc":{"start":{"line":10,"column":8},"end":{"line":14,"column":9}},"type":"if","locations":[{"start":{"line":10,"column":8},"end":{"line":14,"column":9}},{"start":{"line":10,"column":8},"end":{"line":14,"column":9}}],"line":10},"3":{"loc":{"start":{"line":22,"column":31},"end":{"line":22,"column":43}},"type":"default-arg","locations":[{"start":{"line":22,"column":39},"end":{"line":22,"column":43}}],"line":22},"4":{"loc":{"start":{"line":23,"column":2},"end":{"line":30,"column":3}},"type":"switch","locations":[{"start":{"line":25,"column":4},"end":{"line":26,"column":29}},{"start":{"line":28,"column":4},"end":{"line":29,"column":19}}],"line":23},"5":{"loc":{"start":{"line":33,"column":27},"end":{"line":33,"column":40}},"type":"default-arg","locations":[{"start":{"line":33,"column":35},"end":{"line":33,"column":40}}],"line":33},"6":{"loc":{"start":{"line":34,"column":2},"end":{"line":40,"column":3}},"type":"switch","locations":[{"start":{"line":35,"column":4},"end":{"line":36,"column":30}},{"start":{"line":38,"column":4},"end":{"line":39,"column":19}}],"line":34},"7":{"loc":{"start":{"line":43,"column":26},"end":{"line":43,"column":39}},"type":"default-arg","locations":[{"start":{"line":43,"column":34},"end":{"line":43,"column":39}}],"line":43},"8":{"loc":{"start":{"line":44,"column":2},"end":{"line":51,"column":3}},"type":"switch","locations":[{"start":{"line":46,"column":4},"end":{"line":47,"column":30}},{"start":{"line":49,"column":4},"end":{"line":50,"column":19}}],"line":44},"9":{"loc":{"start":{"line":54,"column":27},"end":{"line":54,"column":40}},"type":"default-arg","locations":[{"start":{"line":54,"column":35},"end":{"line":54,"column":40}}],"line":54},"10":{"loc":{"start":{"line":55,"column":2},"end":{"line":62,"column":3}},"type":"switch","locations":[{"start":{"line":57,"column":4},"end":{"line":58,"column":31}},{"start":{"line":60,"column":4},"end":{"line":61,"column":19}}],"line":55}},"s":{"0":1,"1":3,"2":1,"3":1,"4":2,"5":1,"6":1,"7":1,"8":1,"9":2,"10":1,"11":1,"12":1,"13":0,"14":0,"15":0,"16":1,"17":2,"18":1,"19":1,"20":1,"21":2,"22":1,"23":1},"f":{"0":3,"1":2,"2":2,"3":0,"4":2,"5":2},"b":{"0":[1],"1":[1,1,1],"2":[1,1],"3":[1],"4":[1,1],"5":[0],"6":[0,0],"7":[1],"8":[1,1],"9":[1],"10":[1,1]},"_coverageSchema":"332fd63041d2c1bcb487cc26dd0d5f7d97098a6c","hash":"6dd52a96242db1fae6f89e89c211c388e6eddc40"}
,"/Users/alexanderrau/Desktop/Turing/Mod4/cross-pollination/mentor_match_frontend/src/reducers/search-reducers.js": {"path":"/Users/alexanderrau/Desktop/Turing/Mod4/cross-pollination/mentor_match_frontend/src/reducers/search-reducers.js","statementMap":{"0":{"start":{"line":1,"column":25},"end":{"line":10,"column":1}},"1":{"start":{"line":2,"column":2},"end":{"line":9,"column":3}},"2":{"start":{"line":5,"column":6},"end":{"line":5,"column":27}},"3":{"start":{"line":8,"column":6},"end":{"line":8,"column":18}},"4":{"start":{"line":12,"column":25},"end":{"line":21,"column":1}},"5":{"start":{"line":13,"column":2},"end":{"line":20,"column":3}},"6":{"start":{"line":16,"column":6},"end":{"line":16,"column":31}},"7":{"start":{"line":19,"column":6},"end":{"line":19,"column":18}},"8":{"start":{"line":23,"column":36},"end":{"line":33,"column":1}},"9":{"start":{"line":24,"column":2},"end":{"line":32,"column":3}},"10":{"start":{"line":28,"column":6},"end":{"line":28,"column":38}},"11":{"start":{"line":31,"column":6},"end":{"line":31,"column":19}}},"fnMap":{"0":{"name":"(anonymous_0)","decl":{"start":{"line":1,"column":25},"end":{"line":1,"column":26}},"loc":{"start":{"line":1,"column":49},"end":{"line":10,"column":1}},"line":1},"1":{"name":"(anonymous_1)","decl":{"start":{"line":12,"column":25},"end":{"line":12,"column":26}},"loc":{"start":{"line":12,"column":49},"end":{"line":21,"column":1}},"line":12},"2":{"name":"(anonymous_2)","decl":{"start":{"line":23,"column":36},"end":{"line":23,"column":37}},"loc":{"start":{"line":23,"column":63},"end":{"line":33,"column":1}},"line":23}},"branchMap":{"0":{"loc":{"start":{"line":1,"column":26},"end":{"line":1,"column":36}},"type":"default-arg","locations":[{"start":{"line":1,"column":34},"end":{"line":1,"column":36}}],"line":1},"1":{"loc":{"start":{"line":2,"column":2},"end":{"line":9,"column":3}},"type":"switch","locations":[{"start":{"line":4,"column":4},"end":{"line":5,"column":27}},{"start":{"line":7,"column":4},"end":{"line":8,"column":18}}],"line":2},"2":{"loc":{"start":{"line":12,"column":26},"end":{"line":12,"column":36}},"type":"default-arg","locations":[{"start":{"line":12,"column":34},"end":{"line":12,"column":36}}],"line":12},"3":{"loc":{"start":{"line":13,"column":2},"end":{"line":20,"column":3}},"type":"switch","locations":[{"start":{"line":15,"column":4},"end":{"line":16,"column":31}},{"start":{"line":18,"column":4},"end":{"line":19,"column":18}}],"line":13},"4":{"loc":{"start":{"line":23,"column":37},"end":{"line":23,"column":50}},"type":"default-arg","locations":[{"start":{"line":23,"column":45},"end":{"line":23,"column":50}}],"line":23},"5":{"loc":{"start":{"line":24,"column":2},"end":{"line":32,"column":3}},"type":"switch","locations":[{"start":{"line":26,"column":4},"end":{"line":28,"column":38}},{"start":{"line":30,"column":4},"end":{"line":31,"column":19}}],"line":24}},"s":{"0":1,"1":2,"2":1,"3":1,"4":1,"5":2,"6":1,"7":1,"8":1,"9":2,"10":1,"11":1},"f":{"0":2,"1":2,"2":2},"b":{"0":[1],"1":[1,1],"2":[1],"3":[1,1],"4":[2],"5":[1,1]},"_coverageSchema":"332fd63041d2c1bcb487cc26dd0d5f7d97098a6c","hash":"c58deb413423fae6d48a7bc972ba42416d6178eb"}
,"/Users/alexanderrau/Desktop/Turing/Mod4/cross-pollination/mentor_match_frontend/src/thunks/fetchMentors.js": {"path":"/Users/alexanderrau/Desktop/Turing/Mod4/cross-pollination/mentor_match_frontend/src/thunks/fetchMentors.js","statementMap":{"0":{"start":{"line":5,"column":31},"end":{"line":22,"column":1}},"1":{"start":{"line":7,"column":2},"end":{"line":21,"column":3}},"2":{"start":{"line":8,"column":4},"end":{"line":20,"column":5}},"3":{"start":{"line":9,"column":6},"end":{"line":9,"column":32}},"4":{"start":{"line":10,"column":22},"end":{"line":10,"column":42}},"5":{"start":{"line":12,"column":6},"end":{"line":15,"column":7}},"6":{"start":{"line":13,"column":8},"end":{"line":13,"column":35}},"7":{"start":{"line":14,"column":8},"end":{"line":14,"column":37}},"8":{"start":{"line":18,"column":6},"end":{"line":18,"column":25}},"9":{"start":{"line":19,"column":6},"end":{"line":19,"column":33}}},"fnMap":{"0":{"name":"(anonymous_0)","decl":{"start":{"line":5,"column":31},"end":{"line":5,"column":32}},"loc":{"start":{"line":5,"column":37},"end":{"line":22,"column":1}},"line":5},"1":{"name":"(anonymous_1)","decl":{"start":{"line":7,"column":9},"end":{"line":7,"column":10}},"loc":{"start":{"line":7,"column":29},"end":{"line":21,"column":3}},"line":7}},"branchMap":{"0":{"loc":{"start":{"line":12,"column":6},"end":{"line":15,"column":7}},"type":"if","locations":[{"start":{"line":12,"column":6},"end":{"line":15,"column":7}},{"start":{"line":12,"column":6},"end":{"line":15,"column":7}}],"line":12}},"s":{"0":2,"1":6,"2":5,"3":5,"4":5,"5":3,"6":2,"7":2,"8":1,"9":1},"f":{"0":6,"1":5},"b":{"0":[2,1]},"_coverageSchema":"332fd63041d2c1bcb487cc26dd0d5f7d97098a6c","hash":"bdf4bb0a62c314fae533a2a1ae0672a97fa3ca3e"}
,"/Users/alexanderrau/Desktop/Turing/Mod4/cross-pollination/mentor_match_frontend/src/utils/api.js": {"path":"/Users/alexanderrau/Desktop/Turing/Mod4/cross-pollination/mentor_match_frontend/src/utils/api.js","statementMap":{"0":{"start":{"line":3,"column":28},"end":{"line":8,"column":1}},"1":{"start":{"line":4,"column":14},"end":{"line":4,"column":69}},"2":{"start":{"line":5,"column":19},"end":{"line":5,"column":35}},"3":{"start":{"line":6,"column":18},"end":{"line":6,"column":39}},"4":{"start":{"line":7,"column":2},"end":{"line":7,"column":31}},"5":{"start":{"line":10,"column":26},"end":{"line":20,"column":1}},"6":{"start":{"line":11,"column":14},"end":{"line":11,"column":69}},"7":{"start":{"line":12,"column":19},"end":{"line":17,"column":4}},"8":{"start":{"line":18,"column":17},"end":{"line":18,"column":38}},"9":{"start":{"line":19,"column":2},"end":{"line":19,"column":22}},"10":{"start":{"line":22,"column":27},"end":{"line":31,"column":2}},"11":{"start":{"line":23,"column":15},"end":{"line":23,"column":83}},"12":{"start":{"line":24,"column":20},"end":{"line":28,"column":5}},"13":{"start":{"line":29,"column":18},"end":{"line":29,"column":39}},"14":{"start":{"line":30,"column":3},"end":{"line":30,"column":23}}},"fnMap":{"0":{"name":"(anonymous_0)","decl":{"start":{"line":3,"column":28},"end":{"line":3,"column":29}},"loc":{"start":{"line":3,"column":40},"end":{"line":8,"column":1}},"line":3},"1":{"name":"(anonymous_1)","decl":{"start":{"line":10,"column":26},"end":{"line":10,"column":27}},"loc":{"start":{"line":10,"column":44},"end":{"line":20,"column":1}},"line":10},"2":{"name":"(anonymous_2)","decl":{"start":{"line":22,"column":27},"end":{"line":22,"column":28}},"loc":{"start":{"line":22,"column":45},"end":{"line":31,"column":2}},"line":22}},"branchMap":{},"s":{"0":6,"1":3,"2":3,"3":2,"4":2,"5":6,"6":1,"7":1,"8":1,"9":1,"10":6,"11":0,"12":0,"13":0,"14":0},"f":{"0":3,"1":1,"2":0},"b":{},"_coverageSchema":"332fd63041d2c1bcb487cc26dd0d5f7d97098a6c","hash":"a3dcf6005f826f645dd0c81a5302f7a0f0b801a9"}
,"/Users/alexanderrau/Desktop/Turing/Mod4/cross-pollination/mentor_match_frontend/src/utils/helper.js": {"path":"/Users/alexanderrau/Desktop/Turing/Mod4/cross-pollination/mentor_match_frontend/src/utils/helper.js","statementMap":{"0":{"start":{"line":1,"column":28},"end":{"line":5,"column":1}},"1":{"start":{"line":2,"column":2},"end":{"line":4,"column":4}},"2":{"start":{"line":3,"column":4},"end":{"line":3,"column":29}}},"fnMap":{"0":{"name":"(anonymous_0)","decl":{"start":{"line":1,"column":28},"end":{"line":1,"column":29}},"loc":{"start":{"line":1,"column":41},"end":{"line":5,"column":1}},"line":1},"1":{"name":"(anonymous_1)","decl":{"start":{"line":2,"column":26},"end":{"line":2,"column":27}},"loc":{"start":{"line":2,"column":36},"end":{"line":4,"column":3}},"line":2}},"branchMap":{},"s":{"0":6,"1":2,"2":4},"f":{"0":2,"1":4},"b":{},"_coverageSchema":"332fd63041d2c1bcb487cc26dd0d5f7d97098a6c","hash":"4539a208012bc93f8e5a4b652831da3ce8a6f8d7"}
}
