TN:
SF:/Users/alexanderrau/Desktop/Turing/Mod4/cross-pollination/mentor_match_frontend/src/index.js
FNF:0
FNH:0
DA:1,0
DA:2,0
DA:3,0
DA:4,0
DA:5,0
DA:6,0
DA:7,0
DA:8,0
DA:9,0
DA:10,0
DA:11,0
DA:13,0
DA:15,0
DA:23,0
LF:14
LH:0
BRF:0
BRH:0
end_of_record
TN:
SF:/Users/alexanderrau/Desktop/Turing/Mod4/cross-pollination/mentor_match_frontend/src/serviceWorker.js
FN:23,register
FN:34,(anonymous_1)
FN:43,(anonymous_2)
FN:57,registerValidSW
FN:60,(anonymous_4)
FN:61,(anonymous_5)
FN:66,(anonymous_6)
FN:96,(anonymous_7)
FN:101,checkValidServiceWorker
FN:104,(anonymous_9)
FN:112,(anonymous_10)
FN:113,(anonymous_11)
FN:122,(anonymous_12)
FN:129,unregister
FN:131,(anonymous_14)
FNF:15
FNH:0
FNDA:0,register
FNDA:0,(anonymous_1)
FNDA:0,(anonymous_2)
FNDA:0,registerValidSW
FNDA:0,(anonymous_4)
FNDA:0,(anonymous_5)
FNDA:0,(anonymous_6)
FNDA:0,(anonymous_7)
FNDA:0,checkValidServiceWorker
FNDA:0,(anonymous_9)
FNDA:0,(anonymous_10)
FNDA:0,(anonymous_11)
FNDA:0,(anonymous_12)
FNDA:0,unregister
FNDA:0,(anonymous_14)
DA:13,0
DA:24,0
DA:26,0
DA:27,0
DA:31,0
DA:34,0
DA:35,0
DA:37,0
DA:39,0
DA:43,0
DA:44,0
DA:51,0
DA:58,0
DA:61,0
DA:62,0
DA:63,0
DA:64,0
DA:66,0
DA:67,0
DA:68,0
DA:72,0
DA:78,0
DA:79,0
DA:85,0
DA:88,0
DA:89,0
DA:97,0
DA:103,0
DA:106,0
DA:107,0
DA:112,0
DA:113,0
DA:114,0
DA:119,0
DA:123,0
DA:130,0
DA:131,0
DA:132,0
LF:38
LH:0
BRDA:14,0,0,0
BRDA:14,0,1,0
BRDA:14,0,2,0
BRDA:24,1,0,0
BRDA:24,1,1,0
BRDA:24,2,0,0
BRDA:24,2,1,0
BRDA:27,3,0,0
BRDA:27,3,1,0
BRDA:37,4,0,0
BRDA:37,4,1,0
BRDA:63,5,0,0
BRDA:63,5,1,0
BRDA:67,6,0,0
BRDA:67,6,1,0
BRDA:68,7,0,0
BRDA:68,7,1,0
BRDA:78,8,0,0
BRDA:78,8,1,0
BRDA:78,9,0,0
BRDA:78,9,1,0
BRDA:88,10,0,0
BRDA:88,10,1,0
BRDA:88,11,0,0
BRDA:88,11,1,0
BRDA:107,12,0,0
BRDA:107,12,1,0
BRDA:108,13,0,0
BRDA:108,13,1,0
BRDA:108,13,2,0
BRDA:130,14,0,0
BRDA:130,14,1,0
BRF:32
BRH:0
end_of_record
TN:
SF:/Users/alexanderrau/Desktop/Turing/Mod4/cross-pollination/mentor_match_frontend/src/setupTests.js
FNF:0
FNH:0
DA:4,13
LF:1
LH:1
BRF:0
BRH:0
end_of_record
TN:
SF:/Users/alexanderrau/Desktop/Turing/Mod4/cross-pollination/mentor_match_frontend/src/actions/index.js
FN:1,(anonymous_0)
FN:6,(anonymous_1)
FNF:2
FNH:2
FNDA:9,(anonymous_0)
FNDA:2,(anonymous_1)
DA:1,9
DA:6,2
LF:2
LH:2
BRF:0
BRH:0
end_of_record
TN:
SF:/Users/alexanderrau/Desktop/Turing/Mod4/cross-pollination/mentor_match_frontend/src/actions/mentor-actions.js
FN:1,(anonymous_0)
FN:6,(anonymous_1)
FN:11,(anonymous_2)
FNF:3
FNH:1
FNDA:3,(anonymous_0)
FNDA:0,(anonymous_1)
FNDA:0,(anonymous_2)
DA:1,4
DA:6,4
DA:11,4
LF:3
LH:3
BRF:0
BRH:0
end_of_record
TN:
SF:/Users/alexanderrau/Desktop/Turing/Mod4/cross-pollination/mentor_match_frontend/src/actions/search-actions.js
FN:1,(anonymous_0)
FN:6,(anonymous_1)
FN:11,(anonymous_2)
FNF:3
FNH:2
FNDA:1,(anonymous_0)
FNDA:1,(anonymous_1)
FNDA:0,(anonymous_2)
DA:1,6
DA:6,6
DA:11,6
LF:3
LH:3
BRF:0
BRH:0
end_of_record
TN:
SF:/Users/alexanderrau/Desktop/Turing/Mod4/cross-pollination/mentor_match_frontend/src/components/App/index.js
FN:13,(anonymous_0)
FN:17,(anonymous_1)
FN:31,(anonymous_2)
FN:35,(anonymous_3)
FN:36,(anonymous_4)
FNF:5
FNH:5
FNDA:3,(anonymous_0)
FNDA:3,(anonymous_1)
FNDA:1,(anonymous_2)
FNDA:1,(anonymous_3)
FNDA:1,(anonymous_4)
DA:14,3
DA:18,3
DA:31,1
DA:35,1
DA:36,1
LF:5
LH:5
BRF:0
BRH:0
end_of_record
TN:
SF:/Users/alexanderrau/Desktop/Turing/Mod4/cross-pollination/mentor_match_frontend/src/components/MentorContainer/index.js
FN:6,(anonymous_0)
FN:10,(anonymous_1)
FNF:2
FNH:2
FNDA:1,(anonymous_0)
FNDA:1,(anonymous_1)
DA:7,1
DA:11,1
LF:2
LH:2
BRF:0
BRH:0
end_of_record
TN:
SF:/Users/alexanderrau/Desktop/Turing/Mod4/cross-pollination/mentor_match_frontend/src/containers/AdminDashboard/index.js
FN:10,(anonymous_0)
FN:18,(anonymous_1)
FN:22,(anonymous_2)
FN:25,(anonymous_3)
FN:29,(anonymous_4)
FN:95,(anonymous_5)
FNF:6
FNH:3
FNDA:1,(anonymous_0)
FNDA:1,(anonymous_1)
FNDA:2,(anonymous_2)
FNDA:0,(anonymous_3)
FNDA:0,(anonymous_4)
FNDA:0,(anonymous_5)
DA:11,1
DA:13,1
DA:21,1
DA:22,1
DA:23,2
DA:25,1
DA:26,0
DA:29,0
DA:30,0
DA:34,1
DA:35,0
DA:64,1
DA:95,2
LF:13
LH:9
BRDA:21,0,0,1
BRDA:21,0,1,0
BRDA:34,1,0,0
BRDA:34,1,1,1
BRF:4
BRH:2
end_of_record
TN:
SF:/Users/alexanderrau/Desktop/Turing/Mod4/cross-pollination/mentor_match_frontend/src/containers/AdminMentorCard/index.js
FN:7,(anonymous_0)
FN:11,(anonymous_1)
FN:17,(anonymous_2)
FN:40,(anonymous_3)
FN:41,(anonymous_4)
FNF:5
FNH:2
FNDA:1,(anonymous_0)
FNDA:0,(anonymous_1)
FNDA:1,(anonymous_2)
FNDA:0,(anonymous_3)
FNDA:0,(anonymous_4)
DA:8,1
DA:12,0
DA:14,0
DA:18,1
DA:22,1
DA:40,3
DA:41,0
LF:7
LH:4
BRF:0
BRH:0
end_of_record
TN:
SF:/Users/alexanderrau/Desktop/Turing/Mod4/cross-pollination/mentor_match_frontend/src/containers/AdminMentorModal/index.js
FN:7,(anonymous_0)
FN:16,(anonymous_1)
FN:37,(anonymous_2)
FN:45,(anonymous_3)
FN:151,(anonymous_4)
FN:156,(anonymous_5)
FN:157,(anonymous_6)
FN:158,(anonymous_7)
FNF:8
FNH:0
FNDA:0,(anonymous_0)
FNDA:0,(anonymous_1)
FNDA:0,(anonymous_2)
FNDA:0,(anonymous_3)
FNDA:0,(anonymous_4)
FNDA:0,(anonymous_5)
FNDA:0,(anonymous_6)
FNDA:0,(anonymous_7)
DA:8,0
DA:10,0
DA:17,0
DA:18,0
DA:20,0
DA:21,0
DA:23,0
DA:25,0
DA:26,0
DA:27,0
DA:29,0
DA:31,0
DA:32,0
DA:33,0
DA:38,0
DA:39,0
DA:41,0
DA:42,0
DA:46,0
DA:48,0
DA:69,0
DA:70,0
DA:95,0
DA:96,0
DA:117,0
DA:118,0
DA:144,0
DA:151,2
DA:156,2
DA:157,0
DA:158,0
LF:31
LH:2
BRDA:20,0,0,0
BRDA:20,0,1,0
BRDA:25,1,0,0
BRDA:25,1,1,0
BRDA:31,2,0,0
BRDA:31,2,1,0
BRDA:48,3,0,0
BRDA:48,3,1,0
BRDA:48,4,0,0
BRDA:48,4,1,0
BRDA:95,5,0,0
BRDA:95,5,1,0
BRDA:95,6,0,0
BRDA:95,6,1,0
BRF:14
BRH:0
end_of_record
TN:
SF:/Users/alexanderrau/Desktop/Turing/Mod4/cross-pollination/mentor_match_frontend/src/containers/AdminMentorSearch/index.js
FN:10,(anonymous_0)
FN:22,(anonymous_1)
FN:35,(anonymous_2)
FN:49,(anonymous_3)
FN:103,(anonymous_4)
FN:107,(anonymous_5)
FN:108,(anonymous_6)
FN:109,(anonymous_7)
FN:110,(anonymous_8)
FNF:9
FNH:2
FNDA:1,(anonymous_0)
FNDA:0,(anonymous_1)
FNDA:0,(anonymous_2)
FNDA:1,(anonymous_3)
FNDA:0,(anonymous_4)
FNDA:0,(anonymous_5)
FNDA:0,(anonymous_6)
FNDA:0,(anonymous_7)
FNDA:0,(anonymous_8)
DA:11,1
DA:13,1
DA:23,0
DA:24,0
DA:26,0
DA:28,0
DA:29,0
DA:30,0
DA:31,0
DA:36,0
DA:38,0
DA:39,0
DA:42,0
DA:43,0
DA:46,0
DA:50,1
DA:52,1
DA:103,3
DA:107,3
DA:108,0
DA:109,0
DA:110,0
LF:22
LH:6
BRDA:28,0,0,0
BRDA:28,0,1,0
BRDA:30,1,0,0
BRDA:30,1,1,0
BRDA:38,2,0,0
BRDA:38,2,1,0
BRDA:42,3,0,0
BRDA:42,3,1,0
BRDA:82,4,0,1
BRDA:82,4,1,0
BRDA:89,5,0,1
BRDA:89,5,1,0
BRF:12
BRH:2
end_of_record
TN:
SF:/Users/alexanderrau/Desktop/Turing/Mod4/cross-pollination/mentor_match_frontend/src/containers/Login/index.js
FN:5,(anonymous_0)
FN:13,(anonymous_1)
FN:21,(anonymous_2)
FN:26,(anonymous_3)
FNF:4
FNH:2
FNDA:1,(anonymous_0)
FNDA:0,(anonymous_1)
FNDA:0,(anonymous_2)
FNDA:1,(anonymous_3)
DA:6,1
DA:7,1
DA:14,0
DA:16,0
DA:22,0
DA:23,0
DA:27,1
LF:7
LH:3
BRF:0
BRH:0
end_of_record
TN:
SF:/Users/alexanderrau/Desktop/Turing/Mod4/cross-pollination/mentor_match_frontend/src/containers/MentorCard/index.js
FN:5,(anonymous_0)
FN:9,(anonymous_1)
FNF:2
FNH:2
FNDA:1,(anonymous_0)
FNDA:1,(anonymous_1)
DA:6,1
DA:10,1
LF:2
LH:2
BRF:0
BRH:0
end_of_record
TN:
SF:/Users/alexanderrau/Desktop/Turing/Mod4/cross-pollination/mentor_match_frontend/src/containers/MentorProfile/index.js
FN:5,(anonymous_0)
FN:9,(anonymous_1)
FNF:2
FNH:2
FNDA:1,(anonymous_0)
FNDA:1,(anonymous_1)
DA:6,1
DA:10,1
LF:2
LH:2
BRF:0
BRH:0
end_of_record
TN:
SF:/Users/alexanderrau/Desktop/Turing/Mod4/cross-pollination/mentor_match_frontend/src/containers/NewMentorForm/index.js
FN:6,(anonymous_0)
FN:32,(anonymous_1)
FN:37,(anonymous_2)
FN:43,(anonymous_3)
FN:50,(anonymous_4)
FN:58,(anonymous_5)
FN:67,(anonymous_6)
FN:512,(anonymous_7)
FNF:8
FNH:7
FNDA:26,(anonymous_0)
FNDA:2,(anonymous_1)
FNDA:11,(anonymous_2)
FNDA:30,(anonymous_3)
FNDA:30,(anonymous_4)
FNDA:12,(anonymous_5)
FNDA:69,(anonymous_6)
FNDA:0,(anonymous_7)
DA:7,26
DA:9,26
DA:33,2
DA:34,2
DA:38,11
DA:40,11
DA:44,30
DA:45,30
DA:47,30
DA:51,30
DA:53,30
DA:54,24
DA:55,24
DA:57,6
DA:58,6
DA:59,12
DA:60,6
DA:63,6
DA:88,69
DA:90,69
DA:512,0
LF:21
LH:20
BRDA:53,0,0,24
BRDA:53,0,1,6
BRDA:57,1,0,6
BRDA:57,1,1,0
BRDA:59,2,0,6
BRDA:59,2,1,6
BRF:6
BRH:5
end_of_record
TN:
SF:/Users/alexanderrau/Desktop/Turing/Mod4/cross-pollination/mentor_match_frontend/src/containers/Preferences/index.js
FN:7,(anonymous_0)
FN:18,(anonymous_1)
FN:24,(anonymous_2)
FN:30,(anonymous_3)
FN:35,(anonymous_4)
FN:41,(anonymous_5)
FNF:6
FNH:2
FNDA:1,(anonymous_0)
FNDA:0,(anonymous_1)
FNDA:0,(anonymous_2)
FNDA:0,(anonymous_3)
FNDA:0,(anonymous_4)
FNDA:1,(anonymous_5)
DA:8,1
DA:10,1
DA:19,0
DA:21,0
DA:25,0
DA:27,0
DA:31,0
DA:33,0
DA:36,0
DA:38,0
DA:42,1
DA:44,1
LF:12
LH:4
BRDA:45,0,0,0
BRDA:45,0,1,1
BRF:2
BRH:1
end_of_record
TN:
SF:/Users/alexanderrau/Desktop/Turing/Mod4/cross-pollination/mentor_match_frontend/src/containers/Search/index.js
FN:10,(anonymous_0)
FN:20,(anonymous_1)
FN:31,(anonymous_2)
FN:37,(anonymous_3)
FN:99,(anonymous_4)
FN:104,(anonymous_5)
FN:105,(anonymous_6)
FN:106,(anonymous_7)
FNF:8
FNH:8
FNDA:11,(anonymous_0)
FNDA:2,(anonymous_1)
FNDA:3,(anonymous_2)
FNDA:14,(anonymous_3)
FNDA:1,(anonymous_4)
FNDA:2,(anonymous_5)
FNDA:1,(anonymous_6)
FNDA:1,(anonymous_7)
DA:11,11
DA:13,11
DA:21,2
DA:22,2
DA:24,2
DA:25,1
DA:26,1
DA:27,1
DA:32,3
DA:34,3
DA:38,14
DA:39,14
DA:41,14
DA:99,3
DA:104,3
DA:105,1
DA:106,1
LF:17
LH:17
BRDA:24,0,0,1
BRDA:24,0,1,1
BRDA:26,1,0,1
BRDA:26,1,1,0
BRDA:71,2,0,13
BRDA:71,2,1,1
BRDA:78,3,0,13
BRDA:78,3,1,1
BRDA:85,4,0,13
BRDA:85,4,1,1
BRDA:87,5,0,13
BRDA:87,5,1,1
BRF:12
BRH:11
end_of_record
TN:
SF:/Users/alexanderrau/Desktop/Turing/Mod4/cross-pollination/mentor_match_frontend/src/reducers/index.js
FNF:0
FNH:0
DA:1,0
DA:2,0
DA:3,0
DA:5,0
LF:4
LH:0
BRF:0
BRH:0
end_of_record
TN:
SF:/Users/alexanderrau/Desktop/Turing/Mod4/cross-pollination/mentor_match_frontend/src/reducers/mentors-reducers.js
FN:1,(anonymous_0)
FN:10,(anonymous_1)
FN:23,(anonymous_2)
FN:34,(anonymous_3)
FN:45,(anonymous_4)
FNF:5
FNH:5
FNDA:3,(anonymous_0)
FNDA:2,(anonymous_1)
FNDA:2,(anonymous_2)
FNDA:2,(anonymous_3)
FNDA:2,(anonymous_4)
DA:1,1
DA:2,3
DA:5,1
DA:8,1
DA:9,1
DA:10,1
DA:11,2
DA:12,1
DA:14,1
DA:19,1
DA:23,1
DA:24,2
DA:27,1
DA:30,1
DA:34,1
DA:35,2
DA:38,1
DA:41,1
DA:45,1
DA:46,2
DA:49,1
DA:52,1
LF:22
LH:22
BRDA:1,0,0,1
BRDA:2,1,0,1
BRDA:2,1,1,1
BRDA:2,1,2,1
BRDA:11,2,0,1
BRDA:11,2,1,1
BRDA:23,3,0,1
BRDA:24,4,0,1
BRDA:24,4,1,1
BRDA:34,5,0,1
BRDA:35,6,0,1
BRDA:35,6,1,1
BRDA:45,7,0,1
BRDA:46,8,0,1
BRDA:46,8,1,1
BRF:15
BRH:15
end_of_record
TN:
SF:/Users/alexanderrau/Desktop/Turing/Mod4/cross-pollination/mentor_match_frontend/src/reducers/search-reducers.js
FN:1,(anonymous_0)
FN:12,(anonymous_1)
FN:23,(anonymous_2)
FNF:3
FNH:3
FNDA:2,(anonymous_0)
FNDA:2,(anonymous_1)
FNDA:2,(anonymous_2)
DA:1,1
DA:2,2
DA:5,1
DA:8,1
DA:12,1
DA:13,2
DA:16,1
DA:19,1
DA:23,1
DA:24,2
DA:27,1
DA:30,1
LF:12
LH:12
BRDA:1,0,0,1
BRDA:2,1,0,1
BRDA:2,1,1,1
BRDA:12,2,0,1
BRDA:13,3,0,1
BRDA:13,3,1,1
BRDA:23,4,0,2
BRDA:24,5,0,1
BRDA:24,5,1,1
BRF:9
BRH:9
end_of_record
TN:
SF:/Users/alexanderrau/Desktop/Turing/Mod4/cross-pollination/mentor_match_frontend/src/thunks/fetchMentors.js
FN:5,(anonymous_0)
FN:6,(anonymous_1)
FNF:2
FNH:2
FNDA:6,(anonymous_0)
FNDA:5,(anonymous_1)
DA:5,2
DA:6,6
DA:7,5
DA:8,5
DA:9,5
DA:10,3
DA:11,2
DA:12,2
DA:15,1
DA:16,1
LF:10
LH:10
BRDA:10,0,0,2
BRDA:10,0,1,1
BRF:2
BRH:2
end_of_record
TN:
SF:/Users/alexanderrau/Desktop/Turing/Mod4/cross-pollination/mentor_match_frontend/src/utils/api.js
FN:3,(anonymous_0)
FN:10,(anonymous_1)
FNF:2
FNH:1
FNDA:1,(anonymous_0)
FNDA:0,(anonymous_1)
DA:3,3
DA:4,1
DA:5,1
DA:6,0
DA:7,0
DA:10,3
DA:11,0
DA:12,0
DA:18,0
DA:19,0
LF:10
LH:4
BRF:0
BRH:0
end_of_record
TN:
SF:/Users/alexanderrau/Desktop/Turing/Mod4/cross-pollination/mentor_match_frontend/src/utils/helper.js
FN:1,(anonymous_0)
FN:2,(anonymous_1)
FNF:2
FNH:0
FNDA:0,(anonymous_0)
FNDA:0,(anonymous_1)
DA:1,3
DA:2,0
DA:3,0
LF:3
LH:1
BRF:0
BRH:0
end_of_record
