TN:
SF:/Users/alexanderrau/Desktop/Turing/Mod4/cross-pollination/mentor_match_frontend/src/actions/index.js
FN:1,(anonymous_0)
FN:6,(anonymous_1)
FNF:2
FNH:2
FNDA:28,(anonymous_0)
FNDA:7,(anonymous_1)
DA:1,28
DA:6,7
LF:2
LH:2
BRF:0
BRH:0
end_of_record
TN:
SF:/Users/alexanderrau/Desktop/Turing/Mod4/cross-pollination/mentor_match_frontend/src/actions/mentor-actions.js
FN:1,(anonymous_0)
FN:6,(anonymous_1)
FN:11,(anonymous_2)
FN:16,(anonymous_3)
FN:21,(anonymous_4)
FNF:5
FNH:5
FNDA:4,(anonymous_0)
FNDA:2,(anonymous_1)
FNDA:3,(anonymous_2)
FNDA:1,(anonymous_3)
FNDA:2,(anonymous_4)
DA:1,7
DA:6,7
DA:11,7
DA:16,7
DA:21,7
LF:5
LH:5
BRF:0
BRH:0
end_of_record
TN:
SF:/Users/alexanderrau/Desktop/Turing/Mod4/cross-pollination/mentor_match_frontend/src/actions/preferences-actions.js
FN:1,(anonymous_0)
FNF:1
FNH:1
FNDA:3,(anonymous_0)
DA:1,8
LF:1
LH:1
BRF:0
BRH:0
end_of_record
TN:
SF:/Users/alexanderrau/Desktop/Turing/Mod4/cross-pollination/mentor_match_frontend/src/actions/search-actions.js
FN:1,(anonymous_0)
FN:6,(anonymous_1)
FN:11,(anonymous_2)
FNF:3
FNH:3
FNDA:3,(anonymous_0)
FNDA:3,(anonymous_1)
FNDA:2,(anonymous_2)
DA:1,6
DA:6,6
DA:11,6
LF:3
LH:3
BRF:0
BRH:0
end_of_record
TN:
SF:/Users/alexanderrau/Desktop/Turing/Mod4/cross-pollination/mentor_match_frontend/src/actions/student-actions.js
FN:1,(anonymous_0)
FN:6,(anonymous_1)
FN:11,(anonymous_2)
FNF:3
FNH:3
FNDA:4,(anonymous_0)
FNDA:4,(anonymous_1)
FNDA:1,(anonymous_2)
DA:1,5
DA:6,5
DA:11,5
LF:3
LH:3
BRF:0
BRH:0
end_of_record
TN:
SF:/Users/alexanderrau/Desktop/Turing/Mod4/cross-pollination/mentor_match_frontend/src/components/App/index.js
FN:18,(anonymous_0)
FN:24,(anonymous_1)
FN:31,(anonymous_2)
FN:42,(anonymous_3)
FN:47,(anonymous_4)
FN:48,(anonymous_5)
FN:49,(anonymous_6)
FN:50,(anonymous_7)
FNF:8
FNH:7
FNDA:5,(anonymous_0)
FNDA:5,(anonymous_1)
FNDA:0,(anonymous_2)
FNDA:1,(anonymous_3)
FNDA:3,(anonymous_4)
FNDA:1,(anonymous_5)
FNDA:1,(anonymous_6)
FNDA:1,(anonymous_7)
DA:19,5
DA:20,5
DA:21,5
DA:25,5
DA:31,0
DA:42,1
DA:47,3
DA:48,1
DA:49,1
DA:50,1
LF:10
LH:9
BRF:0
BRH:0
end_of_record
TN:
SF:/Users/alexanderrau/Desktop/Turing/Mod4/cross-pollination/mentor_match_frontend/src/components/MentorContainer/index.js
FN:10,(anonymous_0)
FN:13,(anonymous_1)
FN:15,(anonymous_2)
FN:31,(anonymous_3)
FN:36,(anonymous_4)
FN:38,(anonymous_5)
FN:43,(anonymous_6)
FN:48,(anonymous_7)
FN:56,(anonymous_8)
FN:65,(anonymous_9)
FN:75,(anonymous_10)
FN:78,(anonymous_11)
FN:101,(anonymous_12)
FN:102,(anonymous_13)
FN:107,(anonymous_14)
FN:112,(anonymous_15)
FN:115,(anonymous_16)
FN:119,(anonymous_17)
FN:126,(anonymous_18)
FN:166,(anonymous_19)
FNF:20
FNH:18
FNDA:2,(anonymous_0)
FNDA:4,(anonymous_1)
FNDA:10,(anonymous_2)
FNDA:4,(anonymous_3)
FNDA:2,(anonymous_4)
FNDA:2,(anonymous_5)
FNDA:17,(anonymous_6)
FNDA:119,(anonymous_7)
FNDA:5,(anonymous_8)
FNDA:19,(anonymous_9)
FNDA:7,(anonymous_10)
FNDA:16,(anonymous_11)
FNDA:16,(anonymous_12)
FNDA:3,(anonymous_13)
FNDA:15,(anonymous_14)
FNDA:30,(anonymous_15)
FNDA:0,(anonymous_16)
FNDA:0,(anonymous_17)
FNDA:1,(anonymous_18)
FNDA:1,(anonymous_19)
DA:11,2
DA:13,2
DA:14,4
DA:15,4
DA:17,10
DA:18,8
DA:20,10
DA:22,4
DA:23,2
DA:25,4
DA:28,2
DA:32,4
DA:35,4
DA:36,2
DA:37,2
DA:38,2
DA:40,4
DA:44,17
DA:45,17
DA:46,17
DA:48,17
DA:50,119
DA:51,17
DA:53,119
DA:56,17
DA:57,5
DA:58,5
DA:59,3
DA:62,17
DA:66,19
DA:67,4
DA:68,15
DA:69,5
DA:71,10
DA:76,7
DA:77,7
DA:78,7
DA:79,16
DA:83,7
DA:85,0
DA:88,0
DA:91,7
DA:93,7
DA:94,4
DA:98,7
DA:102,16
DA:103,3
DA:108,15
DA:111,15
DA:112,15
DA:113,30
DA:115,15
DA:116,0
DA:119,0
DA:120,0
DA:124,15
DA:125,1
DA:126,1
DA:127,1
DA:131,15
DA:132,2
DA:135,15
DA:136,15
DA:139,15
DA:141,15
DA:166,2
LF:66
LH:61
BRDA:17,0,0,8
BRDA:17,0,1,2
BRDA:22,1,0,2
BRDA:22,1,1,2
BRDA:35,2,0,2
BRDA:35,2,1,2
BRDA:37,3,0,2
BRDA:37,3,1,0
BRDA:50,4,0,17
BRDA:50,4,1,102
BRDA:58,5,0,3
BRDA:58,5,1,2
BRDA:66,6,0,4
BRDA:66,6,1,15
BRDA:68,7,0,5
BRDA:68,7,1,10
BRDA:83,8,0,0
BRDA:83,8,1,7
BRDA:85,9,0,0
BRDA:85,9,1,0
BRDA:85,10,0,0
BRDA:85,10,1,0
BRDA:91,11,0,7
BRDA:91,11,1,0
BRDA:93,12,0,4
BRDA:93,12,1,3
BRDA:111,13,0,15
BRDA:111,13,1,0
BRDA:124,14,0,1
BRDA:124,14,1,14
BRDA:131,15,0,2
BRDA:131,15,1,13
BRDA:135,16,0,15
BRDA:135,16,1,0
BRF:34
BRH:25
end_of_record
TN:
SF:/Users/alexanderrau/Desktop/Turing/Mod4/cross-pollination/mentor_match_frontend/src/components/NewStudentForm/index.js
FN:6,(anonymous_0)
FN:22,(anonymous_1)
FN:35,(anonymous_2)
FN:50,(anonymous_3)
FN:56,(anonymous_4)
FN:63,(anonymous_5)
FN:71,(anonymous_6)
FN:82,(anonymous_7)
FNF:8
FNH:8
FNDA:9,(anonymous_0)
FNDA:1,(anonymous_1)
FNDA:3,(anonymous_2)
FNDA:1,(anonymous_3)
FNDA:1,(anonymous_4)
FNDA:2,(anonymous_5)
FNDA:1,(anonymous_6)
FNDA:15,(anonymous_7)
DA:7,9
DA:9,9
DA:23,1
DA:24,1
DA:26,1
DA:27,0
DA:28,0
DA:31,1
DA:41,3
DA:43,3
DA:44,1
DA:46,2
DA:51,1
DA:53,1
DA:57,1
DA:58,1
DA:60,1
DA:64,2
DA:66,2
DA:67,1
DA:68,1
DA:70,1
DA:71,1
DA:73,1
DA:74,0
DA:76,1
DA:78,1
DA:93,15
DA:95,15
LF:29
LH:26
BRDA:26,0,0,0
BRDA:26,0,1,1
BRDA:43,1,0,1
BRDA:43,1,1,2
BRDA:43,2,0,3
BRDA:43,2,1,1
BRDA:43,2,2,1
BRDA:43,2,3,1
BRDA:66,3,0,1
BRDA:66,3,1,1
BRDA:70,4,0,1
BRDA:70,4,1,0
BRDA:73,5,0,0
BRDA:73,5,1,1
BRDA:279,6,0,1
BRDA:279,6,1,14
BRF:16
BRH:13
end_of_record
TN:
SF:/Users/alexanderrau/Desktop/Turing/Mod4/cross-pollination/mentor_match_frontend/src/components/PathError/index.js
FN:6,(anonymous_0)
FNF:1
FNH:1
FNDA:1,(anonymous_0)
DA:6,2
DA:8,1
LF:2
LH:2
BRF:0
BRH:0
end_of_record
TN:
SF:/Users/alexanderrau/Desktop/Turing/Mod4/cross-pollination/mentor_match_frontend/src/components/SuccessPage/index.js
FN:5,(anonymous_0)
FNF:1
FNH:1
FNDA:3,(anonymous_0)
DA:5,2
DA:6,3
DA:9,3
DA:10,2
DA:20,1
DA:21,1
DA:34,3
LF:7
LH:7
BRDA:9,0,0,2
BRDA:9,0,1,1
BRDA:20,1,0,1
BRDA:20,1,1,0
BRF:4
BRH:3
end_of_record
TN:
SF:/Users/alexanderrau/Desktop/Turing/Mod4/cross-pollination/mentor_match_frontend/src/containers/AdminDashboard/index.js
FN:13,(anonymous_0)
FN:16,(anonymous_1)
FN:18,(anonymous_2)
FN:34,(anonymous_3)
FN:39,(anonymous_4)
FN:41,(anonymous_5)
FN:46,(anonymous_6)
FN:50,(anonymous_7)
FN:58,(anonymous_8)
FN:68,(anonymous_9)
FN:84,(anonymous_10)
FN:87,(anonymous_11)
FN:154,(anonymous_12)
FN:158,(anonymous_13)
FN:166,(anonymous_14)
FN:177,(anonymous_15)
FN:180,(anonymous_16)
FN:184,(anonymous_17)
FN:191,(anonymous_18)
FN:289,(anonymous_19)
FNF:20
FNH:18
FNDA:3,(anonymous_0)
FNDA:6,(anonymous_1)
FNDA:18,(anonymous_2)
FNDA:4,(anonymous_3)
FNDA:2,(anonymous_4)
FNDA:2,(anonymous_5)
FNDA:25,(anonymous_6)
FNDA:175,(anonymous_7)
FNDA:7,(anonymous_8)
FNDA:23,(anonymous_9)
FNDA:7,(anonymous_10)
FNDA:17,(anonymous_11)
FNDA:23,(anonymous_12)
FNDA:0,(anonymous_13)
FNDA:23,(anonymous_14)
FNDA:44,(anonymous_15)
FNDA:0,(anonymous_16)
FNDA:2,(anonymous_17)
FNDA:1,(anonymous_18)
FNDA:1,(anonymous_19)
DA:14,3
DA:16,3
DA:17,6
DA:18,6
DA:20,18
DA:21,14
DA:23,18
DA:25,6
DA:26,2
DA:28,6
DA:31,3
DA:35,4
DA:38,4
DA:39,2
DA:40,2
DA:41,2
DA:43,4
DA:47,25
DA:48,25
DA:49,25
DA:50,25
DA:52,175
DA:53,25
DA:55,175
DA:58,25
DA:59,7
DA:61,7
DA:62,3
DA:65,25
DA:69,23
DA:70,4
DA:71,19
DA:72,1
DA:73,18
DA:74,1
DA:75,17
DA:76,4
DA:77,13
DA:78,5
DA:80,8
DA:85,7
DA:86,7
DA:87,7
DA:88,17
DA:92,7
DA:93,0
DA:94,7
DA:96,0
DA:103,0
DA:106,7
DA:108,0
DA:114,0
DA:117,7
DA:119,0
DA:124,0
DA:127,7
DA:129,0
DA:133,0
DA:136,7
DA:138,0
DA:141,0
DA:144,7
DA:146,7
DA:147,3
DA:151,7
DA:155,23
DA:157,23
DA:158,0
DA:159,0
DA:162,23
DA:167,23
DA:172,23
DA:173,1
DA:176,23
DA:177,22
DA:178,44
DA:180,22
DA:181,0
DA:184,1
DA:185,2
DA:189,23
DA:190,2
DA:191,2
DA:192,1
DA:196,23
DA:197,2
DA:200,23
DA:201,23
DA:204,23
DA:206,23
DA:289,2
LF:91
LH:77
BRDA:20,0,0,14
BRDA:20,0,1,4
BRDA:25,1,0,2
BRDA:25,1,1,4
BRDA:38,2,0,2
BRDA:38,2,1,2
BRDA:40,3,0,2
BRDA:40,3,1,0
BRDA:52,4,0,25
BRDA:52,4,1,150
BRDA:61,5,0,3
BRDA:61,5,1,4
BRDA:69,6,0,4
BRDA:69,6,1,19
BRDA:71,7,0,1
BRDA:71,7,1,18
BRDA:71,8,0,19
BRDA:71,8,1,19
BRDA:73,9,0,1
BRDA:73,9,1,17
BRDA:75,10,0,4
BRDA:75,10,1,13
BRDA:77,11,0,5
BRDA:77,11,1,8
BRDA:92,12,0,0
BRDA:92,12,1,7
BRDA:92,13,0,7
BRDA:92,13,1,0
BRDA:94,14,0,0
BRDA:94,14,1,7
BRDA:96,15,0,0
BRDA:96,15,1,0
BRDA:96,16,0,0
BRDA:96,16,1,0
BRDA:96,16,2,0
BRDA:96,16,3,0
BRDA:96,16,4,0
BRDA:96,16,5,0
BRDA:106,17,0,0
BRDA:106,17,1,7
BRDA:108,18,0,0
BRDA:108,18,1,0
BRDA:108,19,0,0
BRDA:108,19,1,0
BRDA:108,19,2,0
BRDA:108,19,3,0
BRDA:108,19,4,0
BRDA:117,20,0,0
BRDA:117,20,1,7
BRDA:119,21,0,0
BRDA:119,21,1,0
BRDA:119,22,0,0
BRDA:119,22,1,0
BRDA:119,22,2,0
BRDA:119,22,3,0
BRDA:127,23,0,0
BRDA:127,23,1,7
BRDA:129,24,0,0
BRDA:129,24,1,0
BRDA:129,25,0,0
BRDA:129,25,1,0
BRDA:129,25,2,0
BRDA:136,26,0,0
BRDA:136,26,1,7
BRDA:138,27,0,0
BRDA:138,27,1,0
BRDA:138,28,0,0
BRDA:138,28,1,0
BRDA:144,29,0,7
BRDA:144,29,1,0
BRDA:146,30,0,3
BRDA:146,30,1,4
BRDA:157,31,0,0
BRDA:157,31,1,23
BRDA:172,32,0,1
BRDA:172,32,1,22
BRDA:176,33,0,22
BRDA:176,33,1,1
BRDA:189,34,0,2
BRDA:189,34,1,21
BRDA:196,35,0,2
BRDA:196,35,1,21
BRDA:200,36,0,23
BRDA:200,36,1,0
BRF:84
BRH:43
end_of_record
TN:
SF:/Users/alexanderrau/Desktop/Turing/Mod4/cross-pollination/mentor_match_frontend/src/containers/AdminMentorCard/index.js
FN:8,(anonymous_0)
FN:14,(anonymous_1)
FN:16,(anonymous_2)
FN:35,(anonymous_3)
FN:62,(anonymous_4)
FN:63,(anonymous_5)
FNF:6
FNH:6
FNDA:1,(anonymous_0)
FNDA:3,(anonymous_1)
FNDA:3,(anonymous_2)
FNDA:3,(anonymous_3)
FNDA:1,(anonymous_4)
FNDA:1,(anonymous_5)
DA:9,1
DA:11,1
DA:15,3
DA:16,3
DA:17,3
DA:19,3
DA:20,0
DA:22,3
DA:23,3
DA:30,3
DA:32,3
DA:36,3
DA:37,3
DA:39,3
DA:62,3
DA:63,1
LF:16
LH:15
BRDA:19,0,0,0
BRDA:19,0,1,3
BRDA:22,1,0,3
BRDA:22,1,1,0
BRF:4
BRH:2
end_of_record
TN:
SF:/Users/alexanderrau/Desktop/Turing/Mod4/cross-pollination/mentor_match_frontend/src/containers/AdminMentorModal/index.js
FN:13,(anonymous_0)
FN:23,(anonymous_1)
FN:27,(anonymous_2)
FN:50,(anonymous_3)
FN:56,(anonymous_4)
FN:57,(anonymous_5)
FN:63,(anonymous_6)
FN:82,(anonymous_7)
FN:98,(anonymous_8)
FN:99,(anonymous_9)
FN:113,(anonymous_10)
FN:114,(anonymous_11)
FN:136,(anonymous_12)
FN:137,(anonymous_13)
FN:146,(anonymous_14)
FN:149,(anonymous_15)
FN:150,(anonymous_16)
FN:152,(anonymous_17)
FN:153,(anonymous_18)
FN:160,(anonymous_19)
FN:161,(anonymous_20)
FN:174,(anonymous_21)
FN:181,(anonymous_22)
FN:197,(anonymous_23)
FN:350,(anonymous_24)
FN:358,(anonymous_25)
FN:359,(anonymous_26)
FN:360,(anonymous_27)
FN:361,(anonymous_28)
FN:362,(anonymous_29)
FN:363,(anonymous_30)
FN:364,(anonymous_31)
FNF:32
FNH:19
FNDA:14,(anonymous_0)
FNDA:14,(anonymous_1)
FNDA:8,(anonymous_2)
FNDA:1,(anonymous_3)
FNDA:0,(anonymous_4)
FNDA:0,(anonymous_5)
FNDA:0,(anonymous_6)
FNDA:36,(anonymous_7)
FNDA:144,(anonymous_8)
FNDA:144,(anonymous_9)
FNDA:36,(anonymous_10)
FNDA:36,(anonymous_11)
FNDA:36,(anonymous_12)
FNDA:72,(anonymous_13)
FNDA:14,(anonymous_14)
FNDA:14,(anonymous_15)
FNDA:0,(anonymous_16)
FNDA:0,(anonymous_17)
FNDA:0,(anonymous_18)
FNDA:0,(anonymous_19)
FNDA:0,(anonymous_20)
FNDA:0,(anonymous_21)
FNDA:0,(anonymous_22)
FNDA:38,(anonymous_23)
FNDA:1,(anonymous_24)
FNDA:3,(anonymous_25)
FNDA:1,(anonymous_26)
FNDA:1,(anonymous_27)
FNDA:1,(anonymous_28)
FNDA:0,(anonymous_29)
FNDA:0,(anonymous_30)
FNDA:0,(anonymous_31)
DA:14,14
DA:16,14
DA:24,14
DA:28,8
DA:29,8
DA:31,8
DA:32,4
DA:33,4
DA:34,4
DA:35,4
DA:37,4
DA:38,3
DA:39,3
DA:40,3
DA:41,3
DA:43,1
DA:44,1
DA:45,1
DA:46,1
DA:51,1
DA:53,1
DA:57,0
DA:58,0
DA:60,0
DA:64,0
DA:65,0
DA:66,0
DA:67,0
DA:68,0
DA:70,0
DA:72,0
DA:73,0
DA:74,0
DA:75,0
DA:76,0
DA:77,0
DA:78,0
DA:79,0
DA:83,36
DA:85,36
DA:86,72
DA:95,36
DA:99,144
DA:100,144
DA:114,36
DA:117,36
DA:118,36
DA:119,36
DA:120,0
DA:123,36
DA:131,36
DA:133,36
DA:137,36
DA:139,72
DA:140,0
DA:142,72
DA:147,14
DA:148,14
DA:149,14
DA:150,14
DA:151,14
DA:152,14
DA:153,0
DA:154,0
DA:155,0
DA:159,14
DA:160,14
DA:161,0
DA:162,0
DA:174,0
DA:182,0
DA:183,0
DA:184,0
DA:185,0
DA:187,0
DA:189,0
DA:190,0
DA:191,0
DA:192,0
DA:193,0
DA:194,0
DA:198,38
DA:200,38
DA:201,36
DA:202,36
DA:203,36
DA:224,36
DA:226,36
DA:342,2
DA:343,2
DA:350,3
DA:358,3
DA:359,1
DA:360,1
DA:361,1
DA:362,0
DA:363,0
DA:364,0
LF:98
LH:59
BRDA:31,0,0,4
BRDA:31,0,1,4
BRDA:37,1,0,3
BRDA:37,1,1,1
BRDA:43,2,0,1
BRDA:43,2,1,0
BRDA:117,3,0,36
BRDA:117,3,1,0
BRDA:119,4,0,0
BRDA:119,4,1,36
BRDA:139,5,0,0
BRDA:139,5,1,72
BRDA:139,6,0,72
BRDA:139,6,1,0
BRDA:149,7,0,14
BRDA:149,7,1,0
BRDA:154,8,0,0
BRDA:154,8,1,0
BRDA:200,9,0,36
BRDA:200,9,1,2
BRDA:200,10,0,38
BRDA:200,10,1,38
BRDA:281,11,0,36
BRDA:281,11,1,36
BRDA:342,12,0,2
BRDA:342,12,1,0
BRDA:342,13,0,2
BRDA:342,13,1,2
BRF:28
BRH:19
end_of_record
TN:
SF:/Users/alexanderrau/Desktop/Turing/Mod4/cross-pollination/mentor_match_frontend/src/containers/AdminMentorSearch/index.js
FN:8,(anonymous_0)
FN:19,(anonymous_1)
FN:32,(anonymous_2)
FN:46,(anonymous_3)
FN:99,(anonymous_4)
FN:104,(anonymous_5)
FN:105,(anonymous_6)
FN:106,(anonymous_7)
FN:107,(anonymous_8)
FNF:9
FNH:9
FNDA:7,(anonymous_0)
FNDA:4,(anonymous_1)
FNDA:2,(anonymous_2)
FNDA:14,(anonymous_3)
FNDA:1,(anonymous_4)
FNDA:3,(anonymous_5)
FNDA:1,(anonymous_6)
FNDA:1,(anonymous_7)
FNDA:1,(anonymous_8)
DA:9,7
DA:11,7
DA:20,4
DA:21,4
DA:23,4
DA:25,4
DA:26,2
DA:27,2
DA:28,2
DA:33,2
DA:35,2
DA:36,1
DA:39,1
DA:40,1
DA:43,2
DA:47,14
DA:49,14
DA:99,3
DA:104,3
DA:105,1
DA:106,1
DA:107,1
LF:22
LH:22
BRDA:25,0,0,2
BRDA:25,0,1,2
BRDA:27,1,0,2
BRDA:27,1,1,0
BRDA:35,2,0,1
BRDA:35,2,1,1
BRDA:39,3,0,1
BRDA:39,3,1,0
BRDA:78,4,0,13
BRDA:78,4,1,1
BRDA:85,5,0,13
BRDA:85,5,1,1
BRF:12
BRH:10
end_of_record
TN:
SF:/Users/alexanderrau/Desktop/Turing/Mod4/cross-pollination/mentor_match_frontend/src/containers/AdminPreferences/index.js
FN:9,(anonymous_0)
FN:23,(anonymous_1)
FN:31,(anonymous_2)
FN:39,(anonymous_3)
FN:47,(anonymous_4)
FN:55,(anonymous_5)
FN:63,(anonymous_6)
FN:70,(anonymous_7)
FN:78,(anonymous_8)
FN:144,(anonymous_9)
FN:145,(anonymous_10)
FNF:11
FNH:11
FNDA:15,(anonymous_0)
FNDA:2,(anonymous_1)
FNDA:2,(anonymous_2)
FNDA:2,(anonymous_3)
FNDA:2,(anonymous_4)
FNDA:2,(anonymous_5)
FNDA:2,(anonymous_6)
FNDA:2,(anonymous_7)
FNDA:29,(anonymous_8)
FNDA:1,(anonymous_9)
FNDA:1,(anonymous_10)
DA:10,15
DA:12,15
DA:24,2
DA:25,2
DA:27,2
DA:28,2
DA:32,2
DA:33,2
DA:35,2
DA:36,2
DA:40,2
DA:41,2
DA:43,2
DA:44,2
DA:48,2
DA:49,2
DA:51,2
DA:52,2
DA:56,2
DA:57,2
DA:59,2
DA:60,2
DA:64,2
DA:65,2
DA:67,2
DA:68,2
DA:71,2
DA:72,2
DA:74,2
DA:75,2
DA:79,29
DA:81,29
DA:144,4
DA:145,1
LF:34
LH:34
BRDA:82,0,0,0
BRDA:82,0,1,29
BRF:2
BRH:1
end_of_record
TN:
SF:/Users/alexanderrau/Desktop/Turing/Mod4/cross-pollination/mentor_match_frontend/src/containers/AdminStudentCard/index.js
FN:6,(anonymous_0)
FN:7,(anonymous_1)
FN:26,(anonymous_2)
FNF:3
FNH:3
FNDA:1,(anonymous_0)
FNDA:1,(anonymous_1)
FNDA:1,(anonymous_2)
DA:7,1
DA:8,1
DA:10,1
DA:11,0
DA:13,1
DA:14,1
DA:21,1
DA:23,1
DA:27,1
DA:28,1
DA:30,1
LF:11
LH:10
BRDA:10,0,0,0
BRDA:10,0,1,1
BRDA:13,1,0,1
BRDA:13,1,1,0
BRF:4
BRH:2
end_of_record
TN:
SF:/Users/alexanderrau/Desktop/Turing/Mod4/cross-pollination/mentor_match_frontend/src/containers/EditableMentor/index.js
FN:9,(anonymous_0)
FN:37,(anonymous_1)
FN:87,(anonymous_2)
FN:95,(anonymous_3)
FN:101,(anonymous_4)
FN:107,(anonymous_5)
FN:114,(anonymous_6)
FN:122,(anonymous_7)
FN:133,(anonymous_8)
FN:143,(anonymous_9)
FN:677,(anonymous_10)
FN:678,(anonymous_11)
FN:679,(anonymous_12)
FN:680,(anonymous_13)
FNF:14
FNH:4
FNDA:1,(anonymous_0)
FNDA:1,(anonymous_1)
FNDA:0,(anonymous_2)
FNDA:0,(anonymous_3)
FNDA:0,(anonymous_4)
FNDA:0,(anonymous_5)
FNDA:0,(anonymous_6)
FNDA:0,(anonymous_7)
FNDA:82,(anonymous_8)
FNDA:2,(anonymous_9)
FNDA:0,(anonymous_10)
FNDA:0,(anonymous_11)
FNDA:0,(anonymous_12)
FNDA:0,(anonymous_13)
DA:10,1
DA:12,1
DA:60,1
DA:62,1
DA:88,0
DA:89,0
DA:90,0
DA:91,0
DA:92,0
DA:96,0
DA:98,0
DA:102,0
DA:104,0
DA:108,0
DA:109,0
DA:111,0
DA:115,0
DA:117,0
DA:118,0
DA:119,0
DA:121,0
DA:122,0
DA:124,0
DA:125,0
DA:127,0
DA:129,0
DA:134,82
DA:135,82
DA:136,3
DA:138,79
DA:164,2
DA:166,2
DA:677,4
DA:678,0
DA:679,0
DA:680,0
LF:36
LH:11
BRDA:117,0,0,0
BRDA:117,0,1,0
BRDA:121,1,0,0
BRDA:121,1,1,0
BRDA:124,2,0,0
BRDA:124,2,1,0
BRDA:134,3,0,82
BRDA:134,3,1,0
BRDA:135,4,0,3
BRDA:135,4,1,79
BRF:10
BRH:3
end_of_record
TN:
SF:/Users/alexanderrau/Desktop/Turing/Mod4/cross-pollination/mentor_match_frontend/src/containers/MentorCard/index.js
FN:10,(anonymous_0)
FNF:1
FNH:1
FNDA:1,(anonymous_0)
DA:11,1
DA:13,1
LF:2
LH:2
BRF:0
BRH:0
end_of_record
TN:
SF:/Users/alexanderrau/Desktop/Turing/Mod4/cross-pollination/mentor_match_frontend/src/containers/MentorProfile/index.js
FN:5,(anonymous_0)
FN:9,(anonymous_1)
FNF:2
FNH:2
FNDA:1,(anonymous_0)
FNDA:1,(anonymous_1)
DA:6,1
DA:10,1
LF:2
LH:2
BRF:0
BRH:0
end_of_record
TN:
SF:/Users/alexanderrau/Desktop/Turing/Mod4/cross-pollination/mentor_match_frontend/src/containers/NewMentorForm/index.js
FN:6,(anonymous_0)
FN:33,(anonymous_1)
FN:54,(anonymous_2)
FN:79,(anonymous_3)
FN:91,(anonymous_4)
FN:97,(anonymous_5)
FN:104,(anonymous_6)
FN:112,(anonymous_7)
FN:123,(anonymous_8)
FNF:9
FNH:9
FNDA:32,(anonymous_0)
FNDA:4,(anonymous_1)
FNDA:3,(anonymous_2)
FNDA:4,(anonymous_3)
FNDA:11,(anonymous_4)
FNDA:30,(anonymous_5)
FNDA:30,(anonymous_6)
FNDA:12,(anonymous_7)
FNDA:87,(anonymous_8)
DA:7,32
DA:9,32
DA:34,4
DA:35,4
DA:36,4
DA:38,4
DA:39,2
DA:40,1
DA:47,2
DA:48,2
DA:50,2
DA:63,3
DA:65,3
DA:73,2
DA:75,1
DA:80,4
DA:82,4
DA:84,4
DA:85,2
DA:86,2
DA:87,1
DA:92,11
DA:94,11
DA:98,30
DA:99,30
DA:101,30
DA:105,30
DA:107,30
DA:108,24
DA:109,24
DA:111,6
DA:112,6
DA:114,12
DA:115,6
DA:117,12
DA:119,6
DA:145,87
DA:147,87
LF:38
LH:38
BRDA:38,0,0,2
BRDA:38,0,1,2
BRDA:39,1,0,1
BRDA:39,1,1,1
BRDA:65,2,0,2
BRDA:65,2,1,1
BRDA:65,3,0,3
BRDA:65,3,1,2
BRDA:65,3,2,2
BRDA:65,3,3,2
BRDA:65,3,4,2
BRDA:65,3,5,2
BRDA:65,3,6,2
BRDA:65,3,7,2
BRDA:84,4,0,2
BRDA:84,4,1,2
BRDA:86,5,0,1
BRDA:86,5,1,1
BRDA:107,6,0,24
BRDA:107,6,1,6
BRDA:111,7,0,6
BRDA:111,7,1,0
BRDA:114,8,0,6
BRDA:114,8,1,6
BRDA:498,9,0,80
BRDA:498,9,1,7
BRDA:589,10,0,2
BRDA:589,10,1,85
BRF:28
BRH:27
end_of_record
TN:
SF:/Users/alexanderrau/Desktop/Turing/Mod4/cross-pollination/mentor_match_frontend/src/containers/Preferences/index.js
FN:9,(anonymous_0)
FN:18,(anonymous_1)
FN:26,(anonymous_2)
FN:34,(anonymous_3)
FN:60,(anonymous_4)
FN:61,(anonymous_5)
FNF:6
FNH:6
FNDA:5,(anonymous_0)
FNDA:2,(anonymous_1)
FNDA:2,(anonymous_2)
FNDA:9,(anonymous_3)
FNDA:1,(anonymous_4)
FNDA:1,(anonymous_5)
DA:10,5
DA:12,5
DA:19,2
DA:20,2
DA:22,2
DA:23,2
DA:27,2
DA:28,2
DA:30,2
DA:31,2
DA:35,9
DA:37,9
DA:60,4
DA:61,1
LF:14
LH:14
BRDA:38,0,0,0
BRDA:38,0,1,9
BRF:2
BRH:1
end_of_record
TN:
SF:/Users/alexanderrau/Desktop/Turing/Mod4/cross-pollination/mentor_match_frontend/src/containers/Search/index.js
FN:10,(anonymous_0)
FN:22,(anonymous_1)
FN:35,(anonymous_2)
FN:44,(anonymous_3)
FN:106,(anonymous_4)
FN:112,(anonymous_5)
FN:113,(anonymous_6)
FN:114,(anonymous_7)
FN:115,(anonymous_8)
FNF:9
FNH:8
FNDA:11,(anonymous_0)
FNDA:2,(anonymous_1)
FNDA:3,(anonymous_2)
FNDA:16,(anonymous_3)
FNDA:1,(anonymous_4)
FNDA:2,(anonymous_5)
FNDA:1,(anonymous_6)
FNDA:1,(anonymous_7)
FNDA:0,(anonymous_8)
DA:11,11
DA:13,11
DA:23,2
DA:24,2
DA:26,2
DA:28,2
DA:29,1
DA:30,1
DA:31,1
DA:36,3
DA:37,3
DA:39,3
DA:40,1
DA:45,16
DA:47,16
DA:106,3
DA:112,3
DA:113,1
DA:114,1
DA:115,0
LF:20
LH:19
BRDA:28,0,0,1
BRDA:28,0,1,1
BRDA:30,1,0,1
BRDA:30,1,1,0
BRDA:39,2,0,1
BRDA:39,2,1,2
BRDA:77,3,0,15
BRDA:77,3,1,1
BRDA:84,4,0,15
BRDA:84,4,1,1
BRDA:91,5,0,15
BRDA:91,5,1,1
BRDA:93,6,0,15
BRDA:93,6,1,1
BRF:14
BRH:13
end_of_record
TN:
SF:/Users/alexanderrau/Desktop/Turing/Mod4/cross-pollination/mentor_match_frontend/src/reducers/mentors-reducers.js
FN:1,(anonymous_0)
FN:9,(anonymous_1)
FN:22,(anonymous_2)
FN:36,(anonymous_3)
FN:46,(anonymous_4)
FN:57,(anonymous_5)
FNF:6
FNH:6
FNDA:3,(anonymous_0)
FNDA:2,(anonymous_1)
FNDA:3,(anonymous_2)
FNDA:2,(anonymous_3)
FNDA:2,(anonymous_4)
FNDA:2,(anonymous_5)
DA:1,1
DA:2,3
DA:5,1
DA:9,1
DA:10,2
DA:11,1
DA:13,1
DA:18,1
DA:22,1
DA:23,3
DA:26,1
DA:29,1
DA:32,1
DA:36,1
DA:37,2
DA:39,1
DA:42,1
DA:46,1
DA:47,2
DA:50,1
DA:53,1
DA:57,1
DA:58,2
DA:61,1
DA:64,1
LF:25
LH:25
BRDA:1,0,0,1
BRDA:2,1,0,1
BRDA:2,1,1,1
BRDA:2,1,2,1
BRDA:10,2,0,1
BRDA:10,2,1,1
BRDA:22,3,0,1
BRDA:23,4,0,1
BRDA:23,4,1,1
BRDA:23,4,2,1
BRDA:36,5,0,2
BRDA:37,6,0,1
BRDA:37,6,1,1
BRDA:46,7,0,1
BRDA:47,8,0,1
BRDA:47,8,1,1
BRDA:57,9,0,1
BRDA:58,10,0,1
BRDA:58,10,1,1
BRF:19
BRH:19
end_of_record
TN:
SF:/Users/alexanderrau/Desktop/Turing/Mod4/cross-pollination/mentor_match_frontend/src/reducers/preferences-reducers.js
FN:1,(anonymous_0)
FNF:1
FNH:1
FNDA:2,(anonymous_0)
DA:1,1
DA:2,2
DA:5,1
DA:8,1
LF:4
LH:4
BRDA:1,0,0,2
BRDA:2,1,0,1
BRDA:2,1,1,1
BRF:3
BRH:3
end_of_record
TN:
SF:/Users/alexanderrau/Desktop/Turing/Mod4/cross-pollination/mentor_match_frontend/src/reducers/search-reducers.js
FN:1,(anonymous_0)
FN:12,(anonymous_1)
FN:23,(anonymous_2)
FNF:3
FNH:3
FNDA:2,(anonymous_0)
FNDA:2,(anonymous_1)
FNDA:2,(anonymous_2)
DA:1,1
DA:2,2
DA:5,1
DA:8,1
DA:12,1
DA:13,2
DA:16,1
DA:19,1
DA:23,1
DA:24,2
DA:27,1
DA:30,1
LF:12
LH:12
BRDA:1,0,0,1
BRDA:2,1,0,1
BRDA:2,1,1,1
BRDA:12,2,0,1
BRDA:13,3,0,1
BRDA:13,3,1,1
BRDA:23,4,0,2
BRDA:24,5,0,1
BRDA:24,5,1,1
BRF:9
BRH:9
end_of_record
TN:
SF:/Users/alexanderrau/Desktop/Turing/Mod4/cross-pollination/mentor_match_frontend/src/reducers/students-reducers.js
FN:1,(anonymous_0)
FN:9,(anonymous_1)
FN:18,(anonymous_2)
FN:33,(anonymous_3)
FNF:4
FNH:4
FNDA:4,(anonymous_0)
FNDA:2,(anonymous_1)
FNDA:2,(anonymous_2)
FNDA:2,(anonymous_3)
DA:1,1
DA:2,4
DA:5,1
DA:9,1
DA:10,2
DA:11,1
DA:13,1
DA:18,1
DA:19,2
DA:20,1
DA:21,1
DA:22,1
DA:24,1
DA:29,1
DA:33,1
DA:34,2
DA:37,1
DA:40,1
LF:18
LH:18
BRDA:1,0,0,2
BRDA:2,1,0,1
BRDA:2,1,1,1
BRDA:2,1,2,1
BRDA:2,1,3,1
BRDA:10,2,0,1
BRDA:10,2,1,1
BRDA:19,3,0,1
BRDA:19,3,1,1
BRDA:33,4,0,2
BRDA:34,5,0,1
BRDA:34,5,1,1
BRF:12
BRH:12
end_of_record
TN:
SF:/Users/alexanderrau/Desktop/Turing/Mod4/cross-pollination/mentor_match_frontend/src/thunks/fetchMentors.js
FN:5,(anonymous_0)
FN:7,(anonymous_1)
FNF:2
FNH:2
FNDA:6,(anonymous_0)
FNDA:5,(anonymous_1)
DA:5,2
DA:7,6
DA:8,5
DA:9,5
DA:10,5
DA:12,3
DA:13,2
DA:14,2
DA:18,1
DA:19,1
LF:10
LH:10
BRDA:12,0,0,2
BRDA:12,0,1,1
BRF:2
BRH:2
end_of_record
TN:
SF:/Users/alexanderrau/Desktop/Turing/Mod4/cross-pollination/mentor_match_frontend/src/thunks/fetchRelationships.js
FN:5,(anonymous_0)
FN:7,(anonymous_1)
FNF:2
FNH:2
FNDA:6,(anonymous_0)
FNDA:5,(anonymous_1)
DA:5,4
DA:7,6
DA:8,5
DA:9,5
DA:10,5
DA:12,3
DA:13,2
DA:14,2
DA:18,1
DA:19,1
LF:10
LH:10
BRDA:12,0,0,2
BRDA:12,0,1,1
BRF:2
BRH:2
end_of_record
TN:
SF:/Users/alexanderrau/Desktop/Turing/Mod4/cross-pollination/mentor_match_frontend/src/thunks/fetchStudents.js
FN:5,(anonymous_0)
FN:7,(anonymous_1)
FNF:2
FNH:2
FNDA:6,(anonymous_0)
FNDA:5,(anonymous_1)
DA:5,2
DA:7,6
DA:8,5
DA:9,5
DA:10,5
DA:12,3
DA:13,2
DA:14,2
DA:18,1
DA:19,1
LF:10
LH:10
BRDA:12,0,0,2
BRDA:12,0,1,1
BRF:2
BRH:2
end_of_record
TN:
SF:/Users/alexanderrau/Desktop/Turing/Mod4/cross-pollination/mentor_match_frontend/src/utils/api.js
FN:3,(anonymous_0)
FN:10,(anonymous_1)
FN:23,(anonymous_2)
FN:34,(anonymous_3)
FN:41,(anonymous_4)
FN:53,(anonymous_5)
FN:64,(anonymous_6)
FN:71,(anonymous_7)
FN:86,(anonymous_8)
FNF:9
FNH:9
FNDA:3,(anonymous_0)
FNDA:1,(anonymous_1)
FNDA:1,(anonymous_2)
FNDA:3,(anonymous_3)
FNDA:1,(anonymous_4)
FNDA:1,(anonymous_5)
FNDA:3,(anonymous_6)
FNDA:1,(anonymous_7)
FNDA:1,(anonymous_8)
DA:3,8
DA:4,3
DA:5,3
DA:6,2
DA:7,2
DA:10,8
DA:11,1
DA:12,1
DA:18,1
DA:19,1
DA:20,1
DA:23,8
DA:24,1
DA:25,1
DA:30,1
DA:31,1
DA:34,8
DA:35,3
DA:36,3
DA:37,2
DA:38,2
DA:41,8
DA:42,1
DA:43,1
DA:49,1
DA:50,1
DA:53,8
DA:54,1
DA:55,1
DA:60,1
DA:61,1
DA:64,8
DA:65,3
DA:66,3
DA:67,2
DA:68,2
DA:71,8
DA:72,1
DA:73,1
DA:82,1
DA:83,1
DA:86,8
DA:87,1
DA:88,1
DA:97,1
DA:98,1
LF:46
LH:46
BRF:0
BRH:0
end_of_record
TN:
SF:/Users/alexanderrau/Desktop/Turing/Mod4/cross-pollination/mentor_match_frontend/src/utils/helper.js
FN:1,(anonymous_0)
FN:2,(anonymous_1)
FN:7,(anonymous_2)
FN:8,(anonymous_3)
FNF:4
FNH:4
FNDA:5,(anonymous_0)
FNDA:10,(anonymous_1)
FNDA:3,(anonymous_2)
FNDA:6,(anonymous_3)
DA:1,8
DA:2,5
DA:3,10
DA:7,8
DA:8,3
DA:9,6
LF:6
LH:6
BRF:0
BRH:0
end_of_record
